[I 03:31:27.884 NotebookApp] Serving notebooks from local directory: /jwkim/workspace/tf
[I 03:31:27.884 NotebookApp] Jupyter Notebook 6.2.0 is running at:
[I 03:31:27.884 NotebookApp] http://localhost:8888/?token=3dcec210751a4ccb15517fea2c6213a8bbaeebe9657ce232
[I 03:31:27.884 NotebookApp]  or http://127.0.0.1:8888/?token=3dcec210751a4ccb15517fea2c6213a8bbaeebe9657ce232
[I 03:31:27.884 NotebookApp] Use Control-C to stop this server and shut down all kernels (twice to skip confirmation).
[W 03:31:27.888 NotebookApp] No web browser found: could not locate runnable browser.
[C 03:31:27.888 NotebookApp] 
    
    To access the notebook, open this file in a browser:
        file:///root/.local/share/jupyter/runtime/nbserver-161-open.html
    Or copy and paste one of these URLs:
        http://localhost:8888/?token=3dcec210751a4ccb15517fea2c6213a8bbaeebe9657ce232
     or http://127.0.0.1:8888/?token=3dcec210751a4ccb15517fea2c6213a8bbaeebe9657ce232
[W 03:57:02.581 NotebookApp] Collisions detected in /root/.jupyter/jupyter_notebook_config.py and /root/.jupyter/jupyter_notebook_config.json config files. /root/.jupyter/jupyter_notebook_config.json has higher priority: {
      "NotebookApp": {
        "password": "'argon2:$argon2id$v=19$m=10240,t=10,p=8$5gs0MR5o+AzP60EmCFPazw$NxhdxDqJkKwvw8rsD8xzmw' ignored, using 'argon2:$argon2id$v=19$m=10240,t=10,p=8$Joj8IKNJri7humWz1Inypg$DSu9LiKY9+/1v19SEX7r+g'"
      }
    }
[I 03:57:02.801 NotebookApp] Serving notebooks from local directory: /jwkim
[I 03:57:02.801 NotebookApp] Jupyter Notebook 6.2.0 is running at:
[I 03:57:02.801 NotebookApp] http://238b9d04e989:8888/
[I 03:57:02.801 NotebookApp] Use Control-C to stop this server and shut down all kernels (twice to skip confirmation).
[I 03:57:09.357 NotebookApp] 302 GET / (172.17.0.1) 0.740000ms
[I 03:57:09.359 NotebookApp] 302 GET /tree? (172.17.0.1) 0.590000ms
[I 03:57:11.424 NotebookApp] 302 POST /login?next=%2Ftree%3F (172.17.0.1) 28.030000ms
[I 03:57:18.467 NotebookApp] Writing notebook-signing key to /root/.local/share/jupyter/notebook_secret
[W 03:57:18.468 NotebookApp] Notebook workspace/tf/Untitled.ipynb is not trusted
[I 03:57:18.548 NotebookApp] Kernel started: 53dc4237-5241-4c5f-ba1d-659be2bcf1af, name: python3
[I 03:57:19.110 NotebookApp] Adapting from protocol version 5.1 (kernel 53dc4237-5241-4c5f-ba1d-659be2bcf1af) to 5.3 (client).
2021-03-18 03:57:19.883596: I tensorflow/stream_executor/platform/default/dso_loader.cc:49] Successfully opened dynamic library libcudart.so.11.0
[I 03:59:18.988 NotebookApp] Saving file at /workspace/tf/Untitled.ipynb
[E 04:24:58.887 NotebookApp] Exception while loading config file /root/.jupyter/jupyter_notebook_config.py
    Traceback (most recent call last):
      File "/usr/local/lib/python3.6/dist-packages/traitlets/config/application.py", line 563, in _load_config_files
        config = loader.load_config()
      File "/usr/local/lib/python3.6/dist-packages/traitlets/config/loader.py", line 457, in load_config
        self._read_file_as_dict()
      File "/usr/local/lib/python3.6/dist-packages/traitlets/config/loader.py", line 489, in _read_file_as_dict
        py3compat.execfile(conf_filename, namespace)
      File "/usr/local/lib/python3.6/dist-packages/ipython_genutils/py3compat.py", line 198, in execfile
        exec(compiler(f.read(), fname, 'exec'), glob, loc)
      File "/root/.jupyter/jupyter_notebook_config.py", line 933
        c.NotebookApp.notebook_dir = '/jwkim
                                           ^
    SyntaxError: EOL while scanning string literal
[I 04:24:58.906 NotebookApp] Writing notebook server cookie secret to /root/.local/share/jupyter/runtime/notebook_cookie_secret
[I 04:24:59.112 NotebookApp] Serving notebooks from local directory: /jwkim/workspace/tf
[I 04:24:59.112 NotebookApp] Jupyter Notebook 6.2.0 is running at:
[I 04:24:59.112 NotebookApp] http://localhost:8888/?token=7addb1a42ed2b0c2bd2bc8be31407b45fe05611a57ec9f77
[I 04:24:59.112 NotebookApp]  or http://127.0.0.1:8888/?token=7addb1a42ed2b0c2bd2bc8be31407b45fe05611a57ec9f77
[I 04:24:59.112 NotebookApp] Use Control-C to stop this server and shut down all kernels (twice to skip confirmation).
[W 04:24:59.116 NotebookApp] No web browser found: could not locate runnable browser.
[C 04:24:59.116 NotebookApp] 
    
    To access the notebook, open this file in a browser:
        file:///root/.local/share/jupyter/runtime/nbserver-20-open.html
    Or copy and paste one of these URLs:
        http://localhost:8888/?token=7addb1a42ed2b0c2bd2bc8be31407b45fe05611a57ec9f77
     or http://127.0.0.1:8888/?token=7addb1a42ed2b0c2bd2bc8be31407b45fe05611a57ec9f77
[I 04:26:19.244 NotebookApp] Serving notebooks from local directory: /jwkim
[I 04:26:19.244 NotebookApp] Jupyter Notebook 6.2.0 is running at:
[I 04:26:19.244 NotebookApp] http://994932edf8c5:8888/
[I 04:26:19.244 NotebookApp] Use Control-C to stop this server and shut down all kernels (twice to skip confirmation).
[I 04:26:21.389 NotebookApp] 302 GET / (172.17.0.1) 1.310000ms
[W 04:26:21.394 NotebookApp] Clearing invalid/expired login cookie username-localhost-8888
[W 04:26:21.396 NotebookApp] Clearing invalid/expired login cookie username-localhost-8888
[I 04:26:21.397 NotebookApp] 302 GET /tree? (172.17.0.1) 3.920000ms
[W 04:26:24.030 NotebookApp] 401 POST /login?next=%2Ftree%3F (172.17.0.1) 4.360000ms referer=http://localhost:8888/login?next=%2Ftree%3F
[I 04:27:40.794 NotebookApp] Serving notebooks from local directory: /jwkim
[I 04:27:40.794 NotebookApp] Jupyter Notebook 6.2.0 is running at:
[I 04:27:40.794 NotebookApp] http://994932edf8c5:8888/
[I 04:27:40.794 NotebookApp] Use Control-C to stop this server and shut down all kernels (twice to skip confirmation).
[I 04:27:45.195 NotebookApp] 302 GET / (172.17.0.1) 0.820000ms
[I 04:27:45.197 NotebookApp] 302 GET /tree? (172.17.0.1) 0.630000ms
[I 04:27:47.076 NotebookApp] 302 POST /login?next=%2Ftree%3F (172.17.0.1) 70.820000ms
[I 04:27:52.426 NotebookApp] Writing notebook-signing key to /root/.local/share/jupyter/notebook_secret
[W 04:27:52.426 NotebookApp] Notebook workspace/tf/Untitled.ipynb is not trusted
[I 04:27:52.528 NotebookApp] Kernel started: 315e78b9-28a8-4dec-95f7-7207bd0d907f, name: python3
[I 04:27:53.149 NotebookApp] Adapting from protocol version 5.1 (kernel 315e78b9-28a8-4dec-95f7-7207bd0d907f) to 5.3 (client).
2021-03-18 04:27:54.200400: I tensorflow/stream_executor/platform/default/dso_loader.cc:49] Successfully opened dynamic library libcudart.so.11.0
[I 04:29:52.521 NotebookApp] Saving file at /workspace/tf/Untitled.ipynb
[I 05:38:11.532 NotebookApp] Serving notebooks from local directory: /jwkim
[I 05:38:11.532 NotebookApp] Jupyter Notebook 6.2.0 is running at:
[I 05:38:11.532 NotebookApp] http://b94d15949023:8888/
[I 05:38:11.532 NotebookApp] Use Control-C to stop this server and shut down all kernels (twice to skip confirmation).
[I 05:38:18.956 NotebookApp] 302 GET / (172.17.0.1) 0.810000ms
[I 05:38:18.959 NotebookApp] 302 GET /tree? (172.17.0.1) 0.790000ms
[I 05:38:21.044 NotebookApp] 302 POST /login?next=%2Ftree%3F (172.17.0.1) 29.210000ms
[I 05:38:27.973 NotebookApp] Writing notebook-signing key to /root/.local/share/jupyter/notebook_secret
[W 05:38:27.973 NotebookApp] Notebook workspace/tf/Untitled.ipynb is not trusted
[I 05:38:28.041 NotebookApp] Kernel started: 9a2c9376-149b-4f8e-8f67-bbe16a1b9ae3, name: python3
[I 05:38:28.574 NotebookApp] Adapting from protocol version 5.1 (kernel 9a2c9376-149b-4f8e-8f67-bbe16a1b9ae3) to 5.3 (client).
2021-03-18 05:38:29.582518: I tensorflow/stream_executor/platform/default/dso_loader.cc:49] Successfully opened dynamic library libcudart.so.11.0
2021-03-18 05:40:13.441357: I tensorflow/compiler/jit/xla_cpu_device.cc:41] Not creating XLA devices, tf_xla_enable_xla_devices not set
2021-03-18 05:40:13.442101: I tensorflow/stream_executor/platform/default/dso_loader.cc:49] Successfully opened dynamic library libcuda.so.1
2021-03-18 05:40:13.485387: I tensorflow/stream_executor/cuda/cuda_gpu_executor.cc:941] successful NUMA node read from SysFS had negative value (-1), but there must be at least one NUMA node, so returning NUMA node zero
2021-03-18 05:40:13.485735: I tensorflow/core/common_runtime/gpu/gpu_device.cc:1720] Found device 0 with properties: 
pciBusID: 0000:01:00.0 name: GeForce GTX 1070 computeCapability: 6.1
coreClock: 1.695GHz coreCount: 16 deviceMemorySize: 7.90GiB deviceMemoryBandwidth: 238.66GiB/s
2021-03-18 05:40:13.485767: I tensorflow/stream_executor/platform/default/dso_loader.cc:49] Successfully opened dynamic library libcudart.so.11.0
2021-03-18 05:40:13.487949: I tensorflow/stream_executor/platform/default/dso_loader.cc:49] Successfully opened dynamic library libcublas.so.11
2021-03-18 05:40:13.487985: I tensorflow/stream_executor/platform/default/dso_loader.cc:49] Successfully opened dynamic library libcublasLt.so.11
2021-03-18 05:40:13.488876: I tensorflow/stream_executor/platform/default/dso_loader.cc:49] Successfully opened dynamic library libcufft.so.10
2021-03-18 05:40:13.489059: I tensorflow/stream_executor/platform/default/dso_loader.cc:49] Successfully opened dynamic library libcurand.so.10
2021-03-18 05:40:13.491498: I tensorflow/stream_executor/platform/default/dso_loader.cc:49] Successfully opened dynamic library libcusolver.so.10
2021-03-18 05:40:13.492046: I tensorflow/stream_executor/platform/default/dso_loader.cc:49] Successfully opened dynamic library libcusparse.so.11
2021-03-18 05:40:13.492177: I tensorflow/stream_executor/platform/default/dso_loader.cc:49] Successfully opened dynamic library libcudnn.so.8
2021-03-18 05:40:13.492253: I tensorflow/stream_executor/cuda/cuda_gpu_executor.cc:941] successful NUMA node read from SysFS had negative value (-1), but there must be at least one NUMA node, so returning NUMA node zero
2021-03-18 05:40:13.492590: I tensorflow/stream_executor/cuda/cuda_gpu_executor.cc:941] successful NUMA node read from SysFS had negative value (-1), but there must be at least one NUMA node, so returning NUMA node zero
2021-03-18 05:40:13.492858: I tensorflow/core/common_runtime/gpu/gpu_device.cc:1862] Adding visible gpu devices: 0
2021-03-18 05:40:13.493282: I tensorflow/core/platform/cpu_feature_guard.cc:142] This TensorFlow binary is optimized with oneAPI Deep Neural Network Library (oneDNN) to use the following CPU instructions in performance-critical operations:  AVX2 FMA
To enable them in other operations, rebuild TensorFlow with the appropriate compiler flags.
2021-03-18 05:40:13.493682: I tensorflow/compiler/jit/xla_gpu_device.cc:99] Not creating XLA devices, tf_xla_enable_xla_devices not set
2021-03-18 05:40:13.493781: I tensorflow/stream_executor/cuda/cuda_gpu_executor.cc:941] successful NUMA node read from SysFS had negative value (-1), but there must be at least one NUMA node, so returning NUMA node zero
2021-03-18 05:40:13.494061: I tensorflow/core/common_runtime/gpu/gpu_device.cc:1720] Found device 0 with properties: 
pciBusID: 0000:01:00.0 name: GeForce GTX 1070 computeCapability: 6.1
coreClock: 1.695GHz coreCount: 16 deviceMemorySize: 7.90GiB deviceMemoryBandwidth: 238.66GiB/s
2021-03-18 05:40:13.494078: I tensorflow/stream_executor/platform/default/dso_loader.cc:49] Successfully opened dynamic library libcudart.so.11.0
2021-03-18 05:40:13.494090: I tensorflow/stream_executor/platform/default/dso_loader.cc:49] Successfully opened dynamic library libcublas.so.11
2021-03-18 05:40:13.494101: I tensorflow/stream_executor/platform/default/dso_loader.cc:49] Successfully opened dynamic library libcublasLt.so.11
2021-03-18 05:40:13.494111: I tensorflow/stream_executor/platform/default/dso_loader.cc:49] Successfully opened dynamic library libcufft.so.10
2021-03-18 05:40:13.494121: I tensorflow/stream_executor/platform/default/dso_loader.cc:49] Successfully opened dynamic library libcurand.so.10
2021-03-18 05:40:13.494131: I tensorflow/stream_executor/platform/default/dso_loader.cc:49] Successfully opened dynamic library libcusolver.so.10
2021-03-18 05:40:13.494141: I tensorflow/stream_executor/platform/default/dso_loader.cc:49] Successfully opened dynamic library libcusparse.so.11
2021-03-18 05:40:13.494151: I tensorflow/stream_executor/platform/default/dso_loader.cc:49] Successfully opened dynamic library libcudnn.so.8
2021-03-18 05:40:13.494201: I tensorflow/stream_executor/cuda/cuda_gpu_executor.cc:941] successful NUMA node read from SysFS had negative value (-1), but there must be at least one NUMA node, so returning NUMA node zero
2021-03-18 05:40:13.494496: I tensorflow/stream_executor/cuda/cuda_gpu_executor.cc:941] successful NUMA node read from SysFS had negative value (-1), but there must be at least one NUMA node, so returning NUMA node zero
2021-03-18 05:40:13.494758: I tensorflow/core/common_runtime/gpu/gpu_device.cc:1862] Adding visible gpu devices: 0
2021-03-18 05:40:13.494781: I tensorflow/stream_executor/platform/default/dso_loader.cc:49] Successfully opened dynamic library libcudart.so.11.0
2021-03-18 05:40:13.899003: I tensorflow/core/common_runtime/gpu/gpu_device.cc:1261] Device interconnect StreamExecutor with strength 1 edge matrix:
2021-03-18 05:40:13.899034: I tensorflow/core/common_runtime/gpu/gpu_device.cc:1267]      0 
2021-03-18 05:40:13.899041: I tensorflow/core/common_runtime/gpu/gpu_device.cc:1280] 0:   N 
2021-03-18 05:40:13.899186: I tensorflow/stream_executor/cuda/cuda_gpu_executor.cc:941] successful NUMA node read from SysFS had negative value (-1), but there must be at least one NUMA node, so returning NUMA node zero
2021-03-18 05:40:13.899496: I tensorflow/stream_executor/cuda/cuda_gpu_executor.cc:941] successful NUMA node read from SysFS had negative value (-1), but there must be at least one NUMA node, so returning NUMA node zero
2021-03-18 05:40:13.899778: I tensorflow/stream_executor/cuda/cuda_gpu_executor.cc:941] successful NUMA node read from SysFS had negative value (-1), but there must be at least one NUMA node, so returning NUMA node zero
2021-03-18 05:40:13.900210: I tensorflow/core/common_runtime/gpu/gpu_device.cc:1406] Created TensorFlow device (/job:localhost/replica:0/task:0/device:GPU:0 with 6395 MB memory) -> physical GPU (device: 0, name: GeForce GTX 1070, pci bus id: 0000:01:00.0, compute capability: 6.1)
[I 05:40:28.989 NotebookApp] Saving file at /workspace/tf/Untitled.ipynb
[IPKernelApp] ERROR | Exception in message handler:
Traceback (most recent call last):
  File "/usr/local/lib/python3.6/dist-packages/ipykernel/kernelbase.py", line 272, in dispatch_shell
    yield gen.maybe_future(handler(stream, idents, msg))
  File "/usr/local/lib/python3.6/dist-packages/tornado/gen.py", line 762, in run
    value = future.result()
  File "/usr/local/lib/python3.6/dist-packages/tornado/gen.py", line 234, in wrapper
    yielded = ctx_run(next, result)
  File "/usr/local/lib/python3.6/dist-packages/tornado/gen.py", line 162, in _fake_ctx_run
    return f(*args, **kw)
  File "/usr/local/lib/python3.6/dist-packages/ipykernel/kernelbase.py", line 580, in complete_request
    matches = yield gen.maybe_future(self.do_complete(code, cursor_pos))
  File "/usr/local/lib/python3.6/dist-packages/ipykernel/ipkernel.py", line 348, in do_complete
    return self._experimental_do_complete(code, cursor_pos)
  File "/usr/local/lib/python3.6/dist-packages/ipykernel/ipkernel.py", line 373, in _experimental_do_complete
    completions = list(_rectify_completions(code, raw_completions))
  File "/usr/local/lib/python3.6/dist-packages/IPython/core/completer.py", line 484, in rectify_completions
    completions = list(completions)
  File "/usr/local/lib/python3.6/dist-packages/IPython/core/completer.py", line 1818, in completions
    for c in self._completions(text, offset, _timeout=self.jedi_compute_type_timeout/1000):
  File "/usr/local/lib/python3.6/dist-packages/IPython/core/completer.py", line 1862, in _completions
    full_text=full_text, cursor_line=cursor_line, cursor_pos=cursor_column)
  File "/usr/local/lib/python3.6/dist-packages/IPython/core/completer.py", line 2030, in _complete
    cursor_pos, cursor_line, full_text)
  File "/usr/local/lib/python3.6/dist-packages/IPython/core/completer.py", line 1374, in _jedi_matches
    text[:offset], namespaces, column=cursor_column, line=cursor_line + 1)
  File "/usr/local/lib/python3.6/dist-packages/jedi/api/__init__.py", line 726, in __init__
    project=Project(Path.cwd()), **kwds)
TypeError: __init__() got an unexpected keyword argument 'column'
[IPKernelApp] ERROR | Exception in message handler:
Traceback (most recent call last):
  File "/usr/local/lib/python3.6/dist-packages/ipykernel/kernelbase.py", line 272, in dispatch_shell
    yield gen.maybe_future(handler(stream, idents, msg))
  File "/usr/local/lib/python3.6/dist-packages/tornado/gen.py", line 762, in run
    value = future.result()
  File "/usr/local/lib/python3.6/dist-packages/tornado/gen.py", line 234, in wrapper
    yielded = ctx_run(next, result)
  File "/usr/local/lib/python3.6/dist-packages/tornado/gen.py", line 162, in _fake_ctx_run
    return f(*args, **kw)
  File "/usr/local/lib/python3.6/dist-packages/ipykernel/kernelbase.py", line 580, in complete_request
    matches = yield gen.maybe_future(self.do_complete(code, cursor_pos))
  File "/usr/local/lib/python3.6/dist-packages/ipykernel/ipkernel.py", line 348, in do_complete
    return self._experimental_do_complete(code, cursor_pos)
  File "/usr/local/lib/python3.6/dist-packages/ipykernel/ipkernel.py", line 373, in _experimental_do_complete
    completions = list(_rectify_completions(code, raw_completions))
  File "/usr/local/lib/python3.6/dist-packages/IPython/core/completer.py", line 484, in rectify_completions
    completions = list(completions)
  File "/usr/local/lib/python3.6/dist-packages/IPython/core/completer.py", line 1818, in completions
    for c in self._completions(text, offset, _timeout=self.jedi_compute_type_timeout/1000):
  File "/usr/local/lib/python3.6/dist-packages/IPython/core/completer.py", line 1862, in _completions
    full_text=full_text, cursor_line=cursor_line, cursor_pos=cursor_column)
  File "/usr/local/lib/python3.6/dist-packages/IPython/core/completer.py", line 2030, in _complete
    cursor_pos, cursor_line, full_text)
  File "/usr/local/lib/python3.6/dist-packages/IPython/core/completer.py", line 1374, in _jedi_matches
    text[:offset], namespaces, column=cursor_column, line=cursor_line + 1)
  File "/usr/local/lib/python3.6/dist-packages/jedi/api/__init__.py", line 726, in __init__
    project=Project(Path.cwd()), **kwds)
TypeError: __init__() got an unexpected keyword argument 'column'
[IPKernelApp] ERROR | Exception in message handler:
Traceback (most recent call last):
  File "/usr/local/lib/python3.6/dist-packages/ipykernel/kernelbase.py", line 272, in dispatch_shell
    yield gen.maybe_future(handler(stream, idents, msg))
  File "/usr/local/lib/python3.6/dist-packages/tornado/gen.py", line 762, in run
    value = future.result()
  File "/usr/local/lib/python3.6/dist-packages/tornado/gen.py", line 234, in wrapper
    yielded = ctx_run(next, result)
  File "/usr/local/lib/python3.6/dist-packages/tornado/gen.py", line 162, in _fake_ctx_run
    return f(*args, **kw)
  File "/usr/local/lib/python3.6/dist-packages/ipykernel/kernelbase.py", line 580, in complete_request
    matches = yield gen.maybe_future(self.do_complete(code, cursor_pos))
  File "/usr/local/lib/python3.6/dist-packages/ipykernel/ipkernel.py", line 348, in do_complete
    return self._experimental_do_complete(code, cursor_pos)
  File "/usr/local/lib/python3.6/dist-packages/ipykernel/ipkernel.py", line 373, in _experimental_do_complete
    completions = list(_rectify_completions(code, raw_completions))
  File "/usr/local/lib/python3.6/dist-packages/IPython/core/completer.py", line 484, in rectify_completions
    completions = list(completions)
  File "/usr/local/lib/python3.6/dist-packages/IPython/core/completer.py", line 1818, in completions
    for c in self._completions(text, offset, _timeout=self.jedi_compute_type_timeout/1000):
  File "/usr/local/lib/python3.6/dist-packages/IPython/core/completer.py", line 1862, in _completions
    full_text=full_text, cursor_line=cursor_line, cursor_pos=cursor_column)
  File "/usr/local/lib/python3.6/dist-packages/IPython/core/completer.py", line 2030, in _complete
    cursor_pos, cursor_line, full_text)
  File "/usr/local/lib/python3.6/dist-packages/IPython/core/completer.py", line 1374, in _jedi_matches
    text[:offset], namespaces, column=cursor_column, line=cursor_line + 1)
  File "/usr/local/lib/python3.6/dist-packages/jedi/api/__init__.py", line 726, in __init__
    project=Project(Path.cwd()), **kwds)
TypeError: __init__() got an unexpected keyword argument 'column'
[IPKernelApp] ERROR | Exception in message handler:
Traceback (most recent call last):
  File "/usr/local/lib/python3.6/dist-packages/ipykernel/kernelbase.py", line 272, in dispatch_shell
    yield gen.maybe_future(handler(stream, idents, msg))
  File "/usr/local/lib/python3.6/dist-packages/tornado/gen.py", line 762, in run
    value = future.result()
  File "/usr/local/lib/python3.6/dist-packages/tornado/gen.py", line 234, in wrapper
    yielded = ctx_run(next, result)
  File "/usr/local/lib/python3.6/dist-packages/tornado/gen.py", line 162, in _fake_ctx_run
    return f(*args, **kw)
  File "/usr/local/lib/python3.6/dist-packages/ipykernel/kernelbase.py", line 580, in complete_request
    matches = yield gen.maybe_future(self.do_complete(code, cursor_pos))
  File "/usr/local/lib/python3.6/dist-packages/ipykernel/ipkernel.py", line 348, in do_complete
    return self._experimental_do_complete(code, cursor_pos)
  File "/usr/local/lib/python3.6/dist-packages/ipykernel/ipkernel.py", line 373, in _experimental_do_complete
    completions = list(_rectify_completions(code, raw_completions))
  File "/usr/local/lib/python3.6/dist-packages/IPython/core/completer.py", line 484, in rectify_completions
    completions = list(completions)
  File "/usr/local/lib/python3.6/dist-packages/IPython/core/completer.py", line 1818, in completions
    for c in self._completions(text, offset, _timeout=self.jedi_compute_type_timeout/1000):
  File "/usr/local/lib/python3.6/dist-packages/IPython/core/completer.py", line 1862, in _completions
    full_text=full_text, cursor_line=cursor_line, cursor_pos=cursor_column)
  File "/usr/local/lib/python3.6/dist-packages/IPython/core/completer.py", line 2030, in _complete
    cursor_pos, cursor_line, full_text)
  File "/usr/local/lib/python3.6/dist-packages/IPython/core/completer.py", line 1374, in _jedi_matches
    text[:offset], namespaces, column=cursor_column, line=cursor_line + 1)
  File "/usr/local/lib/python3.6/dist-packages/jedi/api/__init__.py", line 726, in __init__
    project=Project(Path.cwd()), **kwds)
TypeError: __init__() got an unexpected keyword argument 'column'
[IPKernelApp] ERROR | Exception in message handler:
Traceback (most recent call last):
  File "/usr/local/lib/python3.6/dist-packages/ipykernel/kernelbase.py", line 272, in dispatch_shell
    yield gen.maybe_future(handler(stream, idents, msg))
  File "/usr/local/lib/python3.6/dist-packages/tornado/gen.py", line 762, in run
    value = future.result()
  File "/usr/local/lib/python3.6/dist-packages/tornado/gen.py", line 234, in wrapper
    yielded = ctx_run(next, result)
  File "/usr/local/lib/python3.6/dist-packages/tornado/gen.py", line 162, in _fake_ctx_run
    return f(*args, **kw)
  File "/usr/local/lib/python3.6/dist-packages/ipykernel/kernelbase.py", line 580, in complete_request
    matches = yield gen.maybe_future(self.do_complete(code, cursor_pos))
  File "/usr/local/lib/python3.6/dist-packages/ipykernel/ipkernel.py", line 348, in do_complete
    return self._experimental_do_complete(code, cursor_pos)
  File "/usr/local/lib/python3.6/dist-packages/ipykernel/ipkernel.py", line 373, in _experimental_do_complete
    completions = list(_rectify_completions(code, raw_completions))
  File "/usr/local/lib/python3.6/dist-packages/IPython/core/completer.py", line 484, in rectify_completions
    completions = list(completions)
  File "/usr/local/lib/python3.6/dist-packages/IPython/core/completer.py", line 1818, in completions
    for c in self._completions(text, offset, _timeout=self.jedi_compute_type_timeout/1000):
  File "/usr/local/lib/python3.6/dist-packages/IPython/core/completer.py", line 1862, in _completions
    full_text=full_text, cursor_line=cursor_line, cursor_pos=cursor_column)
  File "/usr/local/lib/python3.6/dist-packages/IPython/core/completer.py", line 2030, in _complete
    cursor_pos, cursor_line, full_text)
  File "/usr/local/lib/python3.6/dist-packages/IPython/core/completer.py", line 1374, in _jedi_matches
    text[:offset], namespaces, column=cursor_column, line=cursor_line + 1)
  File "/usr/local/lib/python3.6/dist-packages/jedi/api/__init__.py", line 726, in __init__
    project=Project(Path.cwd()), **kwds)
TypeError: __init__() got an unexpected keyword argument 'column'
[IPKernelApp] ERROR | Exception in message handler:
Traceback (most recent call last):
  File "/usr/local/lib/python3.6/dist-packages/ipykernel/kernelbase.py", line 272, in dispatch_shell
    yield gen.maybe_future(handler(stream, idents, msg))
  File "/usr/local/lib/python3.6/dist-packages/tornado/gen.py", line 762, in run
    value = future.result()
  File "/usr/local/lib/python3.6/dist-packages/tornado/gen.py", line 234, in wrapper
    yielded = ctx_run(next, result)
  File "/usr/local/lib/python3.6/dist-packages/tornado/gen.py", line 162, in _fake_ctx_run
    return f(*args, **kw)
  File "/usr/local/lib/python3.6/dist-packages/ipykernel/kernelbase.py", line 580, in complete_request
    matches = yield gen.maybe_future(self.do_complete(code, cursor_pos))
  File "/usr/local/lib/python3.6/dist-packages/ipykernel/ipkernel.py", line 348, in do_complete
    return self._experimental_do_complete(code, cursor_pos)
  File "/usr/local/lib/python3.6/dist-packages/ipykernel/ipkernel.py", line 373, in _experimental_do_complete
    completions = list(_rectify_completions(code, raw_completions))
  File "/usr/local/lib/python3.6/dist-packages/IPython/core/completer.py", line 484, in rectify_completions
    completions = list(completions)
  File "/usr/local/lib/python3.6/dist-packages/IPython/core/completer.py", line 1818, in completions
    for c in self._completions(text, offset, _timeout=self.jedi_compute_type_timeout/1000):
  File "/usr/local/lib/python3.6/dist-packages/IPython/core/completer.py", line 1862, in _completions
    full_text=full_text, cursor_line=cursor_line, cursor_pos=cursor_column)
  File "/usr/local/lib/python3.6/dist-packages/IPython/core/completer.py", line 2030, in _complete
    cursor_pos, cursor_line, full_text)
  File "/usr/local/lib/python3.6/dist-packages/IPython/core/completer.py", line 1374, in _jedi_matches
    text[:offset], namespaces, column=cursor_column, line=cursor_line + 1)
  File "/usr/local/lib/python3.6/dist-packages/jedi/api/__init__.py", line 726, in __init__
    project=Project(Path.cwd()), **kwds)
TypeError: __init__() got an unexpected keyword argument 'column'
[IPKernelApp] ERROR | Exception in message handler:
Traceback (most recent call last):
  File "/usr/local/lib/python3.6/dist-packages/ipykernel/kernelbase.py", line 272, in dispatch_shell
    yield gen.maybe_future(handler(stream, idents, msg))
  File "/usr/local/lib/python3.6/dist-packages/tornado/gen.py", line 762, in run
    value = future.result()
  File "/usr/local/lib/python3.6/dist-packages/tornado/gen.py", line 234, in wrapper
    yielded = ctx_run(next, result)
  File "/usr/local/lib/python3.6/dist-packages/tornado/gen.py", line 162, in _fake_ctx_run
    return f(*args, **kw)
  File "/usr/local/lib/python3.6/dist-packages/ipykernel/kernelbase.py", line 580, in complete_request
    matches = yield gen.maybe_future(self.do_complete(code, cursor_pos))
  File "/usr/local/lib/python3.6/dist-packages/ipykernel/ipkernel.py", line 348, in do_complete
    return self._experimental_do_complete(code, cursor_pos)
  File "/usr/local/lib/python3.6/dist-packages/ipykernel/ipkernel.py", line 373, in _experimental_do_complete
    completions = list(_rectify_completions(code, raw_completions))
  File "/usr/local/lib/python3.6/dist-packages/IPython/core/completer.py", line 484, in rectify_completions
    completions = list(completions)
  File "/usr/local/lib/python3.6/dist-packages/IPython/core/completer.py", line 1818, in completions
    for c in self._completions(text, offset, _timeout=self.jedi_compute_type_timeout/1000):
  File "/usr/local/lib/python3.6/dist-packages/IPython/core/completer.py", line 1862, in _completions
    full_text=full_text, cursor_line=cursor_line, cursor_pos=cursor_column)
  File "/usr/local/lib/python3.6/dist-packages/IPython/core/completer.py", line 2030, in _complete
    cursor_pos, cursor_line, full_text)
  File "/usr/local/lib/python3.6/dist-packages/IPython/core/completer.py", line 1374, in _jedi_matches
    text[:offset], namespaces, column=cursor_column, line=cursor_line + 1)
  File "/usr/local/lib/python3.6/dist-packages/jedi/api/__init__.py", line 726, in __init__
    project=Project(Path.cwd()), **kwds)
TypeError: __init__() got an unexpected keyword argument 'column'
[IPKernelApp] ERROR | Exception in message handler:
Traceback (most recent call last):
  File "/usr/local/lib/python3.6/dist-packages/ipykernel/kernelbase.py", line 272, in dispatch_shell
    yield gen.maybe_future(handler(stream, idents, msg))
  File "/usr/local/lib/python3.6/dist-packages/tornado/gen.py", line 762, in run
    value = future.result()
  File "/usr/local/lib/python3.6/dist-packages/tornado/gen.py", line 234, in wrapper
    yielded = ctx_run(next, result)
  File "/usr/local/lib/python3.6/dist-packages/tornado/gen.py", line 162, in _fake_ctx_run
    return f(*args, **kw)
  File "/usr/local/lib/python3.6/dist-packages/ipykernel/kernelbase.py", line 580, in complete_request
    matches = yield gen.maybe_future(self.do_complete(code, cursor_pos))
  File "/usr/local/lib/python3.6/dist-packages/ipykernel/ipkernel.py", line 348, in do_complete
    return self._experimental_do_complete(code, cursor_pos)
  File "/usr/local/lib/python3.6/dist-packages/ipykernel/ipkernel.py", line 373, in _experimental_do_complete
    completions = list(_rectify_completions(code, raw_completions))
  File "/usr/local/lib/python3.6/dist-packages/IPython/core/completer.py", line 484, in rectify_completions
    completions = list(completions)
  File "/usr/local/lib/python3.6/dist-packages/IPython/core/completer.py", line 1818, in completions
    for c in self._completions(text, offset, _timeout=self.jedi_compute_type_timeout/1000):
  File "/usr/local/lib/python3.6/dist-packages/IPython/core/completer.py", line 1862, in _completions
    full_text=full_text, cursor_line=cursor_line, cursor_pos=cursor_column)
  File "/usr/local/lib/python3.6/dist-packages/IPython/core/completer.py", line 2030, in _complete
    cursor_pos, cursor_line, full_text)
  File "/usr/local/lib/python3.6/dist-packages/IPython/core/completer.py", line 1374, in _jedi_matches
    text[:offset], namespaces, column=cursor_column, line=cursor_line + 1)
  File "/usr/local/lib/python3.6/dist-packages/jedi/api/__init__.py", line 726, in __init__
    project=Project(Path.cwd()), **kwds)
TypeError: __init__() got an unexpected keyword argument 'column'
[IPKernelApp] ERROR | Exception in message handler:
Traceback (most recent call last):
  File "/usr/local/lib/python3.6/dist-packages/ipykernel/kernelbase.py", line 272, in dispatch_shell
    yield gen.maybe_future(handler(stream, idents, msg))
  File "/usr/local/lib/python3.6/dist-packages/tornado/gen.py", line 762, in run
    value = future.result()
  File "/usr/local/lib/python3.6/dist-packages/tornado/gen.py", line 234, in wrapper
    yielded = ctx_run(next, result)
  File "/usr/local/lib/python3.6/dist-packages/tornado/gen.py", line 162, in _fake_ctx_run
    return f(*args, **kw)
  File "/usr/local/lib/python3.6/dist-packages/ipykernel/kernelbase.py", line 580, in complete_request
    matches = yield gen.maybe_future(self.do_complete(code, cursor_pos))
  File "/usr/local/lib/python3.6/dist-packages/ipykernel/ipkernel.py", line 348, in do_complete
    return self._experimental_do_complete(code, cursor_pos)
  File "/usr/local/lib/python3.6/dist-packages/ipykernel/ipkernel.py", line 373, in _experimental_do_complete
    completions = list(_rectify_completions(code, raw_completions))
  File "/usr/local/lib/python3.6/dist-packages/IPython/core/completer.py", line 484, in rectify_completions
    completions = list(completions)
  File "/usr/local/lib/python3.6/dist-packages/IPython/core/completer.py", line 1818, in completions
    for c in self._completions(text, offset, _timeout=self.jedi_compute_type_timeout/1000):
  File "/usr/local/lib/python3.6/dist-packages/IPython/core/completer.py", line 1862, in _completions
    full_text=full_text, cursor_line=cursor_line, cursor_pos=cursor_column)
  File "/usr/local/lib/python3.6/dist-packages/IPython/core/completer.py", line 2030, in _complete
    cursor_pos, cursor_line, full_text)
  File "/usr/local/lib/python3.6/dist-packages/IPython/core/completer.py", line 1374, in _jedi_matches
    text[:offset], namespaces, column=cursor_column, line=cursor_line + 1)
  File "/usr/local/lib/python3.6/dist-packages/jedi/api/__init__.py", line 726, in __init__
    project=Project(Path.cwd()), **kwds)
TypeError: __init__() got an unexpected keyword argument 'column'
[I 05:42:02.705 NotebookApp] Saving file at /workspace/tf/Untitled.ipynb
[I 05:42:03.654 NotebookApp] Starting buffering for 9a2c9376-149b-4f8e-8f67-bbe16a1b9ae3:b9ac2d104dbe4111bd2665e6afe47826
[W 05:42:06.063 NotebookApp] Notebook workspace/tf/Untitled.ipynb is not trusted
[I 05:42:06.178 NotebookApp] Adapting from protocol version 5.1 (kernel 9a2c9376-149b-4f8e-8f67-bbe16a1b9ae3) to 5.3 (client).
[IPKernelApp] ERROR | Exception in message handler:
Traceback (most recent call last):
  File "/usr/local/lib/python3.6/dist-packages/ipykernel/kernelbase.py", line 272, in dispatch_shell
    yield gen.maybe_future(handler(stream, idents, msg))
  File "/usr/local/lib/python3.6/dist-packages/tornado/gen.py", line 762, in run
    value = future.result()
  File "/usr/local/lib/python3.6/dist-packages/tornado/gen.py", line 234, in wrapper
    yielded = ctx_run(next, result)
  File "/usr/local/lib/python3.6/dist-packages/tornado/gen.py", line 162, in _fake_ctx_run
    return f(*args, **kw)
  File "/usr/local/lib/python3.6/dist-packages/ipykernel/kernelbase.py", line 580, in complete_request
    matches = yield gen.maybe_future(self.do_complete(code, cursor_pos))
  File "/usr/local/lib/python3.6/dist-packages/ipykernel/ipkernel.py", line 348, in do_complete
    return self._experimental_do_complete(code, cursor_pos)
  File "/usr/local/lib/python3.6/dist-packages/ipykernel/ipkernel.py", line 373, in _experimental_do_complete
    completions = list(_rectify_completions(code, raw_completions))
  File "/usr/local/lib/python3.6/dist-packages/IPython/core/completer.py", line 484, in rectify_completions
    completions = list(completions)
  File "/usr/local/lib/python3.6/dist-packages/IPython/core/completer.py", line 1818, in completions
    for c in self._completions(text, offset, _timeout=self.jedi_compute_type_timeout/1000):
  File "/usr/local/lib/python3.6/dist-packages/IPython/core/completer.py", line 1862, in _completions
    full_text=full_text, cursor_line=cursor_line, cursor_pos=cursor_column)
  File "/usr/local/lib/python3.6/dist-packages/IPython/core/completer.py", line 2030, in _complete
    cursor_pos, cursor_line, full_text)
  File "/usr/local/lib/python3.6/dist-packages/IPython/core/completer.py", line 1374, in _jedi_matches
    text[:offset], namespaces, column=cursor_column, line=cursor_line + 1)
  File "/usr/local/lib/python3.6/dist-packages/jedi/api/__init__.py", line 726, in __init__
TypeError: __init__() got an unexpected keyword argument 'column'
[IPKernelApp] ERROR | Exception in message handler:
Traceback (most recent call last):
  File "/usr/local/lib/python3.6/dist-packages/ipykernel/kernelbase.py", line 272, in dispatch_shell
    yield gen.maybe_future(handler(stream, idents, msg))
  File "/usr/local/lib/python3.6/dist-packages/tornado/gen.py", line 762, in run
    value = future.result()
  File "/usr/local/lib/python3.6/dist-packages/tornado/gen.py", line 234, in wrapper
    yielded = ctx_run(next, result)
  File "/usr/local/lib/python3.6/dist-packages/tornado/gen.py", line 162, in _fake_ctx_run
    return f(*args, **kw)
  File "/usr/local/lib/python3.6/dist-packages/ipykernel/kernelbase.py", line 580, in complete_request
    matches = yield gen.maybe_future(self.do_complete(code, cursor_pos))
  File "/usr/local/lib/python3.6/dist-packages/ipykernel/ipkernel.py", line 348, in do_complete
    return self._experimental_do_complete(code, cursor_pos)
  File "/usr/local/lib/python3.6/dist-packages/ipykernel/ipkernel.py", line 373, in _experimental_do_complete
    completions = list(_rectify_completions(code, raw_completions))
  File "/usr/local/lib/python3.6/dist-packages/IPython/core/completer.py", line 484, in rectify_completions
    completions = list(completions)
  File "/usr/local/lib/python3.6/dist-packages/IPython/core/completer.py", line 1818, in completions
    for c in self._completions(text, offset, _timeout=self.jedi_compute_type_timeout/1000):
  File "/usr/local/lib/python3.6/dist-packages/IPython/core/completer.py", line 1862, in _completions
    full_text=full_text, cursor_line=cursor_line, cursor_pos=cursor_column)
  File "/usr/local/lib/python3.6/dist-packages/IPython/core/completer.py", line 2030, in _complete
    cursor_pos, cursor_line, full_text)
  File "/usr/local/lib/python3.6/dist-packages/IPython/core/completer.py", line 1374, in _jedi_matches
    text[:offset], namespaces, column=cursor_column, line=cursor_line + 1)
  File "/usr/local/lib/python3.6/dist-packages/jedi/api/__init__.py", line 726, in __init__
TypeError: __init__() got an unexpected keyword argument 'column'
[IPKernelApp] ERROR | Exception in message handler:
Traceback (most recent call last):
  File "/usr/local/lib/python3.6/dist-packages/ipykernel/kernelbase.py", line 272, in dispatch_shell
    yield gen.maybe_future(handler(stream, idents, msg))
  File "/usr/local/lib/python3.6/dist-packages/tornado/gen.py", line 762, in run
    value = future.result()
  File "/usr/local/lib/python3.6/dist-packages/tornado/gen.py", line 234, in wrapper
    yielded = ctx_run(next, result)
  File "/usr/local/lib/python3.6/dist-packages/tornado/gen.py", line 162, in _fake_ctx_run
    return f(*args, **kw)
  File "/usr/local/lib/python3.6/dist-packages/ipykernel/kernelbase.py", line 580, in complete_request
    matches = yield gen.maybe_future(self.do_complete(code, cursor_pos))
  File "/usr/local/lib/python3.6/dist-packages/ipykernel/ipkernel.py", line 348, in do_complete
    return self._experimental_do_complete(code, cursor_pos)
  File "/usr/local/lib/python3.6/dist-packages/ipykernel/ipkernel.py", line 373, in _experimental_do_complete
    completions = list(_rectify_completions(code, raw_completions))
  File "/usr/local/lib/python3.6/dist-packages/IPython/core/completer.py", line 484, in rectify_completions
    completions = list(completions)
  File "/usr/local/lib/python3.6/dist-packages/IPython/core/completer.py", line 1818, in completions
    for c in self._completions(text, offset, _timeout=self.jedi_compute_type_timeout/1000):
  File "/usr/local/lib/python3.6/dist-packages/IPython/core/completer.py", line 1862, in _completions
    full_text=full_text, cursor_line=cursor_line, cursor_pos=cursor_column)
  File "/usr/local/lib/python3.6/dist-packages/IPython/core/completer.py", line 2030, in _complete
    cursor_pos, cursor_line, full_text)
  File "/usr/local/lib/python3.6/dist-packages/IPython/core/completer.py", line 1374, in _jedi_matches
    text[:offset], namespaces, column=cursor_column, line=cursor_line + 1)
  File "/usr/local/lib/python3.6/dist-packages/jedi/api/__init__.py", line 726, in __init__
TypeError: __init__() got an unexpected keyword argument 'column'
[IPKernelApp] ERROR | Exception in message handler:
Traceback (most recent call last):
  File "/usr/local/lib/python3.6/dist-packages/ipykernel/kernelbase.py", line 272, in dispatch_shell
    yield gen.maybe_future(handler(stream, idents, msg))
  File "/usr/local/lib/python3.6/dist-packages/tornado/gen.py", line 762, in run
    value = future.result()
  File "/usr/local/lib/python3.6/dist-packages/tornado/gen.py", line 234, in wrapper
    yielded = ctx_run(next, result)
  File "/usr/local/lib/python3.6/dist-packages/tornado/gen.py", line 162, in _fake_ctx_run
    return f(*args, **kw)
  File "/usr/local/lib/python3.6/dist-packages/ipykernel/kernelbase.py", line 580, in complete_request
    matches = yield gen.maybe_future(self.do_complete(code, cursor_pos))
  File "/usr/local/lib/python3.6/dist-packages/ipykernel/ipkernel.py", line 348, in do_complete
    return self._experimental_do_complete(code, cursor_pos)
  File "/usr/local/lib/python3.6/dist-packages/ipykernel/ipkernel.py", line 373, in _experimental_do_complete
    completions = list(_rectify_completions(code, raw_completions))
  File "/usr/local/lib/python3.6/dist-packages/IPython/core/completer.py", line 484, in rectify_completions
    completions = list(completions)
  File "/usr/local/lib/python3.6/dist-packages/IPython/core/completer.py", line 1818, in completions
    for c in self._completions(text, offset, _timeout=self.jedi_compute_type_timeout/1000):
  File "/usr/local/lib/python3.6/dist-packages/IPython/core/completer.py", line 1862, in _completions
    full_text=full_text, cursor_line=cursor_line, cursor_pos=cursor_column)
  File "/usr/local/lib/python3.6/dist-packages/IPython/core/completer.py", line 2030, in _complete
    cursor_pos, cursor_line, full_text)
  File "/usr/local/lib/python3.6/dist-packages/IPython/core/completer.py", line 1374, in _jedi_matches
    text[:offset], namespaces, column=cursor_column, line=cursor_line + 1)
  File "/usr/local/lib/python3.6/dist-packages/jedi/api/__init__.py", line 726, in __init__
TypeError: __init__() got an unexpected keyword argument 'column'
[IPKernelApp] ERROR | Exception in message handler:
Traceback (most recent call last):
  File "/usr/local/lib/python3.6/dist-packages/ipykernel/kernelbase.py", line 272, in dispatch_shell
    yield gen.maybe_future(handler(stream, idents, msg))
  File "/usr/local/lib/python3.6/dist-packages/tornado/gen.py", line 762, in run
    value = future.result()
  File "/usr/local/lib/python3.6/dist-packages/tornado/gen.py", line 234, in wrapper
    yielded = ctx_run(next, result)
  File "/usr/local/lib/python3.6/dist-packages/tornado/gen.py", line 162, in _fake_ctx_run
    return f(*args, **kw)
  File "/usr/local/lib/python3.6/dist-packages/ipykernel/kernelbase.py", line 580, in complete_request
    matches = yield gen.maybe_future(self.do_complete(code, cursor_pos))
  File "/usr/local/lib/python3.6/dist-packages/ipykernel/ipkernel.py", line 348, in do_complete
    return self._experimental_do_complete(code, cursor_pos)
  File "/usr/local/lib/python3.6/dist-packages/ipykernel/ipkernel.py", line 373, in _experimental_do_complete
    completions = list(_rectify_completions(code, raw_completions))
  File "/usr/local/lib/python3.6/dist-packages/IPython/core/completer.py", line 484, in rectify_completions
    completions = list(completions)
  File "/usr/local/lib/python3.6/dist-packages/IPython/core/completer.py", line 1818, in completions
    for c in self._completions(text, offset, _timeout=self.jedi_compute_type_timeout/1000):
  File "/usr/local/lib/python3.6/dist-packages/IPython/core/completer.py", line 1862, in _completions
    full_text=full_text, cursor_line=cursor_line, cursor_pos=cursor_column)
  File "/usr/local/lib/python3.6/dist-packages/IPython/core/completer.py", line 2030, in _complete
    cursor_pos, cursor_line, full_text)
  File "/usr/local/lib/python3.6/dist-packages/IPython/core/completer.py", line 1374, in _jedi_matches
    text[:offset], namespaces, column=cursor_column, line=cursor_line + 1)
  File "/usr/local/lib/python3.6/dist-packages/jedi/api/__init__.py", line 726, in __init__
TypeError: __init__() got an unexpected keyword argument 'column'
[IPKernelApp] ERROR | Exception in message handler:
Traceback (most recent call last):
  File "/usr/local/lib/python3.6/dist-packages/ipykernel/kernelbase.py", line 272, in dispatch_shell
    yield gen.maybe_future(handler(stream, idents, msg))
  File "/usr/local/lib/python3.6/dist-packages/tornado/gen.py", line 762, in run
    value = future.result()
  File "/usr/local/lib/python3.6/dist-packages/tornado/gen.py", line 234, in wrapper
    yielded = ctx_run(next, result)
  File "/usr/local/lib/python3.6/dist-packages/tornado/gen.py", line 162, in _fake_ctx_run
    return f(*args, **kw)
  File "/usr/local/lib/python3.6/dist-packages/ipykernel/kernelbase.py", line 580, in complete_request
    matches = yield gen.maybe_future(self.do_complete(code, cursor_pos))
  File "/usr/local/lib/python3.6/dist-packages/ipykernel/ipkernel.py", line 348, in do_complete
    return self._experimental_do_complete(code, cursor_pos)
  File "/usr/local/lib/python3.6/dist-packages/ipykernel/ipkernel.py", line 373, in _experimental_do_complete
    completions = list(_rectify_completions(code, raw_completions))
  File "/usr/local/lib/python3.6/dist-packages/IPython/core/completer.py", line 484, in rectify_completions
    completions = list(completions)
  File "/usr/local/lib/python3.6/dist-packages/IPython/core/completer.py", line 1818, in completions
    for c in self._completions(text, offset, _timeout=self.jedi_compute_type_timeout/1000):
  File "/usr/local/lib/python3.6/dist-packages/IPython/core/completer.py", line 1862, in _completions
    full_text=full_text, cursor_line=cursor_line, cursor_pos=cursor_column)
  File "/usr/local/lib/python3.6/dist-packages/IPython/core/completer.py", line 2030, in _complete
    cursor_pos, cursor_line, full_text)
  File "/usr/local/lib/python3.6/dist-packages/IPython/core/completer.py", line 1374, in _jedi_matches
    text[:offset], namespaces, column=cursor_column, line=cursor_line + 1)
  File "/usr/local/lib/python3.6/dist-packages/jedi/api/__init__.py", line 726, in __init__
TypeError: __init__() got an unexpected keyword argument 'column'
[IPKernelApp] ERROR | Exception in message handler:
Traceback (most recent call last):
  File "/usr/local/lib/python3.6/dist-packages/ipykernel/kernelbase.py", line 272, in dispatch_shell
    yield gen.maybe_future(handler(stream, idents, msg))
  File "/usr/local/lib/python3.6/dist-packages/tornado/gen.py", line 762, in run
    value = future.result()
  File "/usr/local/lib/python3.6/dist-packages/tornado/gen.py", line 234, in wrapper
    yielded = ctx_run(next, result)
  File "/usr/local/lib/python3.6/dist-packages/tornado/gen.py", line 162, in _fake_ctx_run
    return f(*args, **kw)
  File "/usr/local/lib/python3.6/dist-packages/ipykernel/kernelbase.py", line 580, in complete_request
    matches = yield gen.maybe_future(self.do_complete(code, cursor_pos))
  File "/usr/local/lib/python3.6/dist-packages/ipykernel/ipkernel.py", line 348, in do_complete
    return self._experimental_do_complete(code, cursor_pos)
  File "/usr/local/lib/python3.6/dist-packages/ipykernel/ipkernel.py", line 373, in _experimental_do_complete
    completions = list(_rectify_completions(code, raw_completions))
  File "/usr/local/lib/python3.6/dist-packages/IPython/core/completer.py", line 484, in rectify_completions
    completions = list(completions)
  File "/usr/local/lib/python3.6/dist-packages/IPython/core/completer.py", line 1818, in completions
    for c in self._completions(text, offset, _timeout=self.jedi_compute_type_timeout/1000):
  File "/usr/local/lib/python3.6/dist-packages/IPython/core/completer.py", line 1862, in _completions
    full_text=full_text, cursor_line=cursor_line, cursor_pos=cursor_column)
  File "/usr/local/lib/python3.6/dist-packages/IPython/core/completer.py", line 2030, in _complete
    cursor_pos, cursor_line, full_text)
  File "/usr/local/lib/python3.6/dist-packages/IPython/core/completer.py", line 1374, in _jedi_matches
    text[:offset], namespaces, column=cursor_column, line=cursor_line + 1)
  File "/usr/local/lib/python3.6/dist-packages/jedi/api/__init__.py", line 726, in __init__
TypeError: __init__() got an unexpected keyword argument 'column'
[IPKernelApp] WARNING | Parent appears to have exited, shutting down.
[I 05:42:49.592 NotebookApp] Serving notebooks from local directory: /jwkim
[I 05:42:49.592 NotebookApp] Jupyter Notebook 6.2.0 is running at:
[I 05:42:49.592 NotebookApp] http://b94d15949023:8888/
[I 05:42:49.592 NotebookApp] Use Control-C to stop this server and shut down all kernels (twice to skip confirmation).
[I 05:42:54.429 NotebookApp] 302 GET / (172.17.0.1) 0.580000ms
[W 05:42:59.403 NotebookApp] Notebook workspace/tf/Untitled.ipynb is not trusted
[I 05:42:59.511 NotebookApp] Kernel started: 924bd517-fe46-4f3a-a5b3-615952213131, name: python3
[I 05:43:00.028 NotebookApp] Adapting from protocol version 5.1 (kernel 924bd517-fe46-4f3a-a5b3-615952213131) to 5.3 (client).
2021-03-18 05:43:01.005219: I tensorflow/stream_executor/platform/default/dso_loader.cc:49] Successfully opened dynamic library libcudart.so.11.0
2021-03-18 05:43:02.177446: I tensorflow/compiler/jit/xla_cpu_device.cc:41] Not creating XLA devices, tf_xla_enable_xla_devices not set
2021-03-18 05:43:02.178424: I tensorflow/stream_executor/platform/default/dso_loader.cc:49] Successfully opened dynamic library libcuda.so.1
2021-03-18 05:43:02.217377: I tensorflow/stream_executor/cuda/cuda_gpu_executor.cc:941] successful NUMA node read from SysFS had negative value (-1), but there must be at least one NUMA node, so returning NUMA node zero
2021-03-18 05:43:02.217755: I tensorflow/core/common_runtime/gpu/gpu_device.cc:1720] Found device 0 with properties: 
pciBusID: 0000:01:00.0 name: GeForce GTX 1070 computeCapability: 6.1
coreClock: 1.695GHz coreCount: 16 deviceMemorySize: 7.90GiB deviceMemoryBandwidth: 238.66GiB/s
2021-03-18 05:43:02.217786: I tensorflow/stream_executor/platform/default/dso_loader.cc:49] Successfully opened dynamic library libcudart.so.11.0
2021-03-18 05:43:02.220283: I tensorflow/stream_executor/platform/default/dso_loader.cc:49] Successfully opened dynamic library libcublas.so.11
2021-03-18 05:43:02.220340: I tensorflow/stream_executor/platform/default/dso_loader.cc:49] Successfully opened dynamic library libcublasLt.so.11
2021-03-18 05:43:02.221438: I tensorflow/stream_executor/platform/default/dso_loader.cc:49] Successfully opened dynamic library libcufft.so.10
2021-03-18 05:43:02.221658: I tensorflow/stream_executor/platform/default/dso_loader.cc:49] Successfully opened dynamic library libcurand.so.10
2021-03-18 05:43:02.224305: I tensorflow/stream_executor/platform/default/dso_loader.cc:49] Successfully opened dynamic library libcusolver.so.10
2021-03-18 05:43:02.224823: I tensorflow/stream_executor/platform/default/dso_loader.cc:49] Successfully opened dynamic library libcusparse.so.11
2021-03-18 05:43:02.224938: I tensorflow/stream_executor/platform/default/dso_loader.cc:49] Successfully opened dynamic library libcudnn.so.8
2021-03-18 05:43:02.225013: I tensorflow/stream_executor/cuda/cuda_gpu_executor.cc:941] successful NUMA node read from SysFS had negative value (-1), but there must be at least one NUMA node, so returning NUMA node zero
2021-03-18 05:43:02.225416: I tensorflow/stream_executor/cuda/cuda_gpu_executor.cc:941] successful NUMA node read from SysFS had negative value (-1), but there must be at least one NUMA node, so returning NUMA node zero
2021-03-18 05:43:02.225704: I tensorflow/core/common_runtime/gpu/gpu_device.cc:1862] Adding visible gpu devices: 0
2021-03-18 05:43:02.226226: I tensorflow/core/platform/cpu_feature_guard.cc:142] This TensorFlow binary is optimized with oneAPI Deep Neural Network Library (oneDNN) to use the following CPU instructions in performance-critical operations:  AVX2 FMA
To enable them in other operations, rebuild TensorFlow with the appropriate compiler flags.
2021-03-18 05:43:02.226608: I tensorflow/compiler/jit/xla_gpu_device.cc:99] Not creating XLA devices, tf_xla_enable_xla_devices not set
2021-03-18 05:43:02.226710: I tensorflow/stream_executor/cuda/cuda_gpu_executor.cc:941] successful NUMA node read from SysFS had negative value (-1), but there must be at least one NUMA node, so returning NUMA node zero
2021-03-18 05:43:02.227071: I tensorflow/core/common_runtime/gpu/gpu_device.cc:1720] Found device 0 with properties: 
pciBusID: 0000:01:00.0 name: GeForce GTX 1070 computeCapability: 6.1
coreClock: 1.695GHz coreCount: 16 deviceMemorySize: 7.90GiB deviceMemoryBandwidth: 238.66GiB/s
2021-03-18 05:43:02.227091: I tensorflow/stream_executor/platform/default/dso_loader.cc:49] Successfully opened dynamic library libcudart.so.11.0
2021-03-18 05:43:02.227105: I tensorflow/stream_executor/platform/default/dso_loader.cc:49] Successfully opened dynamic library libcublas.so.11
2021-03-18 05:43:02.227121: I tensorflow/stream_executor/platform/default/dso_loader.cc:49] Successfully opened dynamic library libcublasLt.so.11
2021-03-18 05:43:02.227131: I tensorflow/stream_executor/platform/default/dso_loader.cc:49] Successfully opened dynamic library libcufft.so.10
2021-03-18 05:43:02.227141: I tensorflow/stream_executor/platform/default/dso_loader.cc:49] Successfully opened dynamic library libcurand.so.10
2021-03-18 05:43:02.227151: I tensorflow/stream_executor/platform/default/dso_loader.cc:49] Successfully opened dynamic library libcusolver.so.10
2021-03-18 05:43:02.227160: I tensorflow/stream_executor/platform/default/dso_loader.cc:49] Successfully opened dynamic library libcusparse.so.11
2021-03-18 05:43:02.227170: I tensorflow/stream_executor/platform/default/dso_loader.cc:49] Successfully opened dynamic library libcudnn.so.8
2021-03-18 05:43:02.227213: I tensorflow/stream_executor/cuda/cuda_gpu_executor.cc:941] successful NUMA node read from SysFS had negative value (-1), but there must be at least one NUMA node, so returning NUMA node zero
2021-03-18 05:43:02.227498: I tensorflow/stream_executor/cuda/cuda_gpu_executor.cc:941] successful NUMA node read from SysFS had negative value (-1), but there must be at least one NUMA node, so returning NUMA node zero
2021-03-18 05:43:02.227749: I tensorflow/core/common_runtime/gpu/gpu_device.cc:1862] Adding visible gpu devices: 0
2021-03-18 05:43:02.227772: I tensorflow/stream_executor/platform/default/dso_loader.cc:49] Successfully opened dynamic library libcudart.so.11.0
2021-03-18 05:43:02.641818: I tensorflow/core/common_runtime/gpu/gpu_device.cc:1261] Device interconnect StreamExecutor with strength 1 edge matrix:
2021-03-18 05:43:02.641850: I tensorflow/core/common_runtime/gpu/gpu_device.cc:1267]      0 
2021-03-18 05:43:02.641858: I tensorflow/core/common_runtime/gpu/gpu_device.cc:1280] 0:   N 
2021-03-18 05:43:02.641999: I tensorflow/stream_executor/cuda/cuda_gpu_executor.cc:941] successful NUMA node read from SysFS had negative value (-1), but there must be at least one NUMA node, so returning NUMA node zero
2021-03-18 05:43:02.642309: I tensorflow/stream_executor/cuda/cuda_gpu_executor.cc:941] successful NUMA node read from SysFS had negative value (-1), but there must be at least one NUMA node, so returning NUMA node zero
2021-03-18 05:43:02.642593: I tensorflow/stream_executor/cuda/cuda_gpu_executor.cc:941] successful NUMA node read from SysFS had negative value (-1), but there must be at least one NUMA node, so returning NUMA node zero
2021-03-18 05:43:02.642856: I tensorflow/core/common_runtime/gpu/gpu_device.cc:1406] Created TensorFlow device (/job:localhost/replica:0/task:0/device:GPU:0 with 6391 MB memory) -> physical GPU (device: 0, name: GeForce GTX 1070, pci bus id: 0000:01:00.0, compute capability: 6.1)
2021-03-18 05:43:15.600913: I tensorflow/compiler/jit/xla_gpu_device.cc:99] Not creating XLA devices, tf_xla_enable_xla_devices not set
2021-03-18 05:43:15.601312: I tensorflow/stream_executor/cuda/cuda_gpu_executor.cc:941] successful NUMA node read from SysFS had negative value (-1), but there must be at least one NUMA node, so returning NUMA node zero
2021-03-18 05:43:15.602045: I tensorflow/core/common_runtime/gpu/gpu_device.cc:1720] Found device 0 with properties: 
pciBusID: 0000:01:00.0 name: GeForce GTX 1070 computeCapability: 6.1
coreClock: 1.695GHz coreCount: 16 deviceMemorySize: 7.90GiB deviceMemoryBandwidth: 238.66GiB/s
2021-03-18 05:43:15.602138: I tensorflow/stream_executor/platform/default/dso_loader.cc:49] Successfully opened dynamic library libcudart.so.11.0
2021-03-18 05:43:15.602213: I tensorflow/stream_executor/platform/default/dso_loader.cc:49] Successfully opened dynamic library libcublas.so.11
2021-03-18 05:43:15.602272: I tensorflow/stream_executor/platform/default/dso_loader.cc:49] Successfully opened dynamic library libcublasLt.so.11
2021-03-18 05:43:15.602328: I tensorflow/stream_executor/platform/default/dso_loader.cc:49] Successfully opened dynamic library libcufft.so.10
2021-03-18 05:43:15.602382: I tensorflow/stream_executor/platform/default/dso_loader.cc:49] Successfully opened dynamic library libcurand.so.10
2021-03-18 05:43:15.602463: I tensorflow/stream_executor/platform/default/dso_loader.cc:49] Successfully opened dynamic library libcusolver.so.10
2021-03-18 05:43:15.602521: I tensorflow/stream_executor/platform/default/dso_loader.cc:49] Successfully opened dynamic library libcusparse.so.11
2021-03-18 05:43:15.602577: I tensorflow/stream_executor/platform/default/dso_loader.cc:49] Successfully opened dynamic library libcudnn.so.8
2021-03-18 05:43:15.602779: I tensorflow/stream_executor/cuda/cuda_gpu_executor.cc:941] successful NUMA node read from SysFS had negative value (-1), but there must be at least one NUMA node, so returning NUMA node zero
2021-03-18 05:43:15.603548: I tensorflow/stream_executor/cuda/cuda_gpu_executor.cc:941] successful NUMA node read from SysFS had negative value (-1), but there must be at least one NUMA node, so returning NUMA node zero
2021-03-18 05:43:15.604149: I tensorflow/core/common_runtime/gpu/gpu_device.cc:1862] Adding visible gpu devices: 0
2021-03-18 05:43:15.604226: I tensorflow/core/common_runtime/gpu/gpu_device.cc:1261] Device interconnect StreamExecutor with strength 1 edge matrix:
2021-03-18 05:43:15.604258: I tensorflow/core/common_runtime/gpu/gpu_device.cc:1267]      0 
2021-03-18 05:43:15.604283: I tensorflow/core/common_runtime/gpu/gpu_device.cc:1280] 0:   N 
2021-03-18 05:43:15.604550: I tensorflow/stream_executor/cuda/cuda_gpu_executor.cc:941] successful NUMA node read from SysFS had negative value (-1), but there must be at least one NUMA node, so returning NUMA node zero
2021-03-18 05:43:15.605345: I tensorflow/stream_executor/cuda/cuda_gpu_executor.cc:941] successful NUMA node read from SysFS had negative value (-1), but there must be at least one NUMA node, so returning NUMA node zero
2021-03-18 05:43:15.605993: I tensorflow/core/common_runtime/gpu/gpu_device.cc:1406] Created TensorFlow device (/device:GPU:0 with 6391 MB memory) -> physical GPU (device: 0, name: GeForce GTX 1070, pci bus id: 0000:01:00.0, compute capability: 6.1)
2021-03-18 05:43:37.437559: I tensorflow/compiler/jit/xla_gpu_device.cc:99] Not creating XLA devices, tf_xla_enable_xla_devices not set
2021-03-18 05:43:37.437735: I tensorflow/stream_executor/cuda/cuda_gpu_executor.cc:941] successful NUMA node read from SysFS had negative value (-1), but there must be at least one NUMA node, so returning NUMA node zero
2021-03-18 05:43:37.438053: I tensorflow/core/common_runtime/gpu/gpu_device.cc:1720] Found device 0 with properties: 
pciBusID: 0000:01:00.0 name: GeForce GTX 1070 computeCapability: 6.1
coreClock: 1.695GHz coreCount: 16 deviceMemorySize: 7.90GiB deviceMemoryBandwidth: 238.66GiB/s
2021-03-18 05:43:37.438094: I tensorflow/stream_executor/platform/default/dso_loader.cc:49] Successfully opened dynamic library libcudart.so.11.0
2021-03-18 05:43:37.438127: I tensorflow/stream_executor/platform/default/dso_loader.cc:49] Successfully opened dynamic library libcublas.so.11
2021-03-18 05:43:37.438150: I tensorflow/stream_executor/platform/default/dso_loader.cc:49] Successfully opened dynamic library libcublasLt.so.11
2021-03-18 05:43:37.438172: I tensorflow/stream_executor/platform/default/dso_loader.cc:49] Successfully opened dynamic library libcufft.so.10
2021-03-18 05:43:37.438193: I tensorflow/stream_executor/platform/default/dso_loader.cc:49] Successfully opened dynamic library libcurand.so.10
2021-03-18 05:43:37.438214: I tensorflow/stream_executor/platform/default/dso_loader.cc:49] Successfully opened dynamic library libcusolver.so.10
2021-03-18 05:43:37.438236: I tensorflow/stream_executor/platform/default/dso_loader.cc:49] Successfully opened dynamic library libcusparse.so.11
2021-03-18 05:43:37.438257: I tensorflow/stream_executor/platform/default/dso_loader.cc:49] Successfully opened dynamic library libcudnn.so.8
2021-03-18 05:43:37.438342: I tensorflow/stream_executor/cuda/cuda_gpu_executor.cc:941] successful NUMA node read from SysFS had negative value (-1), but there must be at least one NUMA node, so returning NUMA node zero
2021-03-18 05:43:37.438678: I tensorflow/stream_executor/cuda/cuda_gpu_executor.cc:941] successful NUMA node read from SysFS had negative value (-1), but there must be at least one NUMA node, so returning NUMA node zero
2021-03-18 05:43:37.438940: I tensorflow/core/common_runtime/gpu/gpu_device.cc:1862] Adding visible gpu devices: 0
2021-03-18 05:43:37.438978: I tensorflow/core/common_runtime/gpu/gpu_device.cc:1261] Device interconnect StreamExecutor with strength 1 edge matrix:
2021-03-18 05:43:37.438993: I tensorflow/core/common_runtime/gpu/gpu_device.cc:1267]      0 
2021-03-18 05:43:37.439004: I tensorflow/core/common_runtime/gpu/gpu_device.cc:1280] 0:   N 
2021-03-18 05:43:37.439116: I tensorflow/stream_executor/cuda/cuda_gpu_executor.cc:941] successful NUMA node read from SysFS had negative value (-1), but there must be at least one NUMA node, so returning NUMA node zero
2021-03-18 05:43:37.439442: I tensorflow/stream_executor/cuda/cuda_gpu_executor.cc:941] successful NUMA node read from SysFS had negative value (-1), but there must be at least one NUMA node, so returning NUMA node zero
2021-03-18 05:43:37.439719: I tensorflow/core/common_runtime/gpu/gpu_device.cc:1406] Created TensorFlow device (/device:GPU:0 with 6391 MB memory) -> physical GPU (device: 0, name: GeForce GTX 1070, pci bus id: 0000:01:00.0, compute capability: 6.1)
[I 05:44:59.507 NotebookApp] Saving file at /workspace/tf/Untitled.ipynb
[I 06:16:46.894 NotebookApp] 302 GET / (172.17.0.1) 0.500000ms
[W 06:16:53.478 NotebookApp] Notebook workspace/tf/actor_critic.ipynb is not trusted
[I 06:16:55.865 NotebookApp] Kernel started: 0b127f25-3f08-4a4a-a375-2f0591c6c48d, name: python3
[I 06:16:56.470 NotebookApp] Adapting from protocol version 5.1 (kernel 0b127f25-3f08-4a4a-a375-2f0591c6c48d) to 5.3 (client).
[I 06:17:04.007 NotebookApp] Copying workspace/tf/actor_critic.ipynb to /workspace/tf
[W 06:17:05.489 NotebookApp] Notebook workspace/tf/actor_critic.ipynb is not trusted
[W 06:17:06.833 NotebookApp] Notebook workspace/tf/actor_critic-Copy1.ipynb is not trusted
[I 06:17:13.027 NotebookApp] Starting buffering for 0b127f25-3f08-4a4a-a375-2f0591c6c48d:064a5099e7d34821854916df4683c3ad
[W 06:17:17.550 NotebookApp] Notebook workspace/tf/actor_critic-Copy1.ipynb is not trusted
[I 06:17:19.935 NotebookApp] Kernel started: 3060eedb-2456-4ad0-8695-38296210a554, name: python3
[I 06:17:20.533 NotebookApp] Adapting from protocol version 5.1 (kernel 3060eedb-2456-4ad0-8695-38296210a554) to 5.3 (client).
[I 06:19:19.970 NotebookApp] Saving file at /workspace/tf/actor_critic-Copy1.ipynb
[W 06:19:19.971 NotebookApp] Notebook workspace/tf/actor_critic-Copy1.ipynb is not trusted
2021-03-18 06:20:13.263179: I tensorflow/stream_executor/platform/default/dso_loader.cc:49] Successfully opened dynamic library libcudart.so.11.0
[I 06:21:19.949 NotebookApp] Saving file at /workspace/tf/actor_critic-Copy1.ipynb
[W 06:21:19.950 NotebookApp] Notebook workspace/tf/actor_critic-Copy1.ipynb is not trusted
2021-03-18 06:22:02.126740: I tensorflow/compiler/jit/xla_cpu_device.cc:41] Not creating XLA devices, tf_xla_enable_xla_devices not set
2021-03-18 06:22:02.128110: I tensorflow/stream_executor/platform/default/dso_loader.cc:49] Successfully opened dynamic library libcuda.so.1
2021-03-18 06:22:02.152668: I tensorflow/stream_executor/cuda/cuda_gpu_executor.cc:941] successful NUMA node read from SysFS had negative value (-1), but there must be at least one NUMA node, so returning NUMA node zero
2021-03-18 06:22:02.152997: I tensorflow/core/common_runtime/gpu/gpu_device.cc:1720] Found device 0 with properties: 
pciBusID: 0000:01:00.0 name: GeForce GTX 1070 computeCapability: 6.1
coreClock: 1.695GHz coreCount: 16 deviceMemorySize: 7.90GiB deviceMemoryBandwidth: 238.66GiB/s
2021-03-18 06:22:02.153052: I tensorflow/stream_executor/platform/default/dso_loader.cc:49] Successfully opened dynamic library libcudart.so.11.0
2021-03-18 06:22:02.156733: I tensorflow/stream_executor/platform/default/dso_loader.cc:49] Successfully opened dynamic library libcublas.so.11
2021-03-18 06:22:02.156937: I tensorflow/stream_executor/platform/default/dso_loader.cc:49] Successfully opened dynamic library libcublasLt.so.11
2021-03-18 06:22:02.158585: I tensorflow/stream_executor/platform/default/dso_loader.cc:49] Successfully opened dynamic library libcufft.so.10
2021-03-18 06:22:02.159136: I tensorflow/stream_executor/platform/default/dso_loader.cc:49] Successfully opened dynamic library libcurand.so.10
2021-03-18 06:22:02.163281: I tensorflow/stream_executor/platform/default/dso_loader.cc:49] Successfully opened dynamic library libcusolver.so.10
2021-03-18 06:22:02.164338: I tensorflow/stream_executor/platform/default/dso_loader.cc:49] Successfully opened dynamic library libcusparse.so.11
2021-03-18 06:22:02.164639: I tensorflow/stream_executor/platform/default/dso_loader.cc:49] Successfully opened dynamic library libcudnn.so.8
2021-03-18 06:22:02.164805: I tensorflow/stream_executor/cuda/cuda_gpu_executor.cc:941] successful NUMA node read from SysFS had negative value (-1), but there must be at least one NUMA node, so returning NUMA node zero
2021-03-18 06:22:02.165374: I tensorflow/stream_executor/cuda/cuda_gpu_executor.cc:941] successful NUMA node read from SysFS had negative value (-1), but there must be at least one NUMA node, so returning NUMA node zero
2021-03-18 06:22:02.165649: I tensorflow/core/common_runtime/gpu/gpu_device.cc:1862] Adding visible gpu devices: 0
2021-03-18 06:22:02.166001: I tensorflow/core/platform/cpu_feature_guard.cc:142] This TensorFlow binary is optimized with oneAPI Deep Neural Network Library (oneDNN) to use the following CPU instructions in performance-critical operations:  AVX2 FMA
To enable them in other operations, rebuild TensorFlow with the appropriate compiler flags.
2021-03-18 06:22:02.166374: I tensorflow/compiler/jit/xla_gpu_device.cc:99] Not creating XLA devices, tf_xla_enable_xla_devices not set
2021-03-18 06:22:02.166582: I tensorflow/stream_executor/cuda/cuda_gpu_executor.cc:941] successful NUMA node read from SysFS had negative value (-1), but there must be at least one NUMA node, so returning NUMA node zero
2021-03-18 06:22:02.166898: I tensorflow/core/common_runtime/gpu/gpu_device.cc:1720] Found device 0 with properties: 
pciBusID: 0000:01:00.0 name: GeForce GTX 1070 computeCapability: 6.1
coreClock: 1.695GHz coreCount: 16 deviceMemorySize: 7.90GiB deviceMemoryBandwidth: 238.66GiB/s
2021-03-18 06:22:02.166955: I tensorflow/stream_executor/platform/default/dso_loader.cc:49] Successfully opened dynamic library libcudart.so.11.0
2021-03-18 06:22:02.166997: I tensorflow/stream_executor/platform/default/dso_loader.cc:49] Successfully opened dynamic library libcublas.so.11
2021-03-18 06:22:02.167019: I tensorflow/stream_executor/platform/default/dso_loader.cc:49] Successfully opened dynamic library libcublasLt.so.11
2021-03-18 06:22:02.167041: I tensorflow/stream_executor/platform/default/dso_loader.cc:49] Successfully opened dynamic library libcufft.so.10
2021-03-18 06:22:02.167061: I tensorflow/stream_executor/platform/default/dso_loader.cc:49] Successfully opened dynamic library libcurand.so.10
2021-03-18 06:22:02.167081: I tensorflow/stream_executor/platform/default/dso_loader.cc:49] Successfully opened dynamic library libcusolver.so.10
2021-03-18 06:22:02.167102: I tensorflow/stream_executor/platform/default/dso_loader.cc:49] Successfully opened dynamic library libcusparse.so.11
2021-03-18 06:22:02.167122: I tensorflow/stream_executor/platform/default/dso_loader.cc:49] Successfully opened dynamic library libcudnn.so.8
2021-03-18 06:22:02.167224: I tensorflow/stream_executor/cuda/cuda_gpu_executor.cc:941] successful NUMA node read from SysFS had negative value (-1), but there must be at least one NUMA node, so returning NUMA node zero
2021-03-18 06:22:02.167541: I tensorflow/stream_executor/cuda/cuda_gpu_executor.cc:941] successful NUMA node read from SysFS had negative value (-1), but there must be at least one NUMA node, so returning NUMA node zero
2021-03-18 06:22:02.168068: I tensorflow/core/common_runtime/gpu/gpu_device.cc:1862] Adding visible gpu devices: 0
2021-03-18 06:22:02.168130: I tensorflow/stream_executor/platform/default/dso_loader.cc:49] Successfully opened dynamic library libcudart.so.11.0
[I 06:23:19.992 NotebookApp] Saving file at /workspace/tf/actor_critic-Copy1.ipynb
[W 06:23:19.993 NotebookApp] Notebook workspace/tf/actor_critic-Copy1.ipynb is not trusted
[I 06:24:01.734 NotebookApp] Kernel shutdown: 0b127f25-3f08-4a4a-a375-2f0591c6c48d
[I 06:24:02.426 NotebookApp] Kernel shutdown: 924bd517-fe46-4f3a-a5b3-615952213131
[W 06:24:02.993 NotebookApp] 404 DELETE /api/sessions/9b42b7c9-c663-4c21-836c-cebcd55bd7f4 (172.17.0.1): Session not found: session_id='9b42b7c9-c663-4c21-836c-cebcd55bd7f4'
[W 06:24:02.993 NotebookApp] Session not found: session_id='9b42b7c9-c663-4c21-836c-cebcd55bd7f4'
[W 06:24:02.993 NotebookApp] 404 DELETE /api/sessions/9b42b7c9-c663-4c21-836c-cebcd55bd7f4 (172.17.0.1) 1.030000ms referer=http://localhost:8889/notebooks/workspace/tf/Untitled.ipynb
2021-03-18 06:24:09.062391: I tensorflow/compiler/jit/xla_gpu_device.cc:99] Not creating XLA devices, tf_xla_enable_xla_devices not set
2021-03-18 06:24:09.062593: I tensorflow/stream_executor/cuda/cuda_gpu_executor.cc:941] successful NUMA node read from SysFS had negative value (-1), but there must be at least one NUMA node, so returning NUMA node zero
2021-03-18 06:24:09.063098: I tensorflow/core/common_runtime/gpu/gpu_device.cc:1720] Found device 0 with properties: 
pciBusID: 0000:01:00.0 name: GeForce GTX 1070 computeCapability: 6.1
coreClock: 1.695GHz coreCount: 16 deviceMemorySize: 7.90GiB deviceMemoryBandwidth: 238.66GiB/s
2021-03-18 06:24:09.063145: I tensorflow/stream_executor/platform/default/dso_loader.cc:49] Successfully opened dynamic library libcudart.so.11.0
2021-03-18 06:24:09.063180: I tensorflow/stream_executor/platform/default/dso_loader.cc:49] Successfully opened dynamic library libcublas.so.11
2021-03-18 06:24:09.063204: I tensorflow/stream_executor/platform/default/dso_loader.cc:49] Successfully opened dynamic library libcublasLt.so.11
2021-03-18 06:24:09.063227: I tensorflow/stream_executor/platform/default/dso_loader.cc:49] Successfully opened dynamic library libcufft.so.10
2021-03-18 06:24:09.063248: I tensorflow/stream_executor/platform/default/dso_loader.cc:49] Successfully opened dynamic library libcurand.so.10
2021-03-18 06:24:09.063270: I tensorflow/stream_executor/platform/default/dso_loader.cc:49] Successfully opened dynamic library libcusolver.so.10
2021-03-18 06:24:09.063292: I tensorflow/stream_executor/platform/default/dso_loader.cc:49] Successfully opened dynamic library libcusparse.so.11
2021-03-18 06:24:09.063314: I tensorflow/stream_executor/platform/default/dso_loader.cc:49] Successfully opened dynamic library libcudnn.so.8
2021-03-18 06:24:09.063404: I tensorflow/stream_executor/cuda/cuda_gpu_executor.cc:941] successful NUMA node read from SysFS had negative value (-1), but there must be at least one NUMA node, so returning NUMA node zero
2021-03-18 06:24:09.063908: I tensorflow/stream_executor/cuda/cuda_gpu_executor.cc:941] successful NUMA node read from SysFS had negative value (-1), but there must be at least one NUMA node, so returning NUMA node zero
2021-03-18 06:24:09.064341: I tensorflow/core/common_runtime/gpu/gpu_device.cc:1862] Adding visible gpu devices: 0
2021-03-18 06:24:09.543826: I tensorflow/core/common_runtime/gpu/gpu_device.cc:1261] Device interconnect StreamExecutor with strength 1 edge matrix:
2021-03-18 06:24:09.543867: I tensorflow/core/common_runtime/gpu/gpu_device.cc:1267]      0 
2021-03-18 06:24:09.543879: I tensorflow/core/common_runtime/gpu/gpu_device.cc:1280] 0:   N 
2021-03-18 06:24:09.544033: I tensorflow/stream_executor/cuda/cuda_gpu_executor.cc:941] successful NUMA node read from SysFS had negative value (-1), but there must be at least one NUMA node, so returning NUMA node zero
2021-03-18 06:24:09.544360: I tensorflow/stream_executor/cuda/cuda_gpu_executor.cc:941] successful NUMA node read from SysFS had negative value (-1), but there must be at least one NUMA node, so returning NUMA node zero
2021-03-18 06:24:09.544663: I tensorflow/stream_executor/cuda/cuda_gpu_executor.cc:941] successful NUMA node read from SysFS had negative value (-1), but there must be at least one NUMA node, so returning NUMA node zero
2021-03-18 06:24:09.544934: I tensorflow/core/common_runtime/gpu/gpu_device.cc:1406] Created TensorFlow device (/job:localhost/replica:0/task:0/device:GPU:0 with 5962 MB memory) -> physical GPU (device: 0, name: GeForce GTX 1070, pci bus id: 0000:01:00.0, compute capability: 6.1)
2021-03-18 06:24:21.138548: I tensorflow/compiler/mlir/mlir_graph_optimization_pass.cc:116] None of the MLIR optimization passes are enabled (registered 2)
2021-03-18 06:24:21.177521: I tensorflow/core/platform/profile_utils/cpu_utils.cc:112] CPU Frequency: 2799925000 Hz
2021-03-18 06:24:21.396561: I tensorflow/stream_executor/platform/default/dso_loader.cc:49] Successfully opened dynamic library libcublas.so.11
2021-03-18 06:24:21.626058: I tensorflow/stream_executor/platform/default/dso_loader.cc:49] Successfully opened dynamic library libcublasLt.so.11
[I 06:25:19.935 NotebookApp] Saving file at /workspace/tf/actor_critic-Copy1.ipynb
[W 06:25:19.936 NotebookApp] Notebook workspace/tf/actor_critic-Copy1.ipynb is not trusted
[I 06:27:19.961 NotebookApp] Saving file at /workspace/tf/actor_critic-Copy1.ipynb
[W 06:27:19.962 NotebookApp] Notebook workspace/tf/actor_critic-Copy1.ipynb is not trusted
[I 06:54:16.098 NotebookApp] Starting buffering for 3060eedb-2456-4ad0-8695-38296210a554:898d488d39374fc18c9442c5d23c3bb2
[I 06:54:16.810 NotebookApp] Kernel restarted: 3060eedb-2456-4ad0-8695-38296210a554
[I 06:54:16.820 NotebookApp] Adapting from protocol version 5.1 (kernel 3060eedb-2456-4ad0-8695-38296210a554) to 5.3 (client).
[I 06:54:16.821 NotebookApp] Restoring connection for 3060eedb-2456-4ad0-8695-38296210a554:898d488d39374fc18c9442c5d23c3bb2
[I 06:54:17.383 NotebookApp] Replaying 3 buffered messages
2021-03-18 06:54:32.937216: I tensorflow/stream_executor/platform/default/dso_loader.cc:49] Successfully opened dynamic library libcudart.so.11.0
2021-03-18 06:54:34.453127: I tensorflow/compiler/jit/xla_cpu_device.cc:41] Not creating XLA devices, tf_xla_enable_xla_devices not set
2021-03-18 06:54:34.453845: I tensorflow/stream_executor/platform/default/dso_loader.cc:49] Successfully opened dynamic library libcuda.so.1
2021-03-18 06:54:34.483823: I tensorflow/stream_executor/cuda/cuda_gpu_executor.cc:941] successful NUMA node read from SysFS had negative value (-1), but there must be at least one NUMA node, so returning NUMA node zero
2021-03-18 06:54:34.484155: I tensorflow/core/common_runtime/gpu/gpu_device.cc:1720] Found device 0 with properties: 
pciBusID: 0000:01:00.0 name: GeForce GTX 1070 computeCapability: 6.1
coreClock: 1.695GHz coreCount: 16 deviceMemorySize: 7.90GiB deviceMemoryBandwidth: 238.66GiB/s
2021-03-18 06:54:34.484176: I tensorflow/stream_executor/platform/default/dso_loader.cc:49] Successfully opened dynamic library libcudart.so.11.0
2021-03-18 06:54:34.486225: I tensorflow/stream_executor/platform/default/dso_loader.cc:49] Successfully opened dynamic library libcublas.so.11
2021-03-18 06:54:34.486269: I tensorflow/stream_executor/platform/default/dso_loader.cc:49] Successfully opened dynamic library libcublasLt.so.11
2021-03-18 06:54:34.487302: I tensorflow/stream_executor/platform/default/dso_loader.cc:49] Successfully opened dynamic library libcufft.so.10
2021-03-18 06:54:34.487496: I tensorflow/stream_executor/platform/default/dso_loader.cc:49] Successfully opened dynamic library libcurand.so.10
2021-03-18 06:54:34.490179: I tensorflow/stream_executor/platform/default/dso_loader.cc:49] Successfully opened dynamic library libcusolver.so.10
2021-03-18 06:54:34.490742: I tensorflow/stream_executor/platform/default/dso_loader.cc:49] Successfully opened dynamic library libcusparse.so.11
2021-03-18 06:54:34.490881: I tensorflow/stream_executor/platform/default/dso_loader.cc:49] Successfully opened dynamic library libcudnn.so.8
2021-03-18 06:54:34.490958: I tensorflow/stream_executor/cuda/cuda_gpu_executor.cc:941] successful NUMA node read from SysFS had negative value (-1), but there must be at least one NUMA node, so returning NUMA node zero
2021-03-18 06:54:34.491284: I tensorflow/stream_executor/cuda/cuda_gpu_executor.cc:941] successful NUMA node read from SysFS had negative value (-1), but there must be at least one NUMA node, so returning NUMA node zero
2021-03-18 06:54:34.491536: I tensorflow/core/common_runtime/gpu/gpu_device.cc:1862] Adding visible gpu devices: 0
2021-03-18 06:54:34.491921: I tensorflow/core/platform/cpu_feature_guard.cc:142] This TensorFlow binary is optimized with oneAPI Deep Neural Network Library (oneDNN) to use the following CPU instructions in performance-critical operations:  AVX2 FMA
To enable them in other operations, rebuild TensorFlow with the appropriate compiler flags.
2021-03-18 06:54:34.492351: I tensorflow/compiler/jit/xla_gpu_device.cc:99] Not creating XLA devices, tf_xla_enable_xla_devices not set
2021-03-18 06:54:34.492455: I tensorflow/stream_executor/cuda/cuda_gpu_executor.cc:941] successful NUMA node read from SysFS had negative value (-1), but there must be at least one NUMA node, so returning NUMA node zero
2021-03-18 06:54:34.492724: I tensorflow/core/common_runtime/gpu/gpu_device.cc:1720] Found device 0 with properties: 
pciBusID: 0000:01:00.0 name: GeForce GTX 1070 computeCapability: 6.1
coreClock: 1.695GHz coreCount: 16 deviceMemorySize: 7.90GiB deviceMemoryBandwidth: 238.66GiB/s
2021-03-18 06:54:34.492742: I tensorflow/stream_executor/platform/default/dso_loader.cc:49] Successfully opened dynamic library libcudart.so.11.0
2021-03-18 06:54:34.492757: I tensorflow/stream_executor/platform/default/dso_loader.cc:49] Successfully opened dynamic library libcublas.so.11
2021-03-18 06:54:34.492768: I tensorflow/stream_executor/platform/default/dso_loader.cc:49] Successfully opened dynamic library libcublasLt.so.11
2021-03-18 06:54:34.492778: I tensorflow/stream_executor/platform/default/dso_loader.cc:49] Successfully opened dynamic library libcufft.so.10
2021-03-18 06:54:34.492789: I tensorflow/stream_executor/platform/default/dso_loader.cc:49] Successfully opened dynamic library libcurand.so.10
2021-03-18 06:54:34.492800: I tensorflow/stream_executor/platform/default/dso_loader.cc:49] Successfully opened dynamic library libcusolver.so.10
2021-03-18 06:54:34.492810: I tensorflow/stream_executor/platform/default/dso_loader.cc:49] Successfully opened dynamic library libcusparse.so.11
2021-03-18 06:54:34.492821: I tensorflow/stream_executor/platform/default/dso_loader.cc:49] Successfully opened dynamic library libcudnn.so.8
2021-03-18 06:54:34.492864: I tensorflow/stream_executor/cuda/cuda_gpu_executor.cc:941] successful NUMA node read from SysFS had negative value (-1), but there must be at least one NUMA node, so returning NUMA node zero
2021-03-18 06:54:34.493145: I tensorflow/stream_executor/cuda/cuda_gpu_executor.cc:941] successful NUMA node read from SysFS had negative value (-1), but there must be at least one NUMA node, so returning NUMA node zero
2021-03-18 06:54:34.493469: I tensorflow/core/common_runtime/gpu/gpu_device.cc:1862] Adding visible gpu devices: 0
2021-03-18 06:54:34.493494: I tensorflow/stream_executor/platform/default/dso_loader.cc:49] Successfully opened dynamic library libcudart.so.11.0
2021-03-18 06:54:34.984015: I tensorflow/core/common_runtime/gpu/gpu_device.cc:1261] Device interconnect StreamExecutor with strength 1 edge matrix:
2021-03-18 06:54:34.984047: I tensorflow/core/common_runtime/gpu/gpu_device.cc:1267]      0 
2021-03-18 06:54:34.984054: I tensorflow/core/common_runtime/gpu/gpu_device.cc:1280] 0:   N 
2021-03-18 06:54:34.984204: I tensorflow/stream_executor/cuda/cuda_gpu_executor.cc:941] successful NUMA node read from SysFS had negative value (-1), but there must be at least one NUMA node, so returning NUMA node zero
2021-03-18 06:54:34.984523: I tensorflow/stream_executor/cuda/cuda_gpu_executor.cc:941] successful NUMA node read from SysFS had negative value (-1), but there must be at least one NUMA node, so returning NUMA node zero
2021-03-18 06:54:34.984802: I tensorflow/stream_executor/cuda/cuda_gpu_executor.cc:941] successful NUMA node read from SysFS had negative value (-1), but there must be at least one NUMA node, so returning NUMA node zero
2021-03-18 06:54:34.985067: I tensorflow/core/common_runtime/gpu/gpu_device.cc:1406] Created TensorFlow device (/job:localhost/replica:0/task:0/device:GPU:0 with 6019 MB memory) -> physical GPU (device: 0, name: GeForce GTX 1070, pci bus id: 0000:01:00.0, compute capability: 6.1)
2021-03-18 06:54:36.689715: I tensorflow/compiler/mlir/mlir_graph_optimization_pass.cc:116] None of the MLIR optimization passes are enabled (registered 2)
2021-03-18 06:54:36.729567: I tensorflow/core/platform/profile_utils/cpu_utils.cc:112] CPU Frequency: 2799925000 Hz
2021-03-18 06:54:36.943964: I tensorflow/stream_executor/platform/default/dso_loader.cc:49] Successfully opened dynamic library libcublas.so.11
2021-03-18 06:54:37.168120: I tensorflow/stream_executor/platform/default/dso_loader.cc:49] Successfully opened dynamic library libcublasLt.so.11
[I 06:55:19.995 NotebookApp] Saving file at /workspace/tf/actor_critic-Copy1.ipynb
[I 06:57:19.932 NotebookApp] Saving file at /workspace/tf/actor_critic-Copy1.ipynb
[I 06:59:19.937 NotebookApp] Saving file at /workspace/tf/actor_critic-Copy1.ipynb
[I 06:59:26.140 NotebookApp] Kernel interrupted: 3060eedb-2456-4ad0-8695-38296210a554
[I 07:01:19.933 NotebookApp] Saving file at /workspace/tf/actor_critic-Copy1.ipynb
[I 07:03:19.934 NotebookApp] Saving file at /workspace/tf/actor_critic-Copy1.ipynb
[I 07:05:19.941 NotebookApp] Saving file at /workspace/tf/actor_critic-Copy1.ipynb
[I 07:07:19.953 NotebookApp] Saving file at /workspace/tf/actor_critic-Copy1.ipynb
[I 08:11:10.373 NotebookApp] Starting buffering for 3060eedb-2456-4ad0-8695-38296210a554:898d488d39374fc18c9442c5d23c3bb2
[I 08:11:11.293 NotebookApp] Kernel restarted: 3060eedb-2456-4ad0-8695-38296210a554
[I 08:11:11.301 NotebookApp] Adapting from protocol version 5.1 (kernel 3060eedb-2456-4ad0-8695-38296210a554) to 5.3 (client).
[I 08:11:11.302 NotebookApp] Restoring connection for 3060eedb-2456-4ad0-8695-38296210a554:898d488d39374fc18c9442c5d23c3bb2
[I 08:11:11.800 NotebookApp] Replaying 3 buffered messages
[I 08:11:18.205 NotebookApp] Saving file at /workspace/tf/actor_critic-Copy1.ipynb
[I 08:11:19.154 NotebookApp] Saving file at /workspace/tf/actor_critic-Copy1.ipynb
[I 08:11:19.803 NotebookApp] Starting buffering for 3060eedb-2456-4ad0-8695-38296210a554:898d488d39374fc18c9442c5d23c3bb2
[IPKernelApp] WARNING | Parent appears to have exited, shutting down.
[I 08:11:50.644 NotebookApp] [jupyter_nbextensions_configurator] enabled 0.4.1
[I 08:11:50.698 NotebookApp] [Jupytext Server Extension] Deriving a JupytextContentsManager from LargeFileManager
[I 08:11:50.700 NotebookApp] Serving notebooks from local directory: /jwkim
[I 08:11:50.700 NotebookApp] Jupyter Notebook 6.2.0 is running at:
[I 08:11:50.700 NotebookApp] http://b94d15949023:8888/
[I 08:11:50.700 NotebookApp] Use Control-C to stop this server and shut down all kernels (twice to skip confirmation).
[I 08:11:58.157 NotebookApp] 302 GET / (172.17.0.1) 0.820000ms
[W 08:11:58.636 NotebookApp] 404 GET /nbextensions/jupytext/jupytext_menu_zoom.png (172.17.0.1) 7.500000ms referer=http://localhost:8889/tree?
[W 08:12:02.741 NotebookApp] Config option `template_path` not recognized by `ExporterCollapsibleHeadings`.  Did you mean one of: `extra_template_paths, template_name, template_paths`?
[W 08:12:02.751 NotebookApp] Config option `template_path` not recognized by `ExporterCollapsibleHeadings`.  Did you mean one of: `extra_template_paths, template_name, template_paths`?
[W 08:12:02.779 NotebookApp] Config option `template_path` not recognized by `TocExporter`.  Did you mean one of: `extra_template_paths, template_name, template_paths`?
[W 08:12:02.787 NotebookApp] Config option `template_path` not recognized by `TocExporter`.  Did you mean one of: `extra_template_paths, template_name, template_paths`?
[W 08:12:02.799 NotebookApp] Config option `template_path` not recognized by `LenvsHTMLExporter`.  Did you mean one of: `extra_template_paths, template_name, template_paths`?
[W 08:12:02.812 NotebookApp] Config option `template_path` not recognized by `LenvsHTMLExporter`.  Did you mean one of: `extra_template_paths, template_name, template_paths`?
[W 08:12:02.830 NotebookApp] Config option `template_path` not recognized by `LenvsTocHTMLExporter`.  Did you mean one of: `extra_template_paths, template_name, template_paths`?
[W 08:12:02.844 NotebookApp] Config option `template_path` not recognized by `LenvsTocHTMLExporter`.  Did you mean one of: `extra_template_paths, template_name, template_paths`?
[W 08:12:02.882 NotebookApp] Config option `template_path` not recognized by `LenvsLatexExporter`.  Did you mean one of: `extra_template_paths, template_name, template_paths`?
[W 08:12:02.889 NotebookApp] Config option `template_path` not recognized by `LenvsLatexExporter`.  Did you mean one of: `extra_template_paths, template_name, template_paths`?
[W 08:12:03.041 NotebookApp] Config option `template_path` not recognized by `LenvsSlidesExporter`.  Did you mean one of: `extra_template_paths, template_name, template_paths`?
[W 08:12:03.049 NotebookApp] Config option `template_path` not recognized by `LenvsSlidesExporter`.  Did you mean one of: `extra_template_paths, template_name, template_paths`?
[W 08:12:03.138 NotebookApp] Config option `template_path` not recognized by `ExporterCollapsibleHeadings`.  Did you mean one of: `extra_template_paths, template_name, template_paths`?
[W 08:12:03.147 NotebookApp] Config option `template_path` not recognized by `ExporterCollapsibleHeadings`.  Did you mean one of: `extra_template_paths, template_name, template_paths`?
[W 08:12:03.176 NotebookApp] Config option `template_path` not recognized by `TocExporter`.  Did you mean one of: `extra_template_paths, template_name, template_paths`?
[W 08:12:03.184 NotebookApp] Config option `template_path` not recognized by `TocExporter`.  Did you mean one of: `extra_template_paths, template_name, template_paths`?
[W 08:12:03.195 NotebookApp] Config option `template_path` not recognized by `LenvsHTMLExporter`.  Did you mean one of: `extra_template_paths, template_name, template_paths`?
[W 08:12:03.209 NotebookApp] Config option `template_path` not recognized by `LenvsHTMLExporter`.  Did you mean one of: `extra_template_paths, template_name, template_paths`?
[W 08:12:03.226 NotebookApp] Config option `template_path` not recognized by `LenvsTocHTMLExporter`.  Did you mean one of: `extra_template_paths, template_name, template_paths`?
[W 08:12:03.240 NotebookApp] Config option `template_path` not recognized by `LenvsTocHTMLExporter`.  Did you mean one of: `extra_template_paths, template_name, template_paths`?
[W 08:12:03.276 NotebookApp] Config option `template_path` not recognized by `LenvsLatexExporter`.  Did you mean one of: `extra_template_paths, template_name, template_paths`?
[W 08:12:03.284 NotebookApp] Config option `template_path` not recognized by `LenvsLatexExporter`.  Did you mean one of: `extra_template_paths, template_name, template_paths`?
[W 08:12:03.437 NotebookApp] Config option `template_path` not recognized by `LenvsSlidesExporter`.  Did you mean one of: `extra_template_paths, template_name, template_paths`?
[W 08:12:03.446 NotebookApp] Config option `template_path` not recognized by `LenvsSlidesExporter`.  Did you mean one of: `extra_template_paths, template_name, template_paths`?
[I 08:12:04.345 NotebookApp] Kernel started: 96d4f86e-f7b9-4710-a2fd-66ca289f7c94, name: python3
[I 08:12:04.946 NotebookApp] Adapting from protocol version 5.1 (kernel 96d4f86e-f7b9-4710-a2fd-66ca289f7c94) to 5.3 (client).
[W 08:13:19.886 NotebookApp] 404 GET /tree/workspace/icon.png (172.17.0.1) 2.250000ms referer=http://localhost:8889/tree/workspace/tf
[W 08:13:25.301 NotebookApp] 404 GET /nbextensions/contrib_nbextensions_help_item/icon.png (172.17.0.1) 3.380000ms referer=http://localhost:8889/tree/workspace/tf
[I 08:15:16.412 NotebookApp] Starting buffering for 96d4f86e-f7b9-4710-a2fd-66ca289f7c94:52057a148da94b7e844b7eb385d92c96
[W 08:15:19.063 NotebookApp] Config option `template_path` not recognized by `ExporterCollapsibleHeadings`.  Did you mean one of: `extra_template_paths, template_name, template_paths`?
[W 08:15:19.074 NotebookApp] Config option `template_path` not recognized by `ExporterCollapsibleHeadings`.  Did you mean one of: `extra_template_paths, template_name, template_paths`?
[W 08:15:19.107 NotebookApp] Config option `template_path` not recognized by `TocExporter`.  Did you mean one of: `extra_template_paths, template_name, template_paths`?
[W 08:15:19.116 NotebookApp] Config option `template_path` not recognized by `TocExporter`.  Did you mean one of: `extra_template_paths, template_name, template_paths`?
[W 08:15:19.129 NotebookApp] Config option `template_path` not recognized by `LenvsHTMLExporter`.  Did you mean one of: `extra_template_paths, template_name, template_paths`?
[W 08:15:19.144 NotebookApp] Config option `template_path` not recognized by `LenvsHTMLExporter`.  Did you mean one of: `extra_template_paths, template_name, template_paths`?
[W 08:15:19.164 NotebookApp] Config option `template_path` not recognized by `LenvsTocHTMLExporter`.  Did you mean one of: `extra_template_paths, template_name, template_paths`?
[W 08:15:19.179 NotebookApp] Config option `template_path` not recognized by `LenvsTocHTMLExporter`.  Did you mean one of: `extra_template_paths, template_name, template_paths`?
[W 08:15:19.218 NotebookApp] Config option `template_path` not recognized by `LenvsLatexExporter`.  Did you mean one of: `extra_template_paths, template_name, template_paths`?
[W 08:15:19.226 NotebookApp] Config option `template_path` not recognized by `LenvsLatexExporter`.  Did you mean one of: `extra_template_paths, template_name, template_paths`?
[W 08:15:19.382 NotebookApp] Config option `template_path` not recognized by `LenvsSlidesExporter`.  Did you mean one of: `extra_template_paths, template_name, template_paths`?
[W 08:15:19.390 NotebookApp] Config option `template_path` not recognized by `LenvsSlidesExporter`.  Did you mean one of: `extra_template_paths, template_name, template_paths`?
[W 08:15:19.479 NotebookApp] Config option `template_path` not recognized by `ExporterCollapsibleHeadings`.  Did you mean one of: `extra_template_paths, template_name, template_paths`?
[W 08:15:19.489 NotebookApp] Config option `template_path` not recognized by `ExporterCollapsibleHeadings`.  Did you mean one of: `extra_template_paths, template_name, template_paths`?
[W 08:15:19.519 NotebookApp] Config option `template_path` not recognized by `TocExporter`.  Did you mean one of: `extra_template_paths, template_name, template_paths`?
[W 08:15:19.527 NotebookApp] Config option `template_path` not recognized by `TocExporter`.  Did you mean one of: `extra_template_paths, template_name, template_paths`?
[W 08:15:19.540 NotebookApp] Config option `template_path` not recognized by `LenvsHTMLExporter`.  Did you mean one of: `extra_template_paths, template_name, template_paths`?
[W 08:15:19.553 NotebookApp] Config option `template_path` not recognized by `LenvsHTMLExporter`.  Did you mean one of: `extra_template_paths, template_name, template_paths`?
[W 08:15:19.571 NotebookApp] Config option `template_path` not recognized by `LenvsTocHTMLExporter`.  Did you mean one of: `extra_template_paths, template_name, template_paths`?
[W 08:15:19.584 NotebookApp] Config option `template_path` not recognized by `LenvsTocHTMLExporter`.  Did you mean one of: `extra_template_paths, template_name, template_paths`?
[W 08:15:19.622 NotebookApp] Config option `template_path` not recognized by `LenvsLatexExporter`.  Did you mean one of: `extra_template_paths, template_name, template_paths`?
[W 08:15:19.629 NotebookApp] Config option `template_path` not recognized by `LenvsLatexExporter`.  Did you mean one of: `extra_template_paths, template_name, template_paths`?
[W 08:15:19.785 NotebookApp] Config option `template_path` not recognized by `LenvsSlidesExporter`.  Did you mean one of: `extra_template_paths, template_name, template_paths`?
[W 08:15:19.794 NotebookApp] Config option `template_path` not recognized by `LenvsSlidesExporter`.  Did you mean one of: `extra_template_paths, template_name, template_paths`?
[I 08:15:20.713 NotebookApp] Adapting from protocol version 5.1 (kernel 96d4f86e-f7b9-4710-a2fd-66ca289f7c94) to 5.3 (client).
2021-03-18 08:15:46.791051: I tensorflow/stream_executor/platform/default/dso_loader.cc:49] Successfully opened dynamic library libcudart.so.11.0
[I 08:17:20.696 NotebookApp] Saving file at /workspace/tf/actor_critic-Copy1.ipynb
[I 08:17:20.697 NotebookApp] Saving actor_critic-Copy1.ipynb
2021-03-18 08:24:56.574611: I tensorflow/compiler/jit/xla_cpu_device.cc:41] Not creating XLA devices, tf_xla_enable_xla_devices not set
2021-03-18 08:24:56.575386: I tensorflow/stream_executor/platform/default/dso_loader.cc:49] Successfully opened dynamic library libcuda.so.1
2021-03-18 08:24:56.634436: I tensorflow/stream_executor/cuda/cuda_gpu_executor.cc:941] successful NUMA node read from SysFS had negative value (-1), but there must be at least one NUMA node, so returning NUMA node zero
2021-03-18 08:24:56.634878: I tensorflow/core/common_runtime/gpu/gpu_device.cc:1720] Found device 0 with properties: 
pciBusID: 0000:01:00.0 name: GeForce GTX 1070 computeCapability: 6.1
coreClock: 1.695GHz coreCount: 16 deviceMemorySize: 7.90GiB deviceMemoryBandwidth: 238.66GiB/s
2021-03-18 08:24:56.634906: I tensorflow/stream_executor/platform/default/dso_loader.cc:49] Successfully opened dynamic library libcudart.so.11.0
2021-03-18 08:24:56.639818: I tensorflow/stream_executor/platform/default/dso_loader.cc:49] Successfully opened dynamic library libcublas.so.11
2021-03-18 08:24:56.639880: I tensorflow/stream_executor/platform/default/dso_loader.cc:49] Successfully opened dynamic library libcublasLt.so.11
2021-03-18 08:24:56.641082: I tensorflow/stream_executor/platform/default/dso_loader.cc:49] Successfully opened dynamic library libcufft.so.10
2021-03-18 08:24:56.641355: I tensorflow/stream_executor/platform/default/dso_loader.cc:49] Successfully opened dynamic library libcurand.so.10
2021-03-18 08:24:56.644512: I tensorflow/stream_executor/platform/default/dso_loader.cc:49] Successfully opened dynamic library libcusolver.so.10
2021-03-18 08:24:56.645212: I tensorflow/stream_executor/platform/default/dso_loader.cc:49] Successfully opened dynamic library libcusparse.so.11
2021-03-18 08:24:56.645651: I tensorflow/stream_executor/platform/default/dso_loader.cc:49] Successfully opened dynamic library libcudnn.so.8
2021-03-18 08:24:56.645762: I tensorflow/stream_executor/cuda/cuda_gpu_executor.cc:941] successful NUMA node read from SysFS had negative value (-1), but there must be at least one NUMA node, so returning NUMA node zero
2021-03-18 08:24:56.646332: I tensorflow/stream_executor/cuda/cuda_gpu_executor.cc:941] successful NUMA node read from SysFS had negative value (-1), but there must be at least one NUMA node, so returning NUMA node zero
2021-03-18 08:24:56.646712: I tensorflow/core/common_runtime/gpu/gpu_device.cc:1862] Adding visible gpu devices: 0
2021-03-18 08:24:56.647032: I tensorflow/core/platform/cpu_feature_guard.cc:142] This TensorFlow binary is optimized with oneAPI Deep Neural Network Library (oneDNN) to use the following CPU instructions in performance-critical operations:  AVX2 FMA
To enable them in other operations, rebuild TensorFlow with the appropriate compiler flags.
2021-03-18 08:24:56.647413: I tensorflow/compiler/jit/xla_gpu_device.cc:99] Not creating XLA devices, tf_xla_enable_xla_devices not set
2021-03-18 08:24:56.647516: I tensorflow/stream_executor/cuda/cuda_gpu_executor.cc:941] successful NUMA node read from SysFS had negative value (-1), but there must be at least one NUMA node, so returning NUMA node zero
2021-03-18 08:24:56.647916: I tensorflow/core/common_runtime/gpu/gpu_device.cc:1720] Found device 0 with properties: 
pciBusID: 0000:01:00.0 name: GeForce GTX 1070 computeCapability: 6.1
coreClock: 1.695GHz coreCount: 16 deviceMemorySize: 7.90GiB deviceMemoryBandwidth: 238.66GiB/s
2021-03-18 08:24:56.647942: I tensorflow/stream_executor/platform/default/dso_loader.cc:49] Successfully opened dynamic library libcudart.so.11.0
2021-03-18 08:24:56.647973: I tensorflow/stream_executor/platform/default/dso_loader.cc:49] Successfully opened dynamic library libcublas.so.11
2021-03-18 08:24:56.647991: I tensorflow/stream_executor/platform/default/dso_loader.cc:49] Successfully opened dynamic library libcublasLt.so.11
2021-03-18 08:24:56.648008: I tensorflow/stream_executor/platform/default/dso_loader.cc:49] Successfully opened dynamic library libcufft.so.10
2021-03-18 08:24:56.648026: I tensorflow/stream_executor/platform/default/dso_loader.cc:49] Successfully opened dynamic library libcurand.so.10
2021-03-18 08:24:56.648042: I tensorflow/stream_executor/platform/default/dso_loader.cc:49] Successfully opened dynamic library libcusolver.so.10
2021-03-18 08:24:56.648059: I tensorflow/stream_executor/platform/default/dso_loader.cc:49] Successfully opened dynamic library libcusparse.so.11
2021-03-18 08:24:56.648076: I tensorflow/stream_executor/platform/default/dso_loader.cc:49] Successfully opened dynamic library libcudnn.so.8
2021-03-18 08:24:56.648145: I tensorflow/stream_executor/cuda/cuda_gpu_executor.cc:941] successful NUMA node read from SysFS had negative value (-1), but there must be at least one NUMA node, so returning NUMA node zero
2021-03-18 08:24:56.648573: I tensorflow/stream_executor/cuda/cuda_gpu_executor.cc:941] successful NUMA node read from SysFS had negative value (-1), but there must be at least one NUMA node, so returning NUMA node zero
2021-03-18 08:24:56.648946: I tensorflow/core/common_runtime/gpu/gpu_device.cc:1862] Adding visible gpu devices: 0
2021-03-18 08:24:56.648981: I tensorflow/stream_executor/platform/default/dso_loader.cc:49] Successfully opened dynamic library libcudart.so.11.0
2021-03-18 08:24:57.049335: I tensorflow/core/common_runtime/gpu/gpu_device.cc:1261] Device interconnect StreamExecutor with strength 1 edge matrix:
2021-03-18 08:24:57.049368: I tensorflow/core/common_runtime/gpu/gpu_device.cc:1267]      0 
2021-03-18 08:24:57.049375: I tensorflow/core/common_runtime/gpu/gpu_device.cc:1280] 0:   N 
2021-03-18 08:24:57.049530: I tensorflow/stream_executor/cuda/cuda_gpu_executor.cc:941] successful NUMA node read from SysFS had negative value (-1), but there must be at least one NUMA node, so returning NUMA node zero
2021-03-18 08:24:57.049837: I tensorflow/stream_executor/cuda/cuda_gpu_executor.cc:941] successful NUMA node read from SysFS had negative value (-1), but there must be at least one NUMA node, so returning NUMA node zero
2021-03-18 08:24:57.050112: I tensorflow/stream_executor/cuda/cuda_gpu_executor.cc:941] successful NUMA node read from SysFS had negative value (-1), but there must be at least one NUMA node, so returning NUMA node zero
2021-03-18 08:24:57.050365: I tensorflow/core/common_runtime/gpu/gpu_device.cc:1406] Created TensorFlow device (/job:localhost/replica:0/task:0/device:GPU:0 with 5966 MB memory) -> physical GPU (device: 0, name: GeForce GTX 1070, pci bus id: 0000:01:00.0, compute capability: 6.1)
[I 08:25:20.696 NotebookApp] Saving file at /workspace/tf/actor_critic-Copy1.ipynb
[I 08:25:20.701 NotebookApp] Saving actor_critic-Copy1.ipynb
[I 08:26:36.804 NotebookApp] Starting buffering for 96d4f86e-f7b9-4710-a2fd-66ca289f7c94:e9a78939979f47768397b93fc4072e65
[I 08:26:43.231 NotebookApp] 302 GET / (172.17.0.1) 0.600000ms
[I 08:26:48.466 NotebookApp] 302 GET / (172.17.0.1) 0.960000ms
[W 08:26:52.403 NotebookApp] Config option `template_path` not recognized by `ExporterCollapsibleHeadings`.  Did you mean one of: `extra_template_paths, template_name, template_paths`?
[W 08:26:52.415 NotebookApp] Config option `template_path` not recognized by `ExporterCollapsibleHeadings`.  Did you mean one of: `extra_template_paths, template_name, template_paths`?
[W 08:26:52.448 NotebookApp] Config option `template_path` not recognized by `TocExporter`.  Did you mean one of: `extra_template_paths, template_name, template_paths`?
[W 08:26:52.458 NotebookApp] Config option `template_path` not recognized by `TocExporter`.  Did you mean one of: `extra_template_paths, template_name, template_paths`?
[W 08:26:52.473 NotebookApp] Config option `template_path` not recognized by `LenvsHTMLExporter`.  Did you mean one of: `extra_template_paths, template_name, template_paths`?
[W 08:26:52.487 NotebookApp] Config option `template_path` not recognized by `LenvsHTMLExporter`.  Did you mean one of: `extra_template_paths, template_name, template_paths`?
[W 08:26:52.507 NotebookApp] Config option `template_path` not recognized by `LenvsTocHTMLExporter`.  Did you mean one of: `extra_template_paths, template_name, template_paths`?
[W 08:26:52.523 NotebookApp] Config option `template_path` not recognized by `LenvsTocHTMLExporter`.  Did you mean one of: `extra_template_paths, template_name, template_paths`?
[W 08:26:52.562 NotebookApp] Config option `template_path` not recognized by `LenvsLatexExporter`.  Did you mean one of: `extra_template_paths, template_name, template_paths`?
[W 08:26:52.570 NotebookApp] Config option `template_path` not recognized by `LenvsLatexExporter`.  Did you mean one of: `extra_template_paths, template_name, template_paths`?
[W 08:26:52.733 NotebookApp] Config option `template_path` not recognized by `LenvsSlidesExporter`.  Did you mean one of: `extra_template_paths, template_name, template_paths`?
[W 08:26:52.742 NotebookApp] Config option `template_path` not recognized by `LenvsSlidesExporter`.  Did you mean one of: `extra_template_paths, template_name, template_paths`?
[W 08:26:52.837 NotebookApp] Config option `template_path` not recognized by `ExporterCollapsibleHeadings`.  Did you mean one of: `extra_template_paths, template_name, template_paths`?
[W 08:26:52.848 NotebookApp] Config option `template_path` not recognized by `ExporterCollapsibleHeadings`.  Did you mean one of: `extra_template_paths, template_name, template_paths`?
[W 08:26:52.879 NotebookApp] Config option `template_path` not recognized by `TocExporter`.  Did you mean one of: `extra_template_paths, template_name, template_paths`?
[W 08:26:52.888 NotebookApp] Config option `template_path` not recognized by `TocExporter`.  Did you mean one of: `extra_template_paths, template_name, template_paths`?
[W 08:26:52.901 NotebookApp] Config option `template_path` not recognized by `LenvsHTMLExporter`.  Did you mean one of: `extra_template_paths, template_name, template_paths`?
[W 08:26:52.916 NotebookApp] Config option `template_path` not recognized by `LenvsHTMLExporter`.  Did you mean one of: `extra_template_paths, template_name, template_paths`?
[W 08:26:52.935 NotebookApp] Config option `template_path` not recognized by `LenvsTocHTMLExporter`.  Did you mean one of: `extra_template_paths, template_name, template_paths`?
[W 08:26:52.949 NotebookApp] Config option `template_path` not recognized by `LenvsTocHTMLExporter`.  Did you mean one of: `extra_template_paths, template_name, template_paths`?
[W 08:26:52.990 NotebookApp] Config option `template_path` not recognized by `LenvsLatexExporter`.  Did you mean one of: `extra_template_paths, template_name, template_paths`?
[W 08:26:52.998 NotebookApp] Config option `template_path` not recognized by `LenvsLatexExporter`.  Did you mean one of: `extra_template_paths, template_name, template_paths`?
[W 08:26:53.163 NotebookApp] Config option `template_path` not recognized by `LenvsSlidesExporter`.  Did you mean one of: `extra_template_paths, template_name, template_paths`?
[W 08:26:53.173 NotebookApp] Config option `template_path` not recognized by `LenvsSlidesExporter`.  Did you mean one of: `extra_template_paths, template_name, template_paths`?
[I 08:26:54.083 NotebookApp] Adapting from protocol version 5.1 (kernel 96d4f86e-f7b9-4710-a2fd-66ca289f7c94) to 5.3 (client).
[I 08:26:55.698 NotebookApp] Starting buffering for 96d4f86e-f7b9-4710-a2fd-66ca289f7c94:d517857aad0443798c10e5660d2fd23e
[IPKernelApp] WARNING | Parent appears to have exited, shutting down.
[I 08:27:16.327 NotebookApp] [jupyter_nbextensions_configurator] enabled 0.4.1
[I 08:27:16.380 NotebookApp] [Jupytext Server Extension] Deriving a JupytextContentsManager from LargeFileManager
[I 08:27:16.382 NotebookApp] Serving notebooks from local directory: /jwkim
[I 08:27:16.382 NotebookApp] Jupyter Notebook 6.2.0 is running at:
[I 08:27:16.382 NotebookApp] http://b94d15949023:8888/
[I 08:27:16.382 NotebookApp] Use Control-C to stop this server and shut down all kernels (twice to skip confirmation).
[I 08:27:21.122 NotebookApp] 302 GET / (172.17.0.1) 1.640000ms
[W 08:27:30.637 NotebookApp] Config option `template_path` not recognized by `ExporterCollapsibleHeadings`.  Did you mean one of: `extra_template_paths, template_name, template_paths`?
[W 08:27:30.647 NotebookApp] Config option `template_path` not recognized by `ExporterCollapsibleHeadings`.  Did you mean one of: `extra_template_paths, template_name, template_paths`?
[W 08:27:30.677 NotebookApp] Config option `template_path` not recognized by `TocExporter`.  Did you mean one of: `extra_template_paths, template_name, template_paths`?
[W 08:27:30.684 NotebookApp] Config option `template_path` not recognized by `TocExporter`.  Did you mean one of: `extra_template_paths, template_name, template_paths`?
[W 08:27:30.698 NotebookApp] Config option `template_path` not recognized by `LenvsHTMLExporter`.  Did you mean one of: `extra_template_paths, template_name, template_paths`?
[W 08:27:30.711 NotebookApp] Config option `template_path` not recognized by `LenvsHTMLExporter`.  Did you mean one of: `extra_template_paths, template_name, template_paths`?
[W 08:27:30.729 NotebookApp] Config option `template_path` not recognized by `LenvsTocHTMLExporter`.  Did you mean one of: `extra_template_paths, template_name, template_paths`?
[W 08:27:30.742 NotebookApp] Config option `template_path` not recognized by `LenvsTocHTMLExporter`.  Did you mean one of: `extra_template_paths, template_name, template_paths`?
[W 08:27:30.780 NotebookApp] Config option `template_path` not recognized by `LenvsLatexExporter`.  Did you mean one of: `extra_template_paths, template_name, template_paths`?
[W 08:27:30.788 NotebookApp] Config option `template_path` not recognized by `LenvsLatexExporter`.  Did you mean one of: `extra_template_paths, template_name, template_paths`?
[W 08:27:30.944 NotebookApp] Config option `template_path` not recognized by `LenvsSlidesExporter`.  Did you mean one of: `extra_template_paths, template_name, template_paths`?
[W 08:27:30.953 NotebookApp] Config option `template_path` not recognized by `LenvsSlidesExporter`.  Did you mean one of: `extra_template_paths, template_name, template_paths`?
[W 08:27:31.047 NotebookApp] Config option `template_path` not recognized by `ExporterCollapsibleHeadings`.  Did you mean one of: `extra_template_paths, template_name, template_paths`?
[W 08:27:31.059 NotebookApp] Config option `template_path` not recognized by `ExporterCollapsibleHeadings`.  Did you mean one of: `extra_template_paths, template_name, template_paths`?
[W 08:27:31.090 NotebookApp] Config option `template_path` not recognized by `TocExporter`.  Did you mean one of: `extra_template_paths, template_name, template_paths`?
[W 08:27:31.099 NotebookApp] Config option `template_path` not recognized by `TocExporter`.  Did you mean one of: `extra_template_paths, template_name, template_paths`?
[W 08:27:31.111 NotebookApp] Config option `template_path` not recognized by `LenvsHTMLExporter`.  Did you mean one of: `extra_template_paths, template_name, template_paths`?
[W 08:27:31.126 NotebookApp] Config option `template_path` not recognized by `LenvsHTMLExporter`.  Did you mean one of: `extra_template_paths, template_name, template_paths`?
[W 08:27:31.145 NotebookApp] Config option `template_path` not recognized by `LenvsTocHTMLExporter`.  Did you mean one of: `extra_template_paths, template_name, template_paths`?
[W 08:27:31.160 NotebookApp] Config option `template_path` not recognized by `LenvsTocHTMLExporter`.  Did you mean one of: `extra_template_paths, template_name, template_paths`?
[W 08:27:31.200 NotebookApp] Config option `template_path` not recognized by `LenvsLatexExporter`.  Did you mean one of: `extra_template_paths, template_name, template_paths`?
[W 08:27:31.208 NotebookApp] Config option `template_path` not recognized by `LenvsLatexExporter`.  Did you mean one of: `extra_template_paths, template_name, template_paths`?
[W 08:27:31.368 NotebookApp] Config option `template_path` not recognized by `LenvsSlidesExporter`.  Did you mean one of: `extra_template_paths, template_name, template_paths`?
[W 08:27:31.377 NotebookApp] Config option `template_path` not recognized by `LenvsSlidesExporter`.  Did you mean one of: `extra_template_paths, template_name, template_paths`?
[I 08:27:32.250 NotebookApp] Kernel started: 4d45529c-f6f9-44eb-ab8f-e4f5bb9c8095, name: python3
[I 08:27:32.863 NotebookApp] Adapting from protocol version 5.1 (kernel 4d45529c-f6f9-44eb-ab8f-e4f5bb9c8095) to 5.3 (client).
[I 08:29:08.551 NotebookApp] Saving file at /workspace/tf/actor_critic-Copy1.ipynb
[I 08:29:08.552 NotebookApp] Saving actor_critic-Copy1.ipynb
[I 08:29:09.004 NotebookApp] Starting buffering for 4d45529c-f6f9-44eb-ab8f-e4f5bb9c8095:191e4c63f5d54af191c2ec5766fc0554
[IPKernelApp] WARNING | Parent appears to have exited, shutting down.
[I 08:35:09.925 NotebookApp] [jupyter_nbextensions_configurator] enabled 0.4.1
[I 08:35:09.982 NotebookApp] [Jupytext Server Extension] Deriving a JupytextContentsManager from LargeFileManager
[I 08:35:09.985 NotebookApp] Serving notebooks from local directory: /jwkim
[I 08:35:09.985 NotebookApp] Jupyter Notebook 6.2.0 is running at:
[I 08:35:09.985 NotebookApp] http://b94d15949023:8888/
[I 08:35:09.985 NotebookApp] Use Control-C to stop this server and shut down all kernels (twice to skip confirmation).
[W 08:35:16.222 NotebookApp] Config option `template_path` not recognized by `ExporterCollapsibleHeadings`.  Did you mean one of: `extra_template_paths, template_name, template_paths`?
[W 08:35:16.232 NotebookApp] Config option `template_path` not recognized by `ExporterCollapsibleHeadings`.  Did you mean one of: `extra_template_paths, template_name, template_paths`?
[W 08:35:16.261 NotebookApp] Config option `template_path` not recognized by `TocExporter`.  Did you mean one of: `extra_template_paths, template_name, template_paths`?
[W 08:35:16.269 NotebookApp] Config option `template_path` not recognized by `TocExporter`.  Did you mean one of: `extra_template_paths, template_name, template_paths`?
[W 08:35:16.282 NotebookApp] Config option `template_path` not recognized by `LenvsHTMLExporter`.  Did you mean one of: `extra_template_paths, template_name, template_paths`?
[W 08:35:16.295 NotebookApp] Config option `template_path` not recognized by `LenvsHTMLExporter`.  Did you mean one of: `extra_template_paths, template_name, template_paths`?
[W 08:35:16.312 NotebookApp] Config option `template_path` not recognized by `LenvsTocHTMLExporter`.  Did you mean one of: `extra_template_paths, template_name, template_paths`?
[W 08:35:16.326 NotebookApp] Config option `template_path` not recognized by `LenvsTocHTMLExporter`.  Did you mean one of: `extra_template_paths, template_name, template_paths`?
[W 08:35:16.363 NotebookApp] Config option `template_path` not recognized by `LenvsLatexExporter`.  Did you mean one of: `extra_template_paths, template_name, template_paths`?
[W 08:35:16.371 NotebookApp] Config option `template_path` not recognized by `LenvsLatexExporter`.  Did you mean one of: `extra_template_paths, template_name, template_paths`?
[W 08:35:16.521 NotebookApp] Config option `template_path` not recognized by `LenvsSlidesExporter`.  Did you mean one of: `extra_template_paths, template_name, template_paths`?
[W 08:35:16.529 NotebookApp] Config option `template_path` not recognized by `LenvsSlidesExporter`.  Did you mean one of: `extra_template_paths, template_name, template_paths`?
[W 08:35:16.618 NotebookApp] Config option `template_path` not recognized by `ExporterCollapsibleHeadings`.  Did you mean one of: `extra_template_paths, template_name, template_paths`?
[W 08:35:16.628 NotebookApp] Config option `template_path` not recognized by `ExporterCollapsibleHeadings`.  Did you mean one of: `extra_template_paths, template_name, template_paths`?
[W 08:35:16.655 NotebookApp] Config option `template_path` not recognized by `TocExporter`.  Did you mean one of: `extra_template_paths, template_name, template_paths`?
[W 08:35:16.663 NotebookApp] Config option `template_path` not recognized by `TocExporter`.  Did you mean one of: `extra_template_paths, template_name, template_paths`?
[W 08:35:16.675 NotebookApp] Config option `template_path` not recognized by `LenvsHTMLExporter`.  Did you mean one of: `extra_template_paths, template_name, template_paths`?
[W 08:35:16.688 NotebookApp] Config option `template_path` not recognized by `LenvsHTMLExporter`.  Did you mean one of: `extra_template_paths, template_name, template_paths`?
[W 08:35:16.705 NotebookApp] Config option `template_path` not recognized by `LenvsTocHTMLExporter`.  Did you mean one of: `extra_template_paths, template_name, template_paths`?
[W 08:35:16.720 NotebookApp] Config option `template_path` not recognized by `LenvsTocHTMLExporter`.  Did you mean one of: `extra_template_paths, template_name, template_paths`?
[W 08:35:16.757 NotebookApp] Config option `template_path` not recognized by `LenvsLatexExporter`.  Did you mean one of: `extra_template_paths, template_name, template_paths`?
[W 08:35:16.764 NotebookApp] Config option `template_path` not recognized by `LenvsLatexExporter`.  Did you mean one of: `extra_template_paths, template_name, template_paths`?
[W 08:35:16.918 NotebookApp] Config option `template_path` not recognized by `LenvsSlidesExporter`.  Did you mean one of: `extra_template_paths, template_name, template_paths`?
[W 08:35:16.927 NotebookApp] Config option `template_path` not recognized by `LenvsSlidesExporter`.  Did you mean one of: `extra_template_paths, template_name, template_paths`?
[I 08:35:17.813 NotebookApp] Kernel started: 8b84f01a-23cd-4771-bb08-fa1423b61514, name: python3
[I 08:35:18.476 NotebookApp] Adapting from protocol version 5.1 (kernel 8b84f01a-23cd-4771-bb08-fa1423b61514) to 5.3 (client).
[I 08:35:48.320 NotebookApp] Starting buffering for 8b84f01a-23cd-4771-bb08-fa1423b61514:5177cd44377b47a9a2441f4d99bd2e1b
[I 08:35:48.636 NotebookApp] Kernel restarted: 8b84f01a-23cd-4771-bb08-fa1423b61514
[I 08:35:48.664 NotebookApp] Adapting from protocol version 5.1 (kernel 8b84f01a-23cd-4771-bb08-fa1423b61514) to 5.3 (client).
[I 08:35:48.665 NotebookApp] Restoring connection for 8b84f01a-23cd-4771-bb08-fa1423b61514:5177cd44377b47a9a2441f4d99bd2e1b
[I 08:35:49.133 NotebookApp] Replaying 3 buffered messages
2021-03-18 08:35:50.045094: I tensorflow/stream_executor/platform/default/dso_loader.cc:49] Successfully opened dynamic library libcudart.so.11.0
2021-03-18 08:35:51.497516: I tensorflow/compiler/jit/xla_cpu_device.cc:41] Not creating XLA devices, tf_xla_enable_xla_devices not set
2021-03-18 08:35:51.498166: I tensorflow/stream_executor/platform/default/dso_loader.cc:49] Successfully opened dynamic library libcuda.so.1
2021-03-18 08:35:51.561730: I tensorflow/stream_executor/cuda/cuda_gpu_executor.cc:941] successful NUMA node read from SysFS had negative value (-1), but there must be at least one NUMA node, so returning NUMA node zero
2021-03-18 08:35:51.562257: I tensorflow/core/common_runtime/gpu/gpu_device.cc:1720] Found device 0 with properties: 
pciBusID: 0000:01:00.0 name: GeForce GTX 1070 computeCapability: 6.1
coreClock: 1.695GHz coreCount: 16 deviceMemorySize: 7.90GiB deviceMemoryBandwidth: 238.66GiB/s
2021-03-18 08:35:51.562293: I tensorflow/stream_executor/platform/default/dso_loader.cc:49] Successfully opened dynamic library libcudart.so.11.0
2021-03-18 08:35:51.565626: I tensorflow/stream_executor/platform/default/dso_loader.cc:49] Successfully opened dynamic library libcublas.so.11
2021-03-18 08:35:51.565695: I tensorflow/stream_executor/platform/default/dso_loader.cc:49] Successfully opened dynamic library libcublasLt.so.11
2021-03-18 08:35:51.567138: I tensorflow/stream_executor/platform/default/dso_loader.cc:49] Successfully opened dynamic library libcufft.so.10
2021-03-18 08:35:51.567481: I tensorflow/stream_executor/platform/default/dso_loader.cc:49] Successfully opened dynamic library libcurand.so.10
2021-03-18 08:35:51.571691: I tensorflow/stream_executor/platform/default/dso_loader.cc:49] Successfully opened dynamic library libcusolver.so.10
2021-03-18 08:35:51.572625: I tensorflow/stream_executor/platform/default/dso_loader.cc:49] Successfully opened dynamic library libcusparse.so.11
2021-03-18 08:35:51.572858: I tensorflow/stream_executor/platform/default/dso_loader.cc:49] Successfully opened dynamic library libcudnn.so.8
2021-03-18 08:35:51.572994: I tensorflow/stream_executor/cuda/cuda_gpu_executor.cc:941] successful NUMA node read from SysFS had negative value (-1), but there must be at least one NUMA node, so returning NUMA node zero
2021-03-18 08:35:51.573635: I tensorflow/stream_executor/cuda/cuda_gpu_executor.cc:941] successful NUMA node read from SysFS had negative value (-1), but there must be at least one NUMA node, so returning NUMA node zero
2021-03-18 08:35:51.574135: I tensorflow/core/common_runtime/gpu/gpu_device.cc:1862] Adding visible gpu devices: 0
2021-03-18 08:35:51.574716: I tensorflow/core/platform/cpu_feature_guard.cc:142] This TensorFlow binary is optimized with oneAPI Deep Neural Network Library (oneDNN) to use the following CPU instructions in performance-critical operations:  AVX2 FMA
To enable them in other operations, rebuild TensorFlow with the appropriate compiler flags.
2021-03-18 08:35:51.575226: I tensorflow/compiler/jit/xla_gpu_device.cc:99] Not creating XLA devices, tf_xla_enable_xla_devices not set
2021-03-18 08:35:51.575385: I tensorflow/stream_executor/cuda/cuda_gpu_executor.cc:941] successful NUMA node read from SysFS had negative value (-1), but there must be at least one NUMA node, so returning NUMA node zero
2021-03-18 08:35:51.575911: I tensorflow/core/common_runtime/gpu/gpu_device.cc:1720] Found device 0 with properties: 
pciBusID: 0000:01:00.0 name: GeForce GTX 1070 computeCapability: 6.1
coreClock: 1.695GHz coreCount: 16 deviceMemorySize: 7.90GiB deviceMemoryBandwidth: 238.66GiB/s
2021-03-18 08:35:51.575948: I tensorflow/stream_executor/platform/default/dso_loader.cc:49] Successfully opened dynamic library libcudart.so.11.0
2021-03-18 08:35:51.575976: I tensorflow/stream_executor/platform/default/dso_loader.cc:49] Successfully opened dynamic library libcublas.so.11
2021-03-18 08:35:51.576000: I tensorflow/stream_executor/platform/default/dso_loader.cc:49] Successfully opened dynamic library libcublasLt.so.11
2021-03-18 08:35:51.576024: I tensorflow/stream_executor/platform/default/dso_loader.cc:49] Successfully opened dynamic library libcufft.so.10
2021-03-18 08:35:51.576047: I tensorflow/stream_executor/platform/default/dso_loader.cc:49] Successfully opened dynamic library libcurand.so.10
2021-03-18 08:35:51.576070: I tensorflow/stream_executor/platform/default/dso_loader.cc:49] Successfully opened dynamic library libcusolver.so.10
2021-03-18 08:35:51.576093: I tensorflow/stream_executor/platform/default/dso_loader.cc:49] Successfully opened dynamic library libcusparse.so.11
2021-03-18 08:35:51.576116: I tensorflow/stream_executor/platform/default/dso_loader.cc:49] Successfully opened dynamic library libcudnn.so.8
2021-03-18 08:35:51.576212: I tensorflow/stream_executor/cuda/cuda_gpu_executor.cc:941] successful NUMA node read from SysFS had negative value (-1), but there must be at least one NUMA node, so returning NUMA node zero
2021-03-18 08:35:51.576775: I tensorflow/stream_executor/cuda/cuda_gpu_executor.cc:941] successful NUMA node read from SysFS had negative value (-1), but there must be at least one NUMA node, so returning NUMA node zero
2021-03-18 08:35:51.577283: I tensorflow/core/common_runtime/gpu/gpu_device.cc:1862] Adding visible gpu devices: 0
2021-03-18 08:35:51.577335: I tensorflow/stream_executor/platform/default/dso_loader.cc:49] Successfully opened dynamic library libcudart.so.11.0
2021-03-18 08:35:51.989102: I tensorflow/core/common_runtime/gpu/gpu_device.cc:1261] Device interconnect StreamExecutor with strength 1 edge matrix:
2021-03-18 08:35:51.989135: I tensorflow/core/common_runtime/gpu/gpu_device.cc:1267]      0 
2021-03-18 08:35:51.989150: I tensorflow/core/common_runtime/gpu/gpu_device.cc:1280] 0:   N 
2021-03-18 08:35:51.989376: I tensorflow/stream_executor/cuda/cuda_gpu_executor.cc:941] successful NUMA node read from SysFS had negative value (-1), but there must be at least one NUMA node, so returning NUMA node zero
2021-03-18 08:35:51.989686: I tensorflow/stream_executor/cuda/cuda_gpu_executor.cc:941] successful NUMA node read from SysFS had negative value (-1), but there must be at least one NUMA node, so returning NUMA node zero
2021-03-18 08:35:51.989962: I tensorflow/stream_executor/cuda/cuda_gpu_executor.cc:941] successful NUMA node read from SysFS had negative value (-1), but there must be at least one NUMA node, so returning NUMA node zero
2021-03-18 08:35:51.990216: I tensorflow/core/common_runtime/gpu/gpu_device.cc:1406] Created TensorFlow device (/job:localhost/replica:0/task:0/device:GPU:0 with 5798 MB memory) -> physical GPU (device: 0, name: GeForce GTX 1070, pci bus id: 0000:01:00.0, compute capability: 6.1)
[IPKernelApp] ERROR | Exception in message handler:
Traceback (most recent call last):
  File "/usr/local/lib/python3.6/dist-packages/ipykernel/kernelbase.py", line 272, in dispatch_shell
    yield gen.maybe_future(handler(stream, idents, msg))
  File "/usr/local/lib/python3.6/dist-packages/tornado/gen.py", line 762, in run
    value = future.result()
  File "/usr/local/lib/python3.6/dist-packages/tornado/gen.py", line 234, in wrapper
    yielded = ctx_run(next, result)
  File "/usr/local/lib/python3.6/dist-packages/tornado/gen.py", line 162, in _fake_ctx_run
    return f(*args, **kw)
  File "/usr/local/lib/python3.6/dist-packages/ipykernel/kernelbase.py", line 580, in complete_request
    matches = yield gen.maybe_future(self.do_complete(code, cursor_pos))
  File "/usr/local/lib/python3.6/dist-packages/ipykernel/ipkernel.py", line 348, in do_complete
    return self._experimental_do_complete(code, cursor_pos)
  File "/usr/local/lib/python3.6/dist-packages/ipykernel/ipkernel.py", line 373, in _experimental_do_complete
    completions = list(_rectify_completions(code, raw_completions))
  File "/usr/local/lib/python3.6/dist-packages/IPython/core/completer.py", line 484, in rectify_completions
    completions = list(completions)
  File "/usr/local/lib/python3.6/dist-packages/IPython/core/completer.py", line 1818, in completions
    for c in self._completions(text, offset, _timeout=self.jedi_compute_type_timeout/1000):
  File "/usr/local/lib/python3.6/dist-packages/IPython/core/completer.py", line 1862, in _completions
    full_text=full_text, cursor_line=cursor_line, cursor_pos=cursor_column)
  File "/usr/local/lib/python3.6/dist-packages/IPython/core/completer.py", line 2030, in _complete
    cursor_pos, cursor_line, full_text)
  File "/usr/local/lib/python3.6/dist-packages/IPython/core/completer.py", line 1374, in _jedi_matches
    text[:offset], namespaces, column=cursor_column, line=cursor_line + 1)
  File "/usr/local/lib/python3.6/dist-packages/jedi/api/__init__.py", line 726, in __init__
    project=Project(Path.cwd()), **kwds)
TypeError: __init__() got an unexpected keyword argument 'column'
[IPKernelApp] ERROR | Exception in message handler:
Traceback (most recent call last):
  File "/usr/local/lib/python3.6/dist-packages/ipykernel/kernelbase.py", line 272, in dispatch_shell
    yield gen.maybe_future(handler(stream, idents, msg))
  File "/usr/local/lib/python3.6/dist-packages/tornado/gen.py", line 762, in run
    value = future.result()
  File "/usr/local/lib/python3.6/dist-packages/tornado/gen.py", line 234, in wrapper
    yielded = ctx_run(next, result)
  File "/usr/local/lib/python3.6/dist-packages/tornado/gen.py", line 162, in _fake_ctx_run
    return f(*args, **kw)
  File "/usr/local/lib/python3.6/dist-packages/ipykernel/kernelbase.py", line 580, in complete_request
    matches = yield gen.maybe_future(self.do_complete(code, cursor_pos))
  File "/usr/local/lib/python3.6/dist-packages/ipykernel/ipkernel.py", line 348, in do_complete
    return self._experimental_do_complete(code, cursor_pos)
  File "/usr/local/lib/python3.6/dist-packages/ipykernel/ipkernel.py", line 373, in _experimental_do_complete
    completions = list(_rectify_completions(code, raw_completions))
  File "/usr/local/lib/python3.6/dist-packages/IPython/core/completer.py", line 484, in rectify_completions
    completions = list(completions)
  File "/usr/local/lib/python3.6/dist-packages/IPython/core/completer.py", line 1818, in completions
    for c in self._completions(text, offset, _timeout=self.jedi_compute_type_timeout/1000):
  File "/usr/local/lib/python3.6/dist-packages/IPython/core/completer.py", line 1862, in _completions
    full_text=full_text, cursor_line=cursor_line, cursor_pos=cursor_column)
  File "/usr/local/lib/python3.6/dist-packages/IPython/core/completer.py", line 2030, in _complete
    cursor_pos, cursor_line, full_text)
  File "/usr/local/lib/python3.6/dist-packages/IPython/core/completer.py", line 1374, in _jedi_matches
    text[:offset], namespaces, column=cursor_column, line=cursor_line + 1)
  File "/usr/local/lib/python3.6/dist-packages/jedi/api/__init__.py", line 726, in __init__
    project=Project(Path.cwd()), **kwds)
TypeError: __init__() got an unexpected keyword argument 'column'
[IPKernelApp] ERROR | Exception in message handler:
Traceback (most recent call last):
  File "/usr/local/lib/python3.6/dist-packages/ipykernel/kernelbase.py", line 272, in dispatch_shell
    yield gen.maybe_future(handler(stream, idents, msg))
  File "/usr/local/lib/python3.6/dist-packages/tornado/gen.py", line 762, in run
    value = future.result()
  File "/usr/local/lib/python3.6/dist-packages/tornado/gen.py", line 234, in wrapper
    yielded = ctx_run(next, result)
  File "/usr/local/lib/python3.6/dist-packages/tornado/gen.py", line 162, in _fake_ctx_run
    return f(*args, **kw)
  File "/usr/local/lib/python3.6/dist-packages/ipykernel/kernelbase.py", line 580, in complete_request
    matches = yield gen.maybe_future(self.do_complete(code, cursor_pos))
  File "/usr/local/lib/python3.6/dist-packages/ipykernel/ipkernel.py", line 348, in do_complete
    return self._experimental_do_complete(code, cursor_pos)
  File "/usr/local/lib/python3.6/dist-packages/ipykernel/ipkernel.py", line 373, in _experimental_do_complete
    completions = list(_rectify_completions(code, raw_completions))
  File "/usr/local/lib/python3.6/dist-packages/IPython/core/completer.py", line 484, in rectify_completions
    completions = list(completions)
  File "/usr/local/lib/python3.6/dist-packages/IPython/core/completer.py", line 1818, in completions
    for c in self._completions(text, offset, _timeout=self.jedi_compute_type_timeout/1000):
  File "/usr/local/lib/python3.6/dist-packages/IPython/core/completer.py", line 1862, in _completions
    full_text=full_text, cursor_line=cursor_line, cursor_pos=cursor_column)
  File "/usr/local/lib/python3.6/dist-packages/IPython/core/completer.py", line 2030, in _complete
    cursor_pos, cursor_line, full_text)
  File "/usr/local/lib/python3.6/dist-packages/IPython/core/completer.py", line 1374, in _jedi_matches
    text[:offset], namespaces, column=cursor_column, line=cursor_line + 1)
  File "/usr/local/lib/python3.6/dist-packages/jedi/api/__init__.py", line 726, in __init__
    project=Project(Path.cwd()), **kwds)
TypeError: __init__() got an unexpected keyword argument 'column'
[IPKernelApp] ERROR | Exception in message handler:
Traceback (most recent call last):
  File "/usr/local/lib/python3.6/dist-packages/ipykernel/kernelbase.py", line 272, in dispatch_shell
    yield gen.maybe_future(handler(stream, idents, msg))
  File "/usr/local/lib/python3.6/dist-packages/tornado/gen.py", line 762, in run
    value = future.result()
  File "/usr/local/lib/python3.6/dist-packages/tornado/gen.py", line 234, in wrapper
    yielded = ctx_run(next, result)
  File "/usr/local/lib/python3.6/dist-packages/tornado/gen.py", line 162, in _fake_ctx_run
    return f(*args, **kw)
  File "/usr/local/lib/python3.6/dist-packages/ipykernel/kernelbase.py", line 580, in complete_request
    matches = yield gen.maybe_future(self.do_complete(code, cursor_pos))
  File "/usr/local/lib/python3.6/dist-packages/ipykernel/ipkernel.py", line 348, in do_complete
    return self._experimental_do_complete(code, cursor_pos)
  File "/usr/local/lib/python3.6/dist-packages/ipykernel/ipkernel.py", line 373, in _experimental_do_complete
    completions = list(_rectify_completions(code, raw_completions))
  File "/usr/local/lib/python3.6/dist-packages/IPython/core/completer.py", line 484, in rectify_completions
    completions = list(completions)
  File "/usr/local/lib/python3.6/dist-packages/IPython/core/completer.py", line 1818, in completions
    for c in self._completions(text, offset, _timeout=self.jedi_compute_type_timeout/1000):
  File "/usr/local/lib/python3.6/dist-packages/IPython/core/completer.py", line 1862, in _completions
    full_text=full_text, cursor_line=cursor_line, cursor_pos=cursor_column)
  File "/usr/local/lib/python3.6/dist-packages/IPython/core/completer.py", line 2030, in _complete
    cursor_pos, cursor_line, full_text)
  File "/usr/local/lib/python3.6/dist-packages/IPython/core/completer.py", line 1374, in _jedi_matches
    text[:offset], namespaces, column=cursor_column, line=cursor_line + 1)
  File "/usr/local/lib/python3.6/dist-packages/jedi/api/__init__.py", line 726, in __init__
    project=Project(Path.cwd()), **kwds)
TypeError: __init__() got an unexpected keyword argument 'column'
[IPKernelApp] ERROR | Exception in message handler:
Traceback (most recent call last):
  File "/usr/local/lib/python3.6/dist-packages/ipykernel/kernelbase.py", line 272, in dispatch_shell
    yield gen.maybe_future(handler(stream, idents, msg))
  File "/usr/local/lib/python3.6/dist-packages/tornado/gen.py", line 762, in run
    value = future.result()
  File "/usr/local/lib/python3.6/dist-packages/tornado/gen.py", line 234, in wrapper
    yielded = ctx_run(next, result)
  File "/usr/local/lib/python3.6/dist-packages/tornado/gen.py", line 162, in _fake_ctx_run
    return f(*args, **kw)
  File "/usr/local/lib/python3.6/dist-packages/ipykernel/kernelbase.py", line 580, in complete_request
    matches = yield gen.maybe_future(self.do_complete(code, cursor_pos))
  File "/usr/local/lib/python3.6/dist-packages/ipykernel/ipkernel.py", line 348, in do_complete
    return self._experimental_do_complete(code, cursor_pos)
  File "/usr/local/lib/python3.6/dist-packages/ipykernel/ipkernel.py", line 373, in _experimental_do_complete
    completions = list(_rectify_completions(code, raw_completions))
  File "/usr/local/lib/python3.6/dist-packages/IPython/core/completer.py", line 484, in rectify_completions
    completions = list(completions)
  File "/usr/local/lib/python3.6/dist-packages/IPython/core/completer.py", line 1818, in completions
    for c in self._completions(text, offset, _timeout=self.jedi_compute_type_timeout/1000):
  File "/usr/local/lib/python3.6/dist-packages/IPython/core/completer.py", line 1862, in _completions
    full_text=full_text, cursor_line=cursor_line, cursor_pos=cursor_column)
  File "/usr/local/lib/python3.6/dist-packages/IPython/core/completer.py", line 2030, in _complete
    cursor_pos, cursor_line, full_text)
  File "/usr/local/lib/python3.6/dist-packages/IPython/core/completer.py", line 1374, in _jedi_matches
    text[:offset], namespaces, column=cursor_column, line=cursor_line + 1)
  File "/usr/local/lib/python3.6/dist-packages/jedi/api/__init__.py", line 726, in __init__
    project=Project(Path.cwd()), **kwds)
TypeError: __init__() got an unexpected keyword argument 'column'
[IPKernelApp] ERROR | Exception in message handler:
Traceback (most recent call last):
  File "/usr/local/lib/python3.6/dist-packages/ipykernel/kernelbase.py", line 272, in dispatch_shell
    yield gen.maybe_future(handler(stream, idents, msg))
  File "/usr/local/lib/python3.6/dist-packages/tornado/gen.py", line 762, in run
    value = future.result()
  File "/usr/local/lib/python3.6/dist-packages/tornado/gen.py", line 234, in wrapper
    yielded = ctx_run(next, result)
  File "/usr/local/lib/python3.6/dist-packages/tornado/gen.py", line 162, in _fake_ctx_run
    return f(*args, **kw)
  File "/usr/local/lib/python3.6/dist-packages/ipykernel/kernelbase.py", line 580, in complete_request
    matches = yield gen.maybe_future(self.do_complete(code, cursor_pos))
  File "/usr/local/lib/python3.6/dist-packages/ipykernel/ipkernel.py", line 348, in do_complete
    return self._experimental_do_complete(code, cursor_pos)
  File "/usr/local/lib/python3.6/dist-packages/ipykernel/ipkernel.py", line 373, in _experimental_do_complete
    completions = list(_rectify_completions(code, raw_completions))
  File "/usr/local/lib/python3.6/dist-packages/IPython/core/completer.py", line 484, in rectify_completions
    completions = list(completions)
  File "/usr/local/lib/python3.6/dist-packages/IPython/core/completer.py", line 1818, in completions
    for c in self._completions(text, offset, _timeout=self.jedi_compute_type_timeout/1000):
  File "/usr/local/lib/python3.6/dist-packages/IPython/core/completer.py", line 1862, in _completions
    full_text=full_text, cursor_line=cursor_line, cursor_pos=cursor_column)
  File "/usr/local/lib/python3.6/dist-packages/IPython/core/completer.py", line 2030, in _complete
    cursor_pos, cursor_line, full_text)
  File "/usr/local/lib/python3.6/dist-packages/IPython/core/completer.py", line 1374, in _jedi_matches
    text[:offset], namespaces, column=cursor_column, line=cursor_line + 1)
  File "/usr/local/lib/python3.6/dist-packages/jedi/api/__init__.py", line 726, in __init__
    project=Project(Path.cwd()), **kwds)
TypeError: __init__() got an unexpected keyword argument 'column'
[IPKernelApp] ERROR | Exception in message handler:
Traceback (most recent call last):
  File "/usr/local/lib/python3.6/dist-packages/ipykernel/kernelbase.py", line 272, in dispatch_shell
    yield gen.maybe_future(handler(stream, idents, msg))
  File "/usr/local/lib/python3.6/dist-packages/tornado/gen.py", line 762, in run
    value = future.result()
  File "/usr/local/lib/python3.6/dist-packages/tornado/gen.py", line 234, in wrapper
    yielded = ctx_run(next, result)
  File "/usr/local/lib/python3.6/dist-packages/tornado/gen.py", line 162, in _fake_ctx_run
    return f(*args, **kw)
  File "/usr/local/lib/python3.6/dist-packages/ipykernel/kernelbase.py", line 580, in complete_request
    matches = yield gen.maybe_future(self.do_complete(code, cursor_pos))
  File "/usr/local/lib/python3.6/dist-packages/ipykernel/ipkernel.py", line 348, in do_complete
    return self._experimental_do_complete(code, cursor_pos)
  File "/usr/local/lib/python3.6/dist-packages/ipykernel/ipkernel.py", line 373, in _experimental_do_complete
    completions = list(_rectify_completions(code, raw_completions))
  File "/usr/local/lib/python3.6/dist-packages/IPython/core/completer.py", line 484, in rectify_completions
    completions = list(completions)
  File "/usr/local/lib/python3.6/dist-packages/IPython/core/completer.py", line 1818, in completions
    for c in self._completions(text, offset, _timeout=self.jedi_compute_type_timeout/1000):
  File "/usr/local/lib/python3.6/dist-packages/IPython/core/completer.py", line 1862, in _completions
    full_text=full_text, cursor_line=cursor_line, cursor_pos=cursor_column)
  File "/usr/local/lib/python3.6/dist-packages/IPython/core/completer.py", line 2030, in _complete
    cursor_pos, cursor_line, full_text)
  File "/usr/local/lib/python3.6/dist-packages/IPython/core/completer.py", line 1374, in _jedi_matches
    text[:offset], namespaces, column=cursor_column, line=cursor_line + 1)
  File "/usr/local/lib/python3.6/dist-packages/jedi/api/__init__.py", line 726, in __init__
    project=Project(Path.cwd()), **kwds)
TypeError: __init__() got an unexpected keyword argument 'column'
[IPKernelApp] ERROR | Exception in message handler:
Traceback (most recent call last):
  File "/usr/local/lib/python3.6/dist-packages/ipykernel/kernelbase.py", line 272, in dispatch_shell
    yield gen.maybe_future(handler(stream, idents, msg))
  File "/usr/local/lib/python3.6/dist-packages/tornado/gen.py", line 762, in run
    value = future.result()
  File "/usr/local/lib/python3.6/dist-packages/tornado/gen.py", line 234, in wrapper
    yielded = ctx_run(next, result)
  File "/usr/local/lib/python3.6/dist-packages/tornado/gen.py", line 162, in _fake_ctx_run
    return f(*args, **kw)
  File "/usr/local/lib/python3.6/dist-packages/ipykernel/kernelbase.py", line 580, in complete_request
    matches = yield gen.maybe_future(self.do_complete(code, cursor_pos))
  File "/usr/local/lib/python3.6/dist-packages/ipykernel/ipkernel.py", line 348, in do_complete
    return self._experimental_do_complete(code, cursor_pos)
  File "/usr/local/lib/python3.6/dist-packages/ipykernel/ipkernel.py", line 373, in _experimental_do_complete
    completions = list(_rectify_completions(code, raw_completions))
  File "/usr/local/lib/python3.6/dist-packages/IPython/core/completer.py", line 484, in rectify_completions
    completions = list(completions)
  File "/usr/local/lib/python3.6/dist-packages/IPython/core/completer.py", line 1818, in completions
    for c in self._completions(text, offset, _timeout=self.jedi_compute_type_timeout/1000):
  File "/usr/local/lib/python3.6/dist-packages/IPython/core/completer.py", line 1862, in _completions
    full_text=full_text, cursor_line=cursor_line, cursor_pos=cursor_column)
  File "/usr/local/lib/python3.6/dist-packages/IPython/core/completer.py", line 2030, in _complete
    cursor_pos, cursor_line, full_text)
  File "/usr/local/lib/python3.6/dist-packages/IPython/core/completer.py", line 1374, in _jedi_matches
    text[:offset], namespaces, column=cursor_column, line=cursor_line + 1)
  File "/usr/local/lib/python3.6/dist-packages/jedi/api/__init__.py", line 726, in __init__
    project=Project(Path.cwd()), **kwds)
TypeError: __init__() got an unexpected keyword argument 'column'
[IPKernelApp] ERROR | Exception in message handler:
Traceback (most recent call last):
  File "/usr/local/lib/python3.6/dist-packages/ipykernel/kernelbase.py", line 272, in dispatch_shell
    yield gen.maybe_future(handler(stream, idents, msg))
  File "/usr/local/lib/python3.6/dist-packages/tornado/gen.py", line 762, in run
    value = future.result()
  File "/usr/local/lib/python3.6/dist-packages/tornado/gen.py", line 234, in wrapper
    yielded = ctx_run(next, result)
  File "/usr/local/lib/python3.6/dist-packages/tornado/gen.py", line 162, in _fake_ctx_run
    return f(*args, **kw)
  File "/usr/local/lib/python3.6/dist-packages/ipykernel/kernelbase.py", line 580, in complete_request
    matches = yield gen.maybe_future(self.do_complete(code, cursor_pos))
  File "/usr/local/lib/python3.6/dist-packages/ipykernel/ipkernel.py", line 348, in do_complete
    return self._experimental_do_complete(code, cursor_pos)
  File "/usr/local/lib/python3.6/dist-packages/ipykernel/ipkernel.py", line 373, in _experimental_do_complete
    completions = list(_rectify_completions(code, raw_completions))
  File "/usr/local/lib/python3.6/dist-packages/IPython/core/completer.py", line 484, in rectify_completions
    completions = list(completions)
  File "/usr/local/lib/python3.6/dist-packages/IPython/core/completer.py", line 1818, in completions
    for c in self._completions(text, offset, _timeout=self.jedi_compute_type_timeout/1000):
  File "/usr/local/lib/python3.6/dist-packages/IPython/core/completer.py", line 1862, in _completions
    full_text=full_text, cursor_line=cursor_line, cursor_pos=cursor_column)
  File "/usr/local/lib/python3.6/dist-packages/IPython/core/completer.py", line 2030, in _complete
    cursor_pos, cursor_line, full_text)
  File "/usr/local/lib/python3.6/dist-packages/IPython/core/completer.py", line 1374, in _jedi_matches
    text[:offset], namespaces, column=cursor_column, line=cursor_line + 1)
  File "/usr/local/lib/python3.6/dist-packages/jedi/api/__init__.py", line 726, in __init__
    project=Project(Path.cwd()), **kwds)
TypeError: __init__() got an unexpected keyword argument 'column'
[IPKernelApp] ERROR | Exception in message handler:
Traceback (most recent call last):
  File "/usr/local/lib/python3.6/dist-packages/ipykernel/kernelbase.py", line 272, in dispatch_shell
    yield gen.maybe_future(handler(stream, idents, msg))
  File "/usr/local/lib/python3.6/dist-packages/tornado/gen.py", line 762, in run
    value = future.result()
  File "/usr/local/lib/python3.6/dist-packages/tornado/gen.py", line 234, in wrapper
    yielded = ctx_run(next, result)
  File "/usr/local/lib/python3.6/dist-packages/tornado/gen.py", line 162, in _fake_ctx_run
    return f(*args, **kw)
  File "/usr/local/lib/python3.6/dist-packages/ipykernel/kernelbase.py", line 580, in complete_request
    matches = yield gen.maybe_future(self.do_complete(code, cursor_pos))
  File "/usr/local/lib/python3.6/dist-packages/ipykernel/ipkernel.py", line 348, in do_complete
    return self._experimental_do_complete(code, cursor_pos)
  File "/usr/local/lib/python3.6/dist-packages/ipykernel/ipkernel.py", line 373, in _experimental_do_complete
    completions = list(_rectify_completions(code, raw_completions))
  File "/usr/local/lib/python3.6/dist-packages/IPython/core/completer.py", line 484, in rectify_completions
    completions = list(completions)
  File "/usr/local/lib/python3.6/dist-packages/IPython/core/completer.py", line 1818, in completions
    for c in self._completions(text, offset, _timeout=self.jedi_compute_type_timeout/1000):
  File "/usr/local/lib/python3.6/dist-packages/IPython/core/completer.py", line 1862, in _completions
    full_text=full_text, cursor_line=cursor_line, cursor_pos=cursor_column)
  File "/usr/local/lib/python3.6/dist-packages/IPython/core/completer.py", line 2030, in _complete
    cursor_pos, cursor_line, full_text)
  File "/usr/local/lib/python3.6/dist-packages/IPython/core/completer.py", line 1374, in _jedi_matches
    text[:offset], namespaces, column=cursor_column, line=cursor_line + 1)
  File "/usr/local/lib/python3.6/dist-packages/jedi/api/__init__.py", line 726, in __init__
    project=Project(Path.cwd()), **kwds)
TypeError: __init__() got an unexpected keyword argument 'column'
[IPKernelApp] ERROR | Exception in message handler:
Traceback (most recent call last):
  File "/usr/local/lib/python3.6/dist-packages/ipykernel/kernelbase.py", line 272, in dispatch_shell
    yield gen.maybe_future(handler(stream, idents, msg))
  File "/usr/local/lib/python3.6/dist-packages/tornado/gen.py", line 762, in run
    value = future.result()
  File "/usr/local/lib/python3.6/dist-packages/tornado/gen.py", line 234, in wrapper
    yielded = ctx_run(next, result)
  File "/usr/local/lib/python3.6/dist-packages/tornado/gen.py", line 162, in _fake_ctx_run
    return f(*args, **kw)
  File "/usr/local/lib/python3.6/dist-packages/ipykernel/kernelbase.py", line 580, in complete_request
    matches = yield gen.maybe_future(self.do_complete(code, cursor_pos))
  File "/usr/local/lib/python3.6/dist-packages/ipykernel/ipkernel.py", line 348, in do_complete
    return self._experimental_do_complete(code, cursor_pos)
  File "/usr/local/lib/python3.6/dist-packages/ipykernel/ipkernel.py", line 373, in _experimental_do_complete
    completions = list(_rectify_completions(code, raw_completions))
  File "/usr/local/lib/python3.6/dist-packages/IPython/core/completer.py", line 484, in rectify_completions
    completions = list(completions)
  File "/usr/local/lib/python3.6/dist-packages/IPython/core/completer.py", line 1818, in completions
    for c in self._completions(text, offset, _timeout=self.jedi_compute_type_timeout/1000):
  File "/usr/local/lib/python3.6/dist-packages/IPython/core/completer.py", line 1862, in _completions
    full_text=full_text, cursor_line=cursor_line, cursor_pos=cursor_column)
  File "/usr/local/lib/python3.6/dist-packages/IPython/core/completer.py", line 2030, in _complete
    cursor_pos, cursor_line, full_text)
  File "/usr/local/lib/python3.6/dist-packages/IPython/core/completer.py", line 1374, in _jedi_matches
    text[:offset], namespaces, column=cursor_column, line=cursor_line + 1)
  File "/usr/local/lib/python3.6/dist-packages/jedi/api/__init__.py", line 726, in __init__
    project=Project(Path.cwd()), **kwds)
TypeError: __init__() got an unexpected keyword argument 'column'
[I 08:37:05.692 NotebookApp] Saving file at /workspace/tf/actor_critic-Copy1.ipynb
[I 08:37:05.697 NotebookApp] Saving actor_critic-Copy1.ipynb
[I 08:37:06.369 NotebookApp] Saving file at /workspace/tf/actor_critic-Copy1.ipynb
[I 08:37:06.370 NotebookApp] Saving actor_critic-Copy1.ipynb
[I 08:37:07.269 NotebookApp] Starting buffering for 8b84f01a-23cd-4771-bb08-fa1423b61514:5177cd44377b47a9a2441f4d99bd2e1b
[W 08:37:09.310 NotebookApp] Config option `template_path` not recognized by `ExporterCollapsibleHeadings`.  Did you mean one of: `extra_template_paths, template_name, template_paths`?
[W 08:37:09.321 NotebookApp] Config option `template_path` not recognized by `ExporterCollapsibleHeadings`.  Did you mean one of: `extra_template_paths, template_name, template_paths`?
[W 08:37:09.352 NotebookApp] Config option `template_path` not recognized by `TocExporter`.  Did you mean one of: `extra_template_paths, template_name, template_paths`?
[W 08:37:09.360 NotebookApp] Config option `template_path` not recognized by `TocExporter`.  Did you mean one of: `extra_template_paths, template_name, template_paths`?
[W 08:37:09.373 NotebookApp] Config option `template_path` not recognized by `LenvsHTMLExporter`.  Did you mean one of: `extra_template_paths, template_name, template_paths`?
[W 08:37:09.388 NotebookApp] Config option `template_path` not recognized by `LenvsHTMLExporter`.  Did you mean one of: `extra_template_paths, template_name, template_paths`?
[W 08:37:09.407 NotebookApp] Config option `template_path` not recognized by `LenvsTocHTMLExporter`.  Did you mean one of: `extra_template_paths, template_name, template_paths`?
[W 08:37:09.422 NotebookApp] Config option `template_path` not recognized by `LenvsTocHTMLExporter`.  Did you mean one of: `extra_template_paths, template_name, template_paths`?
[W 08:37:09.461 NotebookApp] Config option `template_path` not recognized by `LenvsLatexExporter`.  Did you mean one of: `extra_template_paths, template_name, template_paths`?
[W 08:37:09.468 NotebookApp] Config option `template_path` not recognized by `LenvsLatexExporter`.  Did you mean one of: `extra_template_paths, template_name, template_paths`?
[W 08:37:09.621 NotebookApp] Config option `template_path` not recognized by `LenvsSlidesExporter`.  Did you mean one of: `extra_template_paths, template_name, template_paths`?
[W 08:37:09.629 NotebookApp] Config option `template_path` not recognized by `LenvsSlidesExporter`.  Did you mean one of: `extra_template_paths, template_name, template_paths`?
[W 08:37:09.718 NotebookApp] Config option `template_path` not recognized by `ExporterCollapsibleHeadings`.  Did you mean one of: `extra_template_paths, template_name, template_paths`?
[W 08:37:09.728 NotebookApp] Config option `template_path` not recognized by `ExporterCollapsibleHeadings`.  Did you mean one of: `extra_template_paths, template_name, template_paths`?
[W 08:37:09.756 NotebookApp] Config option `template_path` not recognized by `TocExporter`.  Did you mean one of: `extra_template_paths, template_name, template_paths`?
[W 08:37:09.764 NotebookApp] Config option `template_path` not recognized by `TocExporter`.  Did you mean one of: `extra_template_paths, template_name, template_paths`?
[W 08:37:09.776 NotebookApp] Config option `template_path` not recognized by `LenvsHTMLExporter`.  Did you mean one of: `extra_template_paths, template_name, template_paths`?
[W 08:37:09.789 NotebookApp] Config option `template_path` not recognized by `LenvsHTMLExporter`.  Did you mean one of: `extra_template_paths, template_name, template_paths`?
[W 08:37:09.806 NotebookApp] Config option `template_path` not recognized by `LenvsTocHTMLExporter`.  Did you mean one of: `extra_template_paths, template_name, template_paths`?
[W 08:37:09.819 NotebookApp] Config option `template_path` not recognized by `LenvsTocHTMLExporter`.  Did you mean one of: `extra_template_paths, template_name, template_paths`?
[W 08:37:09.857 NotebookApp] Config option `template_path` not recognized by `LenvsLatexExporter`.  Did you mean one of: `extra_template_paths, template_name, template_paths`?
[W 08:37:09.865 NotebookApp] Config option `template_path` not recognized by `LenvsLatexExporter`.  Did you mean one of: `extra_template_paths, template_name, template_paths`?
[W 08:37:10.021 NotebookApp] Config option `template_path` not recognized by `LenvsSlidesExporter`.  Did you mean one of: `extra_template_paths, template_name, template_paths`?
[W 08:37:10.029 NotebookApp] Config option `template_path` not recognized by `LenvsSlidesExporter`.  Did you mean one of: `extra_template_paths, template_name, template_paths`?
[I 08:37:10.925 NotebookApp] Adapting from protocol version 5.1 (kernel 8b84f01a-23cd-4771-bb08-fa1423b61514) to 5.3 (client).
[IPKernelApp] ERROR | Exception in message handler:
Traceback (most recent call last):
  File "/usr/local/lib/python3.6/dist-packages/ipykernel/kernelbase.py", line 272, in dispatch_shell
    yield gen.maybe_future(handler(stream, idents, msg))
  File "/usr/local/lib/python3.6/dist-packages/tornado/gen.py", line 762, in run
    value = future.result()
  File "/usr/local/lib/python3.6/dist-packages/tornado/gen.py", line 234, in wrapper
    yielded = ctx_run(next, result)
  File "/usr/local/lib/python3.6/dist-packages/tornado/gen.py", line 162, in _fake_ctx_run
    return f(*args, **kw)
  File "/usr/local/lib/python3.6/dist-packages/ipykernel/kernelbase.py", line 580, in complete_request
    matches = yield gen.maybe_future(self.do_complete(code, cursor_pos))
  File "/usr/local/lib/python3.6/dist-packages/ipykernel/ipkernel.py", line 348, in do_complete
    return self._experimental_do_complete(code, cursor_pos)
  File "/usr/local/lib/python3.6/dist-packages/ipykernel/ipkernel.py", line 373, in _experimental_do_complete
    completions = list(_rectify_completions(code, raw_completions))
  File "/usr/local/lib/python3.6/dist-packages/IPython/core/completer.py", line 484, in rectify_completions
    completions = list(completions)
  File "/usr/local/lib/python3.6/dist-packages/IPython/core/completer.py", line 1818, in completions
    for c in self._completions(text, offset, _timeout=self.jedi_compute_type_timeout/1000):
  File "/usr/local/lib/python3.6/dist-packages/IPython/core/completer.py", line 1862, in _completions
    full_text=full_text, cursor_line=cursor_line, cursor_pos=cursor_column)
  File "/usr/local/lib/python3.6/dist-packages/IPython/core/completer.py", line 2030, in _complete
    cursor_pos, cursor_line, full_text)
  File "/usr/local/lib/python3.6/dist-packages/IPython/core/completer.py", line 1374, in _jedi_matches
    text[:offset], namespaces, column=cursor_column, line=cursor_line + 1)
  File "/usr/local/lib/python3.6/dist-packages/jedi/api/__init__.py", line 726, in __init__
TypeError: __init__() got an unexpected keyword argument 'column'
[IPKernelApp] ERROR | Exception in message handler:
Traceback (most recent call last):
  File "/usr/local/lib/python3.6/dist-packages/ipykernel/kernelbase.py", line 272, in dispatch_shell
    yield gen.maybe_future(handler(stream, idents, msg))
  File "/usr/local/lib/python3.6/dist-packages/tornado/gen.py", line 762, in run
    value = future.result()
  File "/usr/local/lib/python3.6/dist-packages/tornado/gen.py", line 234, in wrapper
    yielded = ctx_run(next, result)
  File "/usr/local/lib/python3.6/dist-packages/tornado/gen.py", line 162, in _fake_ctx_run
    return f(*args, **kw)
  File "/usr/local/lib/python3.6/dist-packages/ipykernel/kernelbase.py", line 580, in complete_request
    matches = yield gen.maybe_future(self.do_complete(code, cursor_pos))
  File "/usr/local/lib/python3.6/dist-packages/ipykernel/ipkernel.py", line 348, in do_complete
    return self._experimental_do_complete(code, cursor_pos)
  File "/usr/local/lib/python3.6/dist-packages/ipykernel/ipkernel.py", line 373, in _experimental_do_complete
    completions = list(_rectify_completions(code, raw_completions))
  File "/usr/local/lib/python3.6/dist-packages/IPython/core/completer.py", line 484, in rectify_completions
    completions = list(completions)
  File "/usr/local/lib/python3.6/dist-packages/IPython/core/completer.py", line 1818, in completions
    for c in self._completions(text, offset, _timeout=self.jedi_compute_type_timeout/1000):
  File "/usr/local/lib/python3.6/dist-packages/IPython/core/completer.py", line 1862, in _completions
    full_text=full_text, cursor_line=cursor_line, cursor_pos=cursor_column)
  File "/usr/local/lib/python3.6/dist-packages/IPython/core/completer.py", line 2030, in _complete
    cursor_pos, cursor_line, full_text)
  File "/usr/local/lib/python3.6/dist-packages/IPython/core/completer.py", line 1374, in _jedi_matches
    text[:offset], namespaces, column=cursor_column, line=cursor_line + 1)
  File "/usr/local/lib/python3.6/dist-packages/jedi/api/__init__.py", line 726, in __init__
TypeError: __init__() got an unexpected keyword argument 'column'
[IPKernelApp] ERROR | Exception in message handler:
Traceback (most recent call last):
  File "/usr/local/lib/python3.6/dist-packages/ipykernel/kernelbase.py", line 272, in dispatch_shell
    yield gen.maybe_future(handler(stream, idents, msg))
  File "/usr/local/lib/python3.6/dist-packages/tornado/gen.py", line 762, in run
    value = future.result()
  File "/usr/local/lib/python3.6/dist-packages/tornado/gen.py", line 234, in wrapper
    yielded = ctx_run(next, result)
  File "/usr/local/lib/python3.6/dist-packages/tornado/gen.py", line 162, in _fake_ctx_run
    return f(*args, **kw)
  File "/usr/local/lib/python3.6/dist-packages/ipykernel/kernelbase.py", line 580, in complete_request
    matches = yield gen.maybe_future(self.do_complete(code, cursor_pos))
  File "/usr/local/lib/python3.6/dist-packages/ipykernel/ipkernel.py", line 348, in do_complete
    return self._experimental_do_complete(code, cursor_pos)
  File "/usr/local/lib/python3.6/dist-packages/ipykernel/ipkernel.py", line 373, in _experimental_do_complete
    completions = list(_rectify_completions(code, raw_completions))
  File "/usr/local/lib/python3.6/dist-packages/IPython/core/completer.py", line 484, in rectify_completions
    completions = list(completions)
  File "/usr/local/lib/python3.6/dist-packages/IPython/core/completer.py", line 1818, in completions
    for c in self._completions(text, offset, _timeout=self.jedi_compute_type_timeout/1000):
  File "/usr/local/lib/python3.6/dist-packages/IPython/core/completer.py", line 1862, in _completions
    full_text=full_text, cursor_line=cursor_line, cursor_pos=cursor_column)
  File "/usr/local/lib/python3.6/dist-packages/IPython/core/completer.py", line 2030, in _complete
    cursor_pos, cursor_line, full_text)
  File "/usr/local/lib/python3.6/dist-packages/IPython/core/completer.py", line 1374, in _jedi_matches
    text[:offset], namespaces, column=cursor_column, line=cursor_line + 1)
  File "/usr/local/lib/python3.6/dist-packages/jedi/api/__init__.py", line 726, in __init__
TypeError: __init__() got an unexpected keyword argument 'column'
[I 08:37:20.121 NotebookApp] Saving file at /workspace/tf/actor_critic-Copy1.ipynb
[I 08:37:20.126 NotebookApp] Saving actor_critic-Copy1.ipynb
[I 08:37:20.612 NotebookApp] Starting buffering for 8b84f01a-23cd-4771-bb08-fa1423b61514:3ed66446708c4378aee31f9d67ab409f
[I 08:37:26.085 NotebookApp] Kernel shutdown: 8b84f01a-23cd-4771-bb08-fa1423b61514
[W 08:37:27.252 NotebookApp] Config option `template_path` not recognized by `ExporterCollapsibleHeadings`.  Did you mean one of: `extra_template_paths, template_name, template_paths`?
[W 08:37:27.263 NotebookApp] Config option `template_path` not recognized by `ExporterCollapsibleHeadings`.  Did you mean one of: `extra_template_paths, template_name, template_paths`?
[W 08:37:27.296 NotebookApp] Config option `template_path` not recognized by `TocExporter`.  Did you mean one of: `extra_template_paths, template_name, template_paths`?
[W 08:37:27.304 NotebookApp] Config option `template_path` not recognized by `TocExporter`.  Did you mean one of: `extra_template_paths, template_name, template_paths`?
[W 08:37:27.318 NotebookApp] Config option `template_path` not recognized by `LenvsHTMLExporter`.  Did you mean one of: `extra_template_paths, template_name, template_paths`?
[W 08:37:27.333 NotebookApp] Config option `template_path` not recognized by `LenvsHTMLExporter`.  Did you mean one of: `extra_template_paths, template_name, template_paths`?
[W 08:37:27.353 NotebookApp] Config option `template_path` not recognized by `LenvsTocHTMLExporter`.  Did you mean one of: `extra_template_paths, template_name, template_paths`?
[W 08:37:27.368 NotebookApp] Config option `template_path` not recognized by `LenvsTocHTMLExporter`.  Did you mean one of: `extra_template_paths, template_name, template_paths`?
[W 08:37:27.410 NotebookApp] Config option `template_path` not recognized by `LenvsLatexExporter`.  Did you mean one of: `extra_template_paths, template_name, template_paths`?
[W 08:37:27.418 NotebookApp] Config option `template_path` not recognized by `LenvsLatexExporter`.  Did you mean one of: `extra_template_paths, template_name, template_paths`?
[W 08:37:27.579 NotebookApp] Config option `template_path` not recognized by `LenvsSlidesExporter`.  Did you mean one of: `extra_template_paths, template_name, template_paths`?
[W 08:37:27.588 NotebookApp] Config option `template_path` not recognized by `LenvsSlidesExporter`.  Did you mean one of: `extra_template_paths, template_name, template_paths`?
[W 08:37:27.687 NotebookApp] Config option `template_path` not recognized by `ExporterCollapsibleHeadings`.  Did you mean one of: `extra_template_paths, template_name, template_paths`?
[W 08:37:27.698 NotebookApp] Config option `template_path` not recognized by `ExporterCollapsibleHeadings`.  Did you mean one of: `extra_template_paths, template_name, template_paths`?
[W 08:37:27.730 NotebookApp] Config option `template_path` not recognized by `TocExporter`.  Did you mean one of: `extra_template_paths, template_name, template_paths`?
[W 08:37:27.738 NotebookApp] Config option `template_path` not recognized by `TocExporter`.  Did you mean one of: `extra_template_paths, template_name, template_paths`?
[W 08:37:27.751 NotebookApp] Config option `template_path` not recognized by `LenvsHTMLExporter`.  Did you mean one of: `extra_template_paths, template_name, template_paths`?
[W 08:37:27.765 NotebookApp] Config option `template_path` not recognized by `LenvsHTMLExporter`.  Did you mean one of: `extra_template_paths, template_name, template_paths`?
[W 08:37:27.785 NotebookApp] Config option `template_path` not recognized by `LenvsTocHTMLExporter`.  Did you mean one of: `extra_template_paths, template_name, template_paths`?
[W 08:37:27.798 NotebookApp] Config option `template_path` not recognized by `LenvsTocHTMLExporter`.  Did you mean one of: `extra_template_paths, template_name, template_paths`?
[W 08:37:27.836 NotebookApp] Config option `template_path` not recognized by `LenvsLatexExporter`.  Did you mean one of: `extra_template_paths, template_name, template_paths`?
[W 08:37:27.844 NotebookApp] Config option `template_path` not recognized by `LenvsLatexExporter`.  Did you mean one of: `extra_template_paths, template_name, template_paths`?
[W 08:37:28.003 NotebookApp] Config option `template_path` not recognized by `LenvsSlidesExporter`.  Did you mean one of: `extra_template_paths, template_name, template_paths`?
[W 08:37:28.012 NotebookApp] Config option `template_path` not recognized by `LenvsSlidesExporter`.  Did you mean one of: `extra_template_paths, template_name, template_paths`?
[I 08:37:28.881 NotebookApp] Kernel started: d00d4588-8021-45a0-8582-fe73ab5839af, name: python3
[I 08:37:29.442 NotebookApp] Adapting from protocol version 5.1 (kernel d00d4588-8021-45a0-8582-fe73ab5839af) to 5.3 (client).
2021-03-18 08:37:30.367629: I tensorflow/stream_executor/platform/default/dso_loader.cc:49] Successfully opened dynamic library libcudart.so.11.0
2021-03-18 08:37:31.850782: I tensorflow/compiler/jit/xla_cpu_device.cc:41] Not creating XLA devices, tf_xla_enable_xla_devices not set
2021-03-18 08:37:31.851582: I tensorflow/stream_executor/platform/default/dso_loader.cc:49] Successfully opened dynamic library libcuda.so.1
2021-03-18 08:37:31.910068: I tensorflow/stream_executor/cuda/cuda_gpu_executor.cc:941] successful NUMA node read from SysFS had negative value (-1), but there must be at least one NUMA node, so returning NUMA node zero
2021-03-18 08:37:31.911312: I tensorflow/core/common_runtime/gpu/gpu_device.cc:1720] Found device 0 with properties: 
pciBusID: 0000:01:00.0 name: GeForce GTX 1070 computeCapability: 6.1
coreClock: 1.695GHz coreCount: 16 deviceMemorySize: 7.90GiB deviceMemoryBandwidth: 238.66GiB/s
2021-03-18 08:37:31.911400: I tensorflow/stream_executor/platform/default/dso_loader.cc:49] Successfully opened dynamic library libcudart.so.11.0
2021-03-18 08:37:31.919697: I tensorflow/stream_executor/platform/default/dso_loader.cc:49] Successfully opened dynamic library libcublas.so.11
2021-03-18 08:37:31.919842: I tensorflow/stream_executor/platform/default/dso_loader.cc:49] Successfully opened dynamic library libcublasLt.so.11
2021-03-18 08:37:31.923299: I tensorflow/stream_executor/platform/default/dso_loader.cc:49] Successfully opened dynamic library libcufft.so.10
2021-03-18 08:37:31.924022: I tensorflow/stream_executor/platform/default/dso_loader.cc:49] Successfully opened dynamic library libcurand.so.10
2021-03-18 08:37:31.933158: I tensorflow/stream_executor/platform/default/dso_loader.cc:49] Successfully opened dynamic library libcusolver.so.10
2021-03-18 08:37:31.935256: I tensorflow/stream_executor/platform/default/dso_loader.cc:49] Successfully opened dynamic library libcusparse.so.11
2021-03-18 08:37:31.935762: I tensorflow/stream_executor/platform/default/dso_loader.cc:49] Successfully opened dynamic library libcudnn.so.8
2021-03-18 08:37:31.936033: I tensorflow/stream_executor/cuda/cuda_gpu_executor.cc:941] successful NUMA node read from SysFS had negative value (-1), but there must be at least one NUMA node, so returning NUMA node zero
2021-03-18 08:37:31.937004: I tensorflow/stream_executor/cuda/cuda_gpu_executor.cc:941] successful NUMA node read from SysFS had negative value (-1), but there must be at least one NUMA node, so returning NUMA node zero
2021-03-18 08:37:31.937766: I tensorflow/core/common_runtime/gpu/gpu_device.cc:1862] Adding visible gpu devices: 0
2021-03-18 08:37:31.938751: I tensorflow/core/platform/cpu_feature_guard.cc:142] This TensorFlow binary is optimized with oneAPI Deep Neural Network Library (oneDNN) to use the following CPU instructions in performance-critical operations:  AVX2 FMA
To enable them in other operations, rebuild TensorFlow with the appropriate compiler flags.
2021-03-18 08:37:31.939670: I tensorflow/compiler/jit/xla_gpu_device.cc:99] Not creating XLA devices, tf_xla_enable_xla_devices not set
2021-03-18 08:37:31.939915: I tensorflow/stream_executor/cuda/cuda_gpu_executor.cc:941] successful NUMA node read from SysFS had negative value (-1), but there must be at least one NUMA node, so returning NUMA node zero
2021-03-18 08:37:31.940707: I tensorflow/core/common_runtime/gpu/gpu_device.cc:1720] Found device 0 with properties: 
pciBusID: 0000:01:00.0 name: GeForce GTX 1070 computeCapability: 6.1
coreClock: 1.695GHz coreCount: 16 deviceMemorySize: 7.90GiB deviceMemoryBandwidth: 238.66GiB/s
2021-03-18 08:37:31.940768: I tensorflow/stream_executor/platform/default/dso_loader.cc:49] Successfully opened dynamic library libcudart.so.11.0
2021-03-18 08:37:31.940815: I tensorflow/stream_executor/platform/default/dso_loader.cc:49] Successfully opened dynamic library libcublas.so.11
2021-03-18 08:37:31.940853: I tensorflow/stream_executor/platform/default/dso_loader.cc:49] Successfully opened dynamic library libcublasLt.so.11
2021-03-18 08:37:31.940889: I tensorflow/stream_executor/platform/default/dso_loader.cc:49] Successfully opened dynamic library libcufft.so.10
2021-03-18 08:37:31.940925: I tensorflow/stream_executor/platform/default/dso_loader.cc:49] Successfully opened dynamic library libcurand.so.10
2021-03-18 08:37:31.940961: I tensorflow/stream_executor/platform/default/dso_loader.cc:49] Successfully opened dynamic library libcusolver.so.10
2021-03-18 08:37:31.940997: I tensorflow/stream_executor/platform/default/dso_loader.cc:49] Successfully opened dynamic library libcusparse.so.11
2021-03-18 08:37:31.941033: I tensorflow/stream_executor/platform/default/dso_loader.cc:49] Successfully opened dynamic library libcudnn.so.8
2021-03-18 08:37:31.941201: I tensorflow/stream_executor/cuda/cuda_gpu_executor.cc:941] successful NUMA node read from SysFS had negative value (-1), but there must be at least one NUMA node, so returning NUMA node zero
2021-03-18 08:37:31.941899: I tensorflow/stream_executor/cuda/cuda_gpu_executor.cc:941] successful NUMA node read from SysFS had negative value (-1), but there must be at least one NUMA node, so returning NUMA node zero
2021-03-18 08:37:31.942444: I tensorflow/core/common_runtime/gpu/gpu_device.cc:1862] Adding visible gpu devices: 0
2021-03-18 08:37:31.942500: I tensorflow/stream_executor/platform/default/dso_loader.cc:49] Successfully opened dynamic library libcudart.so.11.0
2021-03-18 08:37:32.385094: I tensorflow/core/common_runtime/gpu/gpu_device.cc:1261] Device interconnect StreamExecutor with strength 1 edge matrix:
2021-03-18 08:37:32.385128: I tensorflow/core/common_runtime/gpu/gpu_device.cc:1267]      0 
2021-03-18 08:37:32.385135: I tensorflow/core/common_runtime/gpu/gpu_device.cc:1280] 0:   N 
2021-03-18 08:37:32.385333: I tensorflow/stream_executor/cuda/cuda_gpu_executor.cc:941] successful NUMA node read from SysFS had negative value (-1), but there must be at least one NUMA node, so returning NUMA node zero
2021-03-18 08:37:32.385642: I tensorflow/stream_executor/cuda/cuda_gpu_executor.cc:941] successful NUMA node read from SysFS had negative value (-1), but there must be at least one NUMA node, so returning NUMA node zero
2021-03-18 08:37:32.385918: I tensorflow/stream_executor/cuda/cuda_gpu_executor.cc:941] successful NUMA node read from SysFS had negative value (-1), but there must be at least one NUMA node, so returning NUMA node zero
2021-03-18 08:37:32.386171: I tensorflow/core/common_runtime/gpu/gpu_device.cc:1406] Created TensorFlow device (/job:localhost/replica:0/task:0/device:GPU:0 with 5758 MB memory) -> physical GPU (device: 0, name: GeForce GTX 1070, pci bus id: 0000:01:00.0, compute capability: 6.1)
[I 08:39:28.893 NotebookApp] Saving file at /workspace/tf/actor_critic-Copy1.ipynb
[I 08:39:28.894 NotebookApp] Saving actor_critic-Copy1.ipynb
[I 08:41:28.890 NotebookApp] Saving file at /workspace/tf/actor_critic-Copy1.ipynb
[I 08:41:28.892 NotebookApp] Saving actor_critic-Copy1.ipynb
[I 08:45:51.520 NotebookApp] Saving file at /workspace/tf/actor_critic-Copy1.ipynb
[I 08:45:51.522 NotebookApp] Saving actor_critic-Copy1.ipynb
[I 08:45:51.899 NotebookApp] Starting buffering for d00d4588-8021-45a0-8582-fe73ab5839af:49babf2345934fc29ba69a8cd57cf4a4
[I 01:03:10.769 NotebookApp] [jupyter_nbextensions_configurator] enabled 0.4.1
[I 01:03:10.858 NotebookApp] [Jupytext Server Extension] Deriving a JupytextContentsManager from LargeFileManager
[I 01:03:10.860 NotebookApp] Serving notebooks from local directory: /jwkim
[I 01:03:10.860 NotebookApp] Jupyter Notebook 6.2.0 is running at:
[I 01:03:10.861 NotebookApp] http://b94d15949023:8888/
[I 01:03:10.861 NotebookApp] Use Control-C to stop this server and shut down all kernels (twice to skip confirmation).
[I 01:03:20.912 NotebookApp] 302 GET / (172.17.0.1) 0.850000ms
[W 01:03:27.835 NotebookApp] Config option `template_path` not recognized by `ExporterCollapsibleHeadings`.  Did you mean one of: `extra_template_paths, template_name, template_paths`?
[W 01:03:27.846 NotebookApp] Config option `template_path` not recognized by `ExporterCollapsibleHeadings`.  Did you mean one of: `extra_template_paths, template_name, template_paths`?
[W 01:03:27.874 NotebookApp] Config option `template_path` not recognized by `TocExporter`.  Did you mean one of: `extra_template_paths, template_name, template_paths`?
[W 01:03:27.881 NotebookApp] Config option `template_path` not recognized by `TocExporter`.  Did you mean one of: `extra_template_paths, template_name, template_paths`?
[W 01:03:27.894 NotebookApp] Config option `template_path` not recognized by `LenvsHTMLExporter`.  Did you mean one of: `extra_template_paths, template_name, template_paths`?
[W 01:03:27.907 NotebookApp] Config option `template_path` not recognized by `LenvsHTMLExporter`.  Did you mean one of: `extra_template_paths, template_name, template_paths`?
[W 01:03:27.924 NotebookApp] Config option `template_path` not recognized by `LenvsTocHTMLExporter`.  Did you mean one of: `extra_template_paths, template_name, template_paths`?
[W 01:03:27.938 NotebookApp] Config option `template_path` not recognized by `LenvsTocHTMLExporter`.  Did you mean one of: `extra_template_paths, template_name, template_paths`?
[W 01:03:27.974 NotebookApp] Config option `template_path` not recognized by `LenvsLatexExporter`.  Did you mean one of: `extra_template_paths, template_name, template_paths`?
[W 01:03:27.981 NotebookApp] Config option `template_path` not recognized by `LenvsLatexExporter`.  Did you mean one of: `extra_template_paths, template_name, template_paths`?
[W 01:03:28.132 NotebookApp] Config option `template_path` not recognized by `LenvsSlidesExporter`.  Did you mean one of: `extra_template_paths, template_name, template_paths`?
[W 01:03:28.140 NotebookApp] Config option `template_path` not recognized by `LenvsSlidesExporter`.  Did you mean one of: `extra_template_paths, template_name, template_paths`?
[W 01:03:28.245 NotebookApp] Config option `template_path` not recognized by `ExporterCollapsibleHeadings`.  Did you mean one of: `extra_template_paths, template_name, template_paths`?
[W 01:03:28.255 NotebookApp] Config option `template_path` not recognized by `ExporterCollapsibleHeadings`.  Did you mean one of: `extra_template_paths, template_name, template_paths`?
[W 01:03:28.282 NotebookApp] Config option `template_path` not recognized by `TocExporter`.  Did you mean one of: `extra_template_paths, template_name, template_paths`?
[W 01:03:28.290 NotebookApp] Config option `template_path` not recognized by `TocExporter`.  Did you mean one of: `extra_template_paths, template_name, template_paths`?
[W 01:03:28.302 NotebookApp] Config option `template_path` not recognized by `LenvsHTMLExporter`.  Did you mean one of: `extra_template_paths, template_name, template_paths`?
[W 01:03:28.315 NotebookApp] Config option `template_path` not recognized by `LenvsHTMLExporter`.  Did you mean one of: `extra_template_paths, template_name, template_paths`?
[W 01:03:28.332 NotebookApp] Config option `template_path` not recognized by `LenvsTocHTMLExporter`.  Did you mean one of: `extra_template_paths, template_name, template_paths`?
[W 01:03:28.345 NotebookApp] Config option `template_path` not recognized by `LenvsTocHTMLExporter`.  Did you mean one of: `extra_template_paths, template_name, template_paths`?
[W 01:03:28.382 NotebookApp] Config option `template_path` not recognized by `LenvsLatexExporter`.  Did you mean one of: `extra_template_paths, template_name, template_paths`?
[W 01:03:28.389 NotebookApp] Config option `template_path` not recognized by `LenvsLatexExporter`.  Did you mean one of: `extra_template_paths, template_name, template_paths`?
[W 01:03:28.541 NotebookApp] Config option `template_path` not recognized by `LenvsSlidesExporter`.  Did you mean one of: `extra_template_paths, template_name, template_paths`?
[W 01:03:28.550 NotebookApp] Config option `template_path` not recognized by `LenvsSlidesExporter`.  Did you mean one of: `extra_template_paths, template_name, template_paths`?
[I 01:03:29.423 NotebookApp] Kernel started: 025d5e77-73ee-443d-a983-574831a991fb, name: python3
[I 01:03:29.986 NotebookApp] Adapting from protocol version 5.1 (kernel 025d5e77-73ee-443d-a983-574831a991fb) to 5.3 (client).
2021-03-22 01:03:32.827131: I tensorflow/stream_executor/platform/default/dso_loader.cc:49] Successfully opened dynamic library libcudart.so.11.0
2021-03-22 01:03:36.471767: I tensorflow/compiler/jit/xla_cpu_device.cc:41] Not creating XLA devices, tf_xla_enable_xla_devices not set
2021-03-22 01:03:36.473247: I tensorflow/stream_executor/platform/default/dso_loader.cc:49] Successfully opened dynamic library libcuda.so.1
2021-03-22 01:03:36.540792: I tensorflow/stream_executor/cuda/cuda_gpu_executor.cc:941] successful NUMA node read from SysFS had negative value (-1), but there must be at least one NUMA node, so returning NUMA node zero
2021-03-22 01:03:36.541341: I tensorflow/core/common_runtime/gpu/gpu_device.cc:1720] Found device 0 with properties: 
pciBusID: 0000:01:00.0 name: GeForce GTX 1070 computeCapability: 6.1
coreClock: 1.695GHz coreCount: 16 deviceMemorySize: 7.90GiB deviceMemoryBandwidth: 238.66GiB/s
2021-03-22 01:03:36.541388: I tensorflow/stream_executor/platform/default/dso_loader.cc:49] Successfully opened dynamic library libcudart.so.11.0
2021-03-22 01:03:36.553602: I tensorflow/stream_executor/platform/default/dso_loader.cc:49] Successfully opened dynamic library libcublas.so.11
2021-03-22 01:03:36.553695: I tensorflow/stream_executor/platform/default/dso_loader.cc:49] Successfully opened dynamic library libcublasLt.so.11
2021-03-22 01:03:36.562757: I tensorflow/stream_executor/platform/default/dso_loader.cc:49] Successfully opened dynamic library libcufft.so.10
2021-03-22 01:03:36.564796: I tensorflow/stream_executor/platform/default/dso_loader.cc:49] Successfully opened dynamic library libcurand.so.10
2021-03-22 01:03:36.578414: I tensorflow/stream_executor/platform/default/dso_loader.cc:49] Successfully opened dynamic library libcusolver.so.10
2021-03-22 01:03:36.581489: I tensorflow/stream_executor/platform/default/dso_loader.cc:49] Successfully opened dynamic library libcusparse.so.11
2021-03-22 01:03:36.581890: I tensorflow/stream_executor/platform/default/dso_loader.cc:49] Successfully opened dynamic library libcudnn.so.8
2021-03-22 01:03:36.582102: I tensorflow/stream_executor/cuda/cuda_gpu_executor.cc:941] successful NUMA node read from SysFS had negative value (-1), but there must be at least one NUMA node, so returning NUMA node zero
2021-03-22 01:03:36.583137: I tensorflow/stream_executor/cuda/cuda_gpu_executor.cc:941] successful NUMA node read from SysFS had negative value (-1), but there must be at least one NUMA node, so returning NUMA node zero
2021-03-22 01:03:36.584253: I tensorflow/core/common_runtime/gpu/gpu_device.cc:1862] Adding visible gpu devices: 0
2021-03-22 01:03:36.584841: I tensorflow/core/platform/cpu_feature_guard.cc:142] This TensorFlow binary is optimized with oneAPI Deep Neural Network Library (oneDNN) to use the following CPU instructions in performance-critical operations:  AVX2 FMA
To enable them in other operations, rebuild TensorFlow with the appropriate compiler flags.
2021-03-22 01:03:36.585711: I tensorflow/compiler/jit/xla_gpu_device.cc:99] Not creating XLA devices, tf_xla_enable_xla_devices not set
2021-03-22 01:03:36.585934: I tensorflow/stream_executor/cuda/cuda_gpu_executor.cc:941] successful NUMA node read from SysFS had negative value (-1), but there must be at least one NUMA node, so returning NUMA node zero
2021-03-22 01:03:36.586771: I tensorflow/core/common_runtime/gpu/gpu_device.cc:1720] Found device 0 with properties: 
pciBusID: 0000:01:00.0 name: GeForce GTX 1070 computeCapability: 6.1
coreClock: 1.695GHz coreCount: 16 deviceMemorySize: 7.90GiB deviceMemoryBandwidth: 238.66GiB/s
2021-03-22 01:03:36.586831: I tensorflow/stream_executor/platform/default/dso_loader.cc:49] Successfully opened dynamic library libcudart.so.11.0
2021-03-22 01:03:36.586877: I tensorflow/stream_executor/platform/default/dso_loader.cc:49] Successfully opened dynamic library libcublas.so.11
2021-03-22 01:03:36.586914: I tensorflow/stream_executor/platform/default/dso_loader.cc:49] Successfully opened dynamic library libcublasLt.so.11
2021-03-22 01:03:36.586950: I tensorflow/stream_executor/platform/default/dso_loader.cc:49] Successfully opened dynamic library libcufft.so.10
2021-03-22 01:03:36.586987: I tensorflow/stream_executor/platform/default/dso_loader.cc:49] Successfully opened dynamic library libcurand.so.10
2021-03-22 01:03:36.587024: I tensorflow/stream_executor/platform/default/dso_loader.cc:49] Successfully opened dynamic library libcusolver.so.10
2021-03-22 01:03:36.587060: I tensorflow/stream_executor/platform/default/dso_loader.cc:49] Successfully opened dynamic library libcusparse.so.11
2021-03-22 01:03:36.587112: I tensorflow/stream_executor/platform/default/dso_loader.cc:49] Successfully opened dynamic library libcudnn.so.8
2021-03-22 01:03:36.587263: I tensorflow/stream_executor/cuda/cuda_gpu_executor.cc:941] successful NUMA node read from SysFS had negative value (-1), but there must be at least one NUMA node, so returning NUMA node zero
2021-03-22 01:03:36.588125: I tensorflow/stream_executor/cuda/cuda_gpu_executor.cc:941] successful NUMA node read from SysFS had negative value (-1), but there must be at least one NUMA node, so returning NUMA node zero
2021-03-22 01:03:36.588869: I tensorflow/core/common_runtime/gpu/gpu_device.cc:1862] Adding visible gpu devices: 0
2021-03-22 01:03:36.589285: I tensorflow/stream_executor/platform/default/dso_loader.cc:49] Successfully opened dynamic library libcudart.so.11.0
2021-03-22 01:03:37.330841: I tensorflow/core/common_runtime/gpu/gpu_device.cc:1261] Device interconnect StreamExecutor with strength 1 edge matrix:
2021-03-22 01:03:37.330872: I tensorflow/core/common_runtime/gpu/gpu_device.cc:1267]      0 
2021-03-22 01:03:37.330880: I tensorflow/core/common_runtime/gpu/gpu_device.cc:1280] 0:   N 
2021-03-22 01:03:37.331543: I tensorflow/stream_executor/cuda/cuda_gpu_executor.cc:941] successful NUMA node read from SysFS had negative value (-1), but there must be at least one NUMA node, so returning NUMA node zero
2021-03-22 01:03:37.331875: I tensorflow/stream_executor/cuda/cuda_gpu_executor.cc:941] successful NUMA node read from SysFS had negative value (-1), but there must be at least one NUMA node, so returning NUMA node zero
2021-03-22 01:03:37.332179: I tensorflow/stream_executor/cuda/cuda_gpu_executor.cc:941] successful NUMA node read from SysFS had negative value (-1), but there must be at least one NUMA node, so returning NUMA node zero
2021-03-22 01:03:37.332457: I tensorflow/core/common_runtime/gpu/gpu_device.cc:1406] Created TensorFlow device (/job:localhost/replica:0/task:0/device:GPU:0 with 6369 MB memory) -> physical GPU (device: 0, name: GeForce GTX 1070, pci bus id: 0000:01:00.0, compute capability: 6.1)
[I 01:04:03.690 NotebookApp] Copying workspace/tf/actor_critic.ipynb to /workspace/tf
[W 01:04:05.037 NotebookApp] Notebook workspace/tf/actor_critic.ipynb is not trusted
[I 01:04:06.192 NotebookApp] Saving actor_critic-Copy2.ipynb
[W 01:04:06.212 NotebookApp] Notebook workspace/tf/actor_critic-Copy2.ipynb is not trusted
[I 01:04:08.840 NotebookApp] Kernel shutdown: 025d5e77-73ee-443d-a983-574831a991fb
[W 01:04:09.835 NotebookApp] 404 DELETE /api/sessions/5f3e8e94-0b7b-4562-a5e3-f0a150f8afb0 (172.17.0.1): Session not found: session_id='5f3e8e94-0b7b-4562-a5e3-f0a150f8afb0'
[W 01:04:09.836 NotebookApp] Session not found: session_id='5f3e8e94-0b7b-4562-a5e3-f0a150f8afb0'
[W 01:04:09.836 NotebookApp] 404 DELETE /api/sessions/5f3e8e94-0b7b-4562-a5e3-f0a150f8afb0 (172.17.0.1) 2.030000ms referer=http://localhost:8889/notebooks/workspace/tf/actor_critic-Copy1.ipynb
[W 01:04:11.506 NotebookApp] Config option `template_path` not recognized by `ExporterCollapsibleHeadings`.  Did you mean one of: `extra_template_paths, template_name, template_paths`?
[W 01:04:11.515 NotebookApp] Config option `template_path` not recognized by `ExporterCollapsibleHeadings`.  Did you mean one of: `extra_template_paths, template_name, template_paths`?
[W 01:04:11.544 NotebookApp] Config option `template_path` not recognized by `TocExporter`.  Did you mean one of: `extra_template_paths, template_name, template_paths`?
[W 01:04:11.552 NotebookApp] Config option `template_path` not recognized by `TocExporter`.  Did you mean one of: `extra_template_paths, template_name, template_paths`?
[W 01:04:11.566 NotebookApp] Config option `template_path` not recognized by `LenvsHTMLExporter`.  Did you mean one of: `extra_template_paths, template_name, template_paths`?
[W 01:04:11.579 NotebookApp] Config option `template_path` not recognized by `LenvsHTMLExporter`.  Did you mean one of: `extra_template_paths, template_name, template_paths`?
[W 01:04:11.596 NotebookApp] Config option `template_path` not recognized by `LenvsTocHTMLExporter`.  Did you mean one of: `extra_template_paths, template_name, template_paths`?
[W 01:04:11.610 NotebookApp] Config option `template_path` not recognized by `LenvsTocHTMLExporter`.  Did you mean one of: `extra_template_paths, template_name, template_paths`?
[W 01:04:11.648 NotebookApp] Config option `template_path` not recognized by `LenvsLatexExporter`.  Did you mean one of: `extra_template_paths, template_name, template_paths`?
[W 01:04:11.656 NotebookApp] Config option `template_path` not recognized by `LenvsLatexExporter`.  Did you mean one of: `extra_template_paths, template_name, template_paths`?
[W 01:04:11.809 NotebookApp] Config option `template_path` not recognized by `LenvsSlidesExporter`.  Did you mean one of: `extra_template_paths, template_name, template_paths`?
[W 01:04:11.817 NotebookApp] Config option `template_path` not recognized by `LenvsSlidesExporter`.  Did you mean one of: `extra_template_paths, template_name, template_paths`?
[W 01:04:11.905 NotebookApp] Config option `template_path` not recognized by `ExporterCollapsibleHeadings`.  Did you mean one of: `extra_template_paths, template_name, template_paths`?
[W 01:04:11.915 NotebookApp] Config option `template_path` not recognized by `ExporterCollapsibleHeadings`.  Did you mean one of: `extra_template_paths, template_name, template_paths`?
[W 01:04:11.943 NotebookApp] Config option `template_path` not recognized by `TocExporter`.  Did you mean one of: `extra_template_paths, template_name, template_paths`?
[W 01:04:11.951 NotebookApp] Config option `template_path` not recognized by `TocExporter`.  Did you mean one of: `extra_template_paths, template_name, template_paths`?
[W 01:04:11.963 NotebookApp] Config option `template_path` not recognized by `LenvsHTMLExporter`.  Did you mean one of: `extra_template_paths, template_name, template_paths`?
[W 01:04:11.976 NotebookApp] Config option `template_path` not recognized by `LenvsHTMLExporter`.  Did you mean one of: `extra_template_paths, template_name, template_paths`?
[W 01:04:11.993 NotebookApp] Config option `template_path` not recognized by `LenvsTocHTMLExporter`.  Did you mean one of: `extra_template_paths, template_name, template_paths`?
[W 01:04:12.006 NotebookApp] Config option `template_path` not recognized by `LenvsTocHTMLExporter`.  Did you mean one of: `extra_template_paths, template_name, template_paths`?
[W 01:04:12.043 NotebookApp] Config option `template_path` not recognized by `LenvsLatexExporter`.  Did you mean one of: `extra_template_paths, template_name, template_paths`?
[W 01:04:12.050 NotebookApp] Config option `template_path` not recognized by `LenvsLatexExporter`.  Did you mean one of: `extra_template_paths, template_name, template_paths`?
[W 01:04:12.202 NotebookApp] Config option `template_path` not recognized by `LenvsSlidesExporter`.  Did you mean one of: `extra_template_paths, template_name, template_paths`?
[W 01:04:12.210 NotebookApp] Config option `template_path` not recognized by `LenvsSlidesExporter`.  Did you mean one of: `extra_template_paths, template_name, template_paths`?
[W 01:04:13.973 NotebookApp] Notebook workspace/tf/actor_critic-Copy2.ipynb is not trusted
[I 01:04:16.185 NotebookApp] Kernel started: d079a48d-f244-4fdc-b4b8-e289295d2a32, name: python3
[I 01:04:16.749 NotebookApp] Adapting from protocol version 5.1 (kernel d079a48d-f244-4fdc-b4b8-e289295d2a32) to 5.3 (client).
2021-03-22 01:04:35.937063: I tensorflow/stream_executor/platform/default/dso_loader.cc:49] Successfully opened dynamic library libcudart.so.11.0
2021-03-22 01:04:37.457731: I tensorflow/compiler/jit/xla_cpu_device.cc:41] Not creating XLA devices, tf_xla_enable_xla_devices not set
2021-03-22 01:04:37.458490: I tensorflow/stream_executor/platform/default/dso_loader.cc:49] Successfully opened dynamic library libcuda.so.1
2021-03-22 01:04:37.508240: I tensorflow/stream_executor/cuda/cuda_gpu_executor.cc:941] successful NUMA node read from SysFS had negative value (-1), but there must be at least one NUMA node, so returning NUMA node zero
2021-03-22 01:04:37.509242: I tensorflow/core/common_runtime/gpu/gpu_device.cc:1720] Found device 0 with properties: 
pciBusID: 0000:01:00.0 name: GeForce GTX 1070 computeCapability: 6.1
coreClock: 1.695GHz coreCount: 16 deviceMemorySize: 7.90GiB deviceMemoryBandwidth: 238.66GiB/s
2021-03-22 01:04:37.509301: I tensorflow/stream_executor/platform/default/dso_loader.cc:49] Successfully opened dynamic library libcudart.so.11.0
2021-03-22 01:04:37.513617: I tensorflow/stream_executor/platform/default/dso_loader.cc:49] Successfully opened dynamic library libcublas.so.11
2021-03-22 01:04:37.513689: I tensorflow/stream_executor/platform/default/dso_loader.cc:49] Successfully opened dynamic library libcublasLt.so.11
2021-03-22 01:04:37.515109: I tensorflow/stream_executor/platform/default/dso_loader.cc:49] Successfully opened dynamic library libcufft.so.10
2021-03-22 01:04:37.515415: I tensorflow/stream_executor/platform/default/dso_loader.cc:49] Successfully opened dynamic library libcurand.so.10
2021-03-22 01:04:37.519357: I tensorflow/stream_executor/platform/default/dso_loader.cc:49] Successfully opened dynamic library libcusolver.so.10
2021-03-22 01:04:37.520155: I tensorflow/stream_executor/platform/default/dso_loader.cc:49] Successfully opened dynamic library libcusparse.so.11
2021-03-22 01:04:37.520330: I tensorflow/stream_executor/platform/default/dso_loader.cc:49] Successfully opened dynamic library libcudnn.so.8
2021-03-22 01:04:37.520437: I tensorflow/stream_executor/cuda/cuda_gpu_executor.cc:941] successful NUMA node read from SysFS had negative value (-1), but there must be at least one NUMA node, so returning NUMA node zero
2021-03-22 01:04:37.520903: I tensorflow/stream_executor/cuda/cuda_gpu_executor.cc:941] successful NUMA node read from SysFS had negative value (-1), but there must be at least one NUMA node, so returning NUMA node zero
2021-03-22 01:04:37.521285: I tensorflow/core/common_runtime/gpu/gpu_device.cc:1862] Adding visible gpu devices: 0
2021-03-22 01:04:37.521622: I tensorflow/core/platform/cpu_feature_guard.cc:142] This TensorFlow binary is optimized with oneAPI Deep Neural Network Library (oneDNN) to use the following CPU instructions in performance-critical operations:  AVX2 FMA
To enable them in other operations, rebuild TensorFlow with the appropriate compiler flags.
2021-03-22 01:04:37.522012: I tensorflow/compiler/jit/xla_gpu_device.cc:99] Not creating XLA devices, tf_xla_enable_xla_devices not set
2021-03-22 01:04:37.522125: I tensorflow/stream_executor/cuda/cuda_gpu_executor.cc:941] successful NUMA node read from SysFS had negative value (-1), but there must be at least one NUMA node, so returning NUMA node zero
2021-03-22 01:04:37.522522: I tensorflow/core/common_runtime/gpu/gpu_device.cc:1720] Found device 0 with properties: 
pciBusID: 0000:01:00.0 name: GeForce GTX 1070 computeCapability: 6.1
coreClock: 1.695GHz coreCount: 16 deviceMemorySize: 7.90GiB deviceMemoryBandwidth: 238.66GiB/s
2021-03-22 01:04:37.522548: I tensorflow/stream_executor/platform/default/dso_loader.cc:49] Successfully opened dynamic library libcudart.so.11.0
2021-03-22 01:04:37.522570: I tensorflow/stream_executor/platform/default/dso_loader.cc:49] Successfully opened dynamic library libcublas.so.11
2021-03-22 01:04:37.522587: I tensorflow/stream_executor/platform/default/dso_loader.cc:49] Successfully opened dynamic library libcublasLt.so.11
2021-03-22 01:04:37.522616: I tensorflow/stream_executor/platform/default/dso_loader.cc:49] Successfully opened dynamic library libcufft.so.10
2021-03-22 01:04:37.522634: I tensorflow/stream_executor/platform/default/dso_loader.cc:49] Successfully opened dynamic library libcurand.so.10
2021-03-22 01:04:37.522652: I tensorflow/stream_executor/platform/default/dso_loader.cc:49] Successfully opened dynamic library libcusolver.so.10
2021-03-22 01:04:37.522669: I tensorflow/stream_executor/platform/default/dso_loader.cc:49] Successfully opened dynamic library libcusparse.so.11
2021-03-22 01:04:37.522686: I tensorflow/stream_executor/platform/default/dso_loader.cc:49] Successfully opened dynamic library libcudnn.so.8
2021-03-22 01:04:37.522764: I tensorflow/stream_executor/cuda/cuda_gpu_executor.cc:941] successful NUMA node read from SysFS had negative value (-1), but there must be at least one NUMA node, so returning NUMA node zero
2021-03-22 01:04:37.523194: I tensorflow/stream_executor/cuda/cuda_gpu_executor.cc:941] successful NUMA node read from SysFS had negative value (-1), but there must be at least one NUMA node, so returning NUMA node zero
2021-03-22 01:04:37.523534: I tensorflow/core/common_runtime/gpu/gpu_device.cc:1862] Adding visible gpu devices: 0
2021-03-22 01:04:37.523564: I tensorflow/stream_executor/platform/default/dso_loader.cc:49] Successfully opened dynamic library libcudart.so.11.0
2021-03-22 01:04:37.931639: I tensorflow/core/common_runtime/gpu/gpu_device.cc:1261] Device interconnect StreamExecutor with strength 1 edge matrix:
2021-03-22 01:04:37.931694: I tensorflow/core/common_runtime/gpu/gpu_device.cc:1267]      0 
2021-03-22 01:04:37.931715: I tensorflow/core/common_runtime/gpu/gpu_device.cc:1280] 0:   N 
2021-03-22 01:04:37.931892: I tensorflow/stream_executor/cuda/cuda_gpu_executor.cc:941] successful NUMA node read from SysFS had negative value (-1), but there must be at least one NUMA node, so returning NUMA node zero
2021-03-22 01:04:37.932245: I tensorflow/stream_executor/cuda/cuda_gpu_executor.cc:941] successful NUMA node read from SysFS had negative value (-1), but there must be at least one NUMA node, so returning NUMA node zero
2021-03-22 01:04:37.932559: I tensorflow/stream_executor/cuda/cuda_gpu_executor.cc:941] successful NUMA node read from SysFS had negative value (-1), but there must be at least one NUMA node, so returning NUMA node zero
2021-03-22 01:04:37.933114: I tensorflow/core/common_runtime/gpu/gpu_device.cc:1406] Created TensorFlow device (/job:localhost/replica:0/task:0/device:GPU:0 with 6248 MB memory) -> physical GPU (device: 0, name: GeForce GTX 1070, pci bus id: 0000:01:00.0, compute capability: 6.1)
2021-03-22 01:04:42.645570: I tensorflow/compiler/mlir/mlir_graph_optimization_pass.cc:116] None of the MLIR optimization passes are enabled (registered 2)
2021-03-22 01:04:42.694914: I tensorflow/core/platform/profile_utils/cpu_utils.cc:112] CPU Frequency: 2799925000 Hz
2021-03-22 01:04:42.888884: I tensorflow/stream_executor/platform/default/dso_loader.cc:49] Successfully opened dynamic library libcublas.so.11
2021-03-22 01:04:43.276725: I tensorflow/stream_executor/platform/default/dso_loader.cc:49] Successfully opened dynamic library libcublasLt.so.11
[I 01:04:53.318 NotebookApp] Kernel interrupted: d079a48d-f244-4fdc-b4b8-e289295d2a32
[I 01:05:11.320 NotebookApp] Kernel interrupted: d079a48d-f244-4fdc-b4b8-e289295d2a32
[I 01:05:20.123 NotebookApp] Kernel interrupted: d079a48d-f244-4fdc-b4b8-e289295d2a32
[I 01:06:16.199 NotebookApp] Saving file at /workspace/tf/actor_critic-Copy2.ipynb
[I 01:06:16.201 NotebookApp] Saving actor_critic-Copy2.ipynb
[W 01:06:16.202 NotebookApp] Notebook workspace/tf/actor_critic-Copy2.ipynb is not trusted
[I 01:08:16.190 NotebookApp] Saving file at /workspace/tf/actor_critic-Copy2.ipynb
[I 01:08:16.192 NotebookApp] Saving actor_critic-Copy2.ipynb
[W 01:08:16.192 NotebookApp] Notebook workspace/tf/actor_critic-Copy2.ipynb is not trusted
[I 01:10:16.198 NotebookApp] Saving file at /workspace/tf/actor_critic-Copy2.ipynb
[I 01:10:16.199 NotebookApp] Saving actor_critic-Copy2.ipynb
[W 01:10:16.199 NotebookApp] Notebook workspace/tf/actor_critic-Copy2.ipynb is not trusted
[I 01:44:16.189 NotebookApp] Saving file at /workspace/tf/actor_critic-Copy2.ipynb
[I 01:44:16.190 NotebookApp] Saving actor_critic-Copy2.ipynb
[W 01:44:16.191 NotebookApp] Notebook workspace/tf/actor_critic-Copy2.ipynb is not trusted
[I 01:46:16.187 NotebookApp] Saving file at /workspace/tf/actor_critic-Copy2.ipynb
[I 01:46:16.189 NotebookApp] Saving actor_critic-Copy2.ipynb
[W 01:46:16.189 NotebookApp] Notebook workspace/tf/actor_critic-Copy2.ipynb is not trusted
[I 01:48:16.188 NotebookApp] Saving file at /workspace/tf/actor_critic-Copy2.ipynb
[I 01:48:16.189 NotebookApp] Saving actor_critic-Copy2.ipynb
[W 01:48:16.190 NotebookApp] Notebook workspace/tf/actor_critic-Copy2.ipynb is not trusted
[I 01:50:16.187 NotebookApp] Saving file at /workspace/tf/actor_critic-Copy2.ipynb
[I 01:50:16.189 NotebookApp] Saving actor_critic-Copy2.ipynb
[W 01:50:16.189 NotebookApp] Notebook workspace/tf/actor_critic-Copy2.ipynb is not trusted
[I 01:52:16.189 NotebookApp] Saving file at /workspace/tf/actor_critic-Copy2.ipynb
[I 01:52:16.191 NotebookApp] Saving actor_critic-Copy2.ipynb
[W 01:52:16.191 NotebookApp] Notebook workspace/tf/actor_critic-Copy2.ipynb is not trusted
[I 01:54:16.188 NotebookApp] Saving file at /workspace/tf/actor_critic-Copy2.ipynb
[I 01:54:16.190 NotebookApp] Saving actor_critic-Copy2.ipynb
[W 01:54:16.190 NotebookApp] Notebook workspace/tf/actor_critic-Copy2.ipynb is not trusted
[I 01:56:16.189 NotebookApp] Saving file at /workspace/tf/actor_critic-Copy2.ipynb
[I 01:56:16.190 NotebookApp] Saving actor_critic-Copy2.ipynb
[W 01:56:16.191 NotebookApp] Notebook workspace/tf/actor_critic-Copy2.ipynb is not trusted
[I 01:58:16.189 NotebookApp] Saving file at /workspace/tf/actor_critic-Copy2.ipynb
[I 01:58:16.190 NotebookApp] Saving actor_critic-Copy2.ipynb
[W 01:58:16.191 NotebookApp] Notebook workspace/tf/actor_critic-Copy2.ipynb is not trusted
[I 02:00:16.189 NotebookApp] Saving file at /workspace/tf/actor_critic-Copy2.ipynb
[I 02:00:16.190 NotebookApp] Saving actor_critic-Copy2.ipynb
[W 02:00:16.191 NotebookApp] Notebook workspace/tf/actor_critic-Copy2.ipynb is not trusted
[I 02:02:16.188 NotebookApp] Saving file at /workspace/tf/actor_critic-Copy2.ipynb
[I 02:02:16.189 NotebookApp] Saving actor_critic-Copy2.ipynb
[W 02:02:16.190 NotebookApp] Notebook workspace/tf/actor_critic-Copy2.ipynb is not trusted
[I 02:04:16.193 NotebookApp] Saving file at /workspace/tf/actor_critic-Copy2.ipynb
[I 02:04:16.195 NotebookApp] Saving actor_critic-Copy2.ipynb
[W 02:04:16.195 NotebookApp] Notebook workspace/tf/actor_critic-Copy2.ipynb is not trusted
[I 02:06:16.189 NotebookApp] Saving file at /workspace/tf/actor_critic-Copy2.ipynb
[I 02:06:16.190 NotebookApp] Saving actor_critic-Copy2.ipynb
[W 02:06:16.190 NotebookApp] Notebook workspace/tf/actor_critic-Copy2.ipynb is not trusted
[I 02:08:16.190 NotebookApp] Saving file at /workspace/tf/actor_critic-Copy2.ipynb
[I 02:08:16.191 NotebookApp] Saving actor_critic-Copy2.ipynb
[W 02:08:16.192 NotebookApp] Notebook workspace/tf/actor_critic-Copy2.ipynb is not trusted
[I 02:10:16.189 NotebookApp] Saving file at /workspace/tf/actor_critic-Copy2.ipynb
[I 02:10:16.190 NotebookApp] Saving actor_critic-Copy2.ipynb
[W 02:10:16.191 NotebookApp] Notebook workspace/tf/actor_critic-Copy2.ipynb is not trusted
[I 02:12:16.189 NotebookApp] Saving file at /workspace/tf/actor_critic-Copy2.ipynb
[I 02:12:16.190 NotebookApp] Saving actor_critic-Copy2.ipynb
[W 02:12:16.191 NotebookApp] Notebook workspace/tf/actor_critic-Copy2.ipynb is not trusted
[I 02:14:16.189 NotebookApp] Saving file at /workspace/tf/actor_critic-Copy2.ipynb
[I 02:14:16.191 NotebookApp] Saving actor_critic-Copy2.ipynb
[W 02:14:16.191 NotebookApp] Notebook workspace/tf/actor_critic-Copy2.ipynb is not trusted
[I 02:16:16.189 NotebookApp] Saving file at /workspace/tf/actor_critic-Copy2.ipynb
[I 02:16:16.191 NotebookApp] Saving actor_critic-Copy2.ipynb
[W 02:16:16.191 NotebookApp] Notebook workspace/tf/actor_critic-Copy2.ipynb is not trusted
[I 02:18:16.188 NotebookApp] Saving file at /workspace/tf/actor_critic-Copy2.ipynb
[I 02:18:16.189 NotebookApp] Saving actor_critic-Copy2.ipynb
[W 02:18:16.190 NotebookApp] Notebook workspace/tf/actor_critic-Copy2.ipynb is not trusted
[I 02:20:16.189 NotebookApp] Saving file at /workspace/tf/actor_critic-Copy2.ipynb
[I 02:20:16.190 NotebookApp] Saving actor_critic-Copy2.ipynb
[W 02:20:16.191 NotebookApp] Notebook workspace/tf/actor_critic-Copy2.ipynb is not trusted
[I 02:22:16.189 NotebookApp] Saving file at /workspace/tf/actor_critic-Copy2.ipynb
[I 02:22:16.190 NotebookApp] Saving actor_critic-Copy2.ipynb
[W 02:22:16.191 NotebookApp] Notebook workspace/tf/actor_critic-Copy2.ipynb is not trusted
[I 02:24:16.189 NotebookApp] Saving file at /workspace/tf/actor_critic-Copy2.ipynb
[I 02:24:16.190 NotebookApp] Saving actor_critic-Copy2.ipynb
[W 02:24:16.191 NotebookApp] Notebook workspace/tf/actor_critic-Copy2.ipynb is not trusted
[I 02:26:16.194 NotebookApp] Saving file at /workspace/tf/actor_critic-Copy2.ipynb
[I 02:26:16.196 NotebookApp] Saving actor_critic-Copy2.ipynb
[W 02:26:16.196 NotebookApp] Notebook workspace/tf/actor_critic-Copy2.ipynb is not trusted
[I 02:28:16.188 NotebookApp] Saving file at /workspace/tf/actor_critic-Copy2.ipynb
[I 02:28:16.189 NotebookApp] Saving actor_critic-Copy2.ipynb
[W 02:28:16.190 NotebookApp] Notebook workspace/tf/actor_critic-Copy2.ipynb is not trusted
[I 02:30:16.188 NotebookApp] Saving file at /workspace/tf/actor_critic-Copy2.ipynb
[I 02:30:16.189 NotebookApp] Saving actor_critic-Copy2.ipynb
[W 02:30:16.190 NotebookApp] Notebook workspace/tf/actor_critic-Copy2.ipynb is not trusted
[I 02:32:16.189 NotebookApp] Saving file at /workspace/tf/actor_critic-Copy2.ipynb
[I 02:32:16.190 NotebookApp] Saving actor_critic-Copy2.ipynb
[W 02:32:16.190 NotebookApp] Notebook workspace/tf/actor_critic-Copy2.ipynb is not trusted
[I 02:34:16.189 NotebookApp] Saving file at /workspace/tf/actor_critic-Copy2.ipynb
[I 02:34:16.190 NotebookApp] Saving actor_critic-Copy2.ipynb
[W 02:34:16.190 NotebookApp] Notebook workspace/tf/actor_critic-Copy2.ipynb is not trusted
[I 02:36:16.190 NotebookApp] Saving file at /workspace/tf/actor_critic-Copy2.ipynb
[I 02:36:16.191 NotebookApp] Saving actor_critic-Copy2.ipynb
[W 02:36:16.191 NotebookApp] Notebook workspace/tf/actor_critic-Copy2.ipynb is not trusted
[I 02:38:16.188 NotebookApp] Saving file at /workspace/tf/actor_critic-Copy2.ipynb
[I 02:38:16.190 NotebookApp] Saving actor_critic-Copy2.ipynb
[W 02:38:16.190 NotebookApp] Notebook workspace/tf/actor_critic-Copy2.ipynb is not trusted
[I 02:40:16.188 NotebookApp] Saving file at /workspace/tf/actor_critic-Copy2.ipynb
[I 02:40:16.189 NotebookApp] Saving actor_critic-Copy2.ipynb
[W 02:40:16.190 NotebookApp] Notebook workspace/tf/actor_critic-Copy2.ipynb is not trusted
[I 02:42:16.188 NotebookApp] Saving file at /workspace/tf/actor_critic-Copy2.ipynb
[I 02:42:16.190 NotebookApp] Saving actor_critic-Copy2.ipynb
[W 02:42:16.190 NotebookApp] Notebook workspace/tf/actor_critic-Copy2.ipynb is not trusted
[I 02:44:16.188 NotebookApp] Saving file at /workspace/tf/actor_critic-Copy2.ipynb
[I 02:44:16.190 NotebookApp] Saving actor_critic-Copy2.ipynb
[W 02:44:16.190 NotebookApp] Notebook workspace/tf/actor_critic-Copy2.ipynb is not trusted
[I 02:46:16.189 NotebookApp] Saving file at /workspace/tf/actor_critic-Copy2.ipynb
[I 02:46:16.190 NotebookApp] Saving actor_critic-Copy2.ipynb
[W 02:46:16.191 NotebookApp] Notebook workspace/tf/actor_critic-Copy2.ipynb is not trusted
[I 02:48:16.188 NotebookApp] Saving file at /workspace/tf/actor_critic-Copy2.ipynb
[I 02:48:16.190 NotebookApp] Saving actor_critic-Copy2.ipynb
[W 02:48:16.190 NotebookApp] Notebook workspace/tf/actor_critic-Copy2.ipynb is not trusted
[I 02:50:16.188 NotebookApp] Saving file at /workspace/tf/actor_critic-Copy2.ipynb
[I 02:50:16.189 NotebookApp] Saving actor_critic-Copy2.ipynb
[W 02:50:16.190 NotebookApp] Notebook workspace/tf/actor_critic-Copy2.ipynb is not trusted
[I 02:52:16.188 NotebookApp] Saving file at /workspace/tf/actor_critic-Copy2.ipynb
[I 02:52:16.189 NotebookApp] Saving actor_critic-Copy2.ipynb
[W 02:52:16.190 NotebookApp] Notebook workspace/tf/actor_critic-Copy2.ipynb is not trusted
[I 02:54:16.189 NotebookApp] Saving file at /workspace/tf/actor_critic-Copy2.ipynb
[I 02:54:16.191 NotebookApp] Saving actor_critic-Copy2.ipynb
[W 02:54:16.191 NotebookApp] Notebook workspace/tf/actor_critic-Copy2.ipynb is not trusted
[I 02:56:16.189 NotebookApp] Saving file at /workspace/tf/actor_critic-Copy2.ipynb
[I 02:56:16.190 NotebookApp] Saving actor_critic-Copy2.ipynb
[W 02:56:16.191 NotebookApp] Notebook workspace/tf/actor_critic-Copy2.ipynb is not trusted
[I 02:58:16.189 NotebookApp] Saving file at /workspace/tf/actor_critic-Copy2.ipynb
[I 02:58:16.190 NotebookApp] Saving actor_critic-Copy2.ipynb
[W 02:58:16.191 NotebookApp] Notebook workspace/tf/actor_critic-Copy2.ipynb is not trusted
[I 03:00:16.188 NotebookApp] Saving file at /workspace/tf/actor_critic-Copy2.ipynb
[I 03:00:16.189 NotebookApp] Saving actor_critic-Copy2.ipynb
[W 03:00:16.190 NotebookApp] Notebook workspace/tf/actor_critic-Copy2.ipynb is not trusted
[I 03:02:16.188 NotebookApp] Saving file at /workspace/tf/actor_critic-Copy2.ipynb
[I 03:02:16.189 NotebookApp] Saving actor_critic-Copy2.ipynb
[W 03:02:16.190 NotebookApp] Notebook workspace/tf/actor_critic-Copy2.ipynb is not trusted
[I 03:04:16.189 NotebookApp] Saving file at /workspace/tf/actor_critic-Copy2.ipynb
[I 03:04:16.190 NotebookApp] Saving actor_critic-Copy2.ipynb
[W 03:04:16.190 NotebookApp] Notebook workspace/tf/actor_critic-Copy2.ipynb is not trusted
[I 03:06:16.189 NotebookApp] Saving file at /workspace/tf/actor_critic-Copy2.ipynb
[I 03:06:16.190 NotebookApp] Saving actor_critic-Copy2.ipynb
[W 03:06:16.191 NotebookApp] Notebook workspace/tf/actor_critic-Copy2.ipynb is not trusted
[I 03:08:16.190 NotebookApp] Saving file at /workspace/tf/actor_critic-Copy2.ipynb
[I 03:08:16.191 NotebookApp] Saving actor_critic-Copy2.ipynb
[W 03:08:16.192 NotebookApp] Notebook workspace/tf/actor_critic-Copy2.ipynb is not trusted
[I 03:10:16.188 NotebookApp] Saving file at /workspace/tf/actor_critic-Copy2.ipynb
[I 03:10:16.189 NotebookApp] Saving actor_critic-Copy2.ipynb
[W 03:10:16.190 NotebookApp] Notebook workspace/tf/actor_critic-Copy2.ipynb is not trusted
[I 03:12:16.188 NotebookApp] Saving file at /workspace/tf/actor_critic-Copy2.ipynb
[I 03:12:16.189 NotebookApp] Saving actor_critic-Copy2.ipynb
[W 03:12:16.190 NotebookApp] Notebook workspace/tf/actor_critic-Copy2.ipynb is not trusted
[I 03:14:16.189 NotebookApp] Saving file at /workspace/tf/actor_critic-Copy2.ipynb
[I 03:14:16.190 NotebookApp] Saving actor_critic-Copy2.ipynb
[W 03:14:16.190 NotebookApp] Notebook workspace/tf/actor_critic-Copy2.ipynb is not trusted
[I 03:16:16.189 NotebookApp] Saving file at /workspace/tf/actor_critic-Copy2.ipynb
[I 03:16:16.191 NotebookApp] Saving actor_critic-Copy2.ipynb
[W 03:16:16.191 NotebookApp] Notebook workspace/tf/actor_critic-Copy2.ipynb is not trusted
[I 03:18:16.192 NotebookApp] Saving file at /workspace/tf/actor_critic-Copy2.ipynb
[I 03:18:16.193 NotebookApp] Saving actor_critic-Copy2.ipynb
[W 03:18:16.194 NotebookApp] Notebook workspace/tf/actor_critic-Copy2.ipynb is not trusted
[I 03:20:16.189 NotebookApp] Saving file at /workspace/tf/actor_critic-Copy2.ipynb
[I 03:20:16.191 NotebookApp] Saving actor_critic-Copy2.ipynb
[W 03:20:16.191 NotebookApp] Notebook workspace/tf/actor_critic-Copy2.ipynb is not trusted
[I 03:22:16.189 NotebookApp] Saving file at /workspace/tf/actor_critic-Copy2.ipynb
[I 03:22:16.190 NotebookApp] Saving actor_critic-Copy2.ipynb
[W 03:22:16.190 NotebookApp] Notebook workspace/tf/actor_critic-Copy2.ipynb is not trusted
[I 03:24:16.188 NotebookApp] Saving file at /workspace/tf/actor_critic-Copy2.ipynb
[I 03:24:16.189 NotebookApp] Saving actor_critic-Copy2.ipynb
[W 03:24:16.190 NotebookApp] Notebook workspace/tf/actor_critic-Copy2.ipynb is not trusted
[I 03:26:16.188 NotebookApp] Saving file at /workspace/tf/actor_critic-Copy2.ipynb
[I 03:26:16.190 NotebookApp] Saving actor_critic-Copy2.ipynb
[W 03:26:16.191 NotebookApp] Notebook workspace/tf/actor_critic-Copy2.ipynb is not trusted
[I 03:28:16.188 NotebookApp] Saving file at /workspace/tf/actor_critic-Copy2.ipynb
[I 03:28:16.189 NotebookApp] Saving actor_critic-Copy2.ipynb
[W 03:28:16.190 NotebookApp] Notebook workspace/tf/actor_critic-Copy2.ipynb is not trusted
[I 03:30:16.189 NotebookApp] Saving file at /workspace/tf/actor_critic-Copy2.ipynb
[I 03:30:16.190 NotebookApp] Saving actor_critic-Copy2.ipynb
[W 03:30:16.191 NotebookApp] Notebook workspace/tf/actor_critic-Copy2.ipynb is not trusted
[I 03:32:16.189 NotebookApp] Saving file at /workspace/tf/actor_critic-Copy2.ipynb
[I 03:32:16.190 NotebookApp] Saving actor_critic-Copy2.ipynb
[W 03:32:16.191 NotebookApp] Notebook workspace/tf/actor_critic-Copy2.ipynb is not trusted
[I 03:34:16.189 NotebookApp] Saving file at /workspace/tf/actor_critic-Copy2.ipynb
[I 03:34:16.190 NotebookApp] Saving actor_critic-Copy2.ipynb
[W 03:34:16.191 NotebookApp] Notebook workspace/tf/actor_critic-Copy2.ipynb is not trusted
[I 03:36:16.193 NotebookApp] Saving file at /workspace/tf/actor_critic-Copy2.ipynb
[I 03:36:16.194 NotebookApp] Saving actor_critic-Copy2.ipynb
[W 03:36:16.195 NotebookApp] Notebook workspace/tf/actor_critic-Copy2.ipynb is not trusted
[I 03:38:16.190 NotebookApp] Saving file at /workspace/tf/actor_critic-Copy2.ipynb
[I 03:38:16.191 NotebookApp] Saving actor_critic-Copy2.ipynb
[W 03:38:16.192 NotebookApp] Notebook workspace/tf/actor_critic-Copy2.ipynb is not trusted
[I 03:40:16.189 NotebookApp] Saving file at /workspace/tf/actor_critic-Copy2.ipynb
[I 03:40:16.190 NotebookApp] Saving actor_critic-Copy2.ipynb
[W 03:40:16.190 NotebookApp] Notebook workspace/tf/actor_critic-Copy2.ipynb is not trusted
[I 03:42:16.188 NotebookApp] Saving file at /workspace/tf/actor_critic-Copy2.ipynb
[I 03:42:16.189 NotebookApp] Saving actor_critic-Copy2.ipynb
[W 03:42:16.190 NotebookApp] Notebook workspace/tf/actor_critic-Copy2.ipynb is not trusted
[I 03:44:16.188 NotebookApp] Saving file at /workspace/tf/actor_critic-Copy2.ipynb
[I 03:44:16.189 NotebookApp] Saving actor_critic-Copy2.ipynb
[W 03:44:16.190 NotebookApp] Notebook workspace/tf/actor_critic-Copy2.ipynb is not trusted
[I 03:46:16.188 NotebookApp] Saving file at /workspace/tf/actor_critic-Copy2.ipynb
[I 03:46:16.189 NotebookApp] Saving actor_critic-Copy2.ipynb
[W 03:46:16.190 NotebookApp] Notebook workspace/tf/actor_critic-Copy2.ipynb is not trusted
[I 03:48:16.189 NotebookApp] Saving file at /workspace/tf/actor_critic-Copy2.ipynb
[I 03:48:16.190 NotebookApp] Saving actor_critic-Copy2.ipynb
[W 03:48:16.191 NotebookApp] Notebook workspace/tf/actor_critic-Copy2.ipynb is not trusted
[I 03:50:16.197 NotebookApp] Saving file at /workspace/tf/actor_critic-Copy2.ipynb
[I 03:50:16.199 NotebookApp] Saving actor_critic-Copy2.ipynb
[W 03:50:16.199 NotebookApp] Notebook workspace/tf/actor_critic-Copy2.ipynb is not trusted
[I 03:52:16.193 NotebookApp] Saving file at /workspace/tf/actor_critic-Copy2.ipynb
[I 03:52:16.194 NotebookApp] Saving actor_critic-Copy2.ipynb
[W 03:52:16.195 NotebookApp] Notebook workspace/tf/actor_critic-Copy2.ipynb is not trusted
[I 03:54:16.188 NotebookApp] Saving file at /workspace/tf/actor_critic-Copy2.ipynb
[I 03:54:16.189 NotebookApp] Saving actor_critic-Copy2.ipynb
[W 03:54:16.189 NotebookApp] Notebook workspace/tf/actor_critic-Copy2.ipynb is not trusted
[I 03:56:16.187 NotebookApp] Saving file at /workspace/tf/actor_critic-Copy2.ipynb
[I 03:56:16.188 NotebookApp] Saving actor_critic-Copy2.ipynb
[W 03:56:16.189 NotebookApp] Notebook workspace/tf/actor_critic-Copy2.ipynb is not trusted
[I 03:58:16.188 NotebookApp] Saving file at /workspace/tf/actor_critic-Copy2.ipynb
[I 03:58:16.189 NotebookApp] Saving actor_critic-Copy2.ipynb
[W 03:58:16.190 NotebookApp] Notebook workspace/tf/actor_critic-Copy2.ipynb is not trusted
[I 04:00:16.189 NotebookApp] Saving file at /workspace/tf/actor_critic-Copy2.ipynb
[I 04:00:16.190 NotebookApp] Saving actor_critic-Copy2.ipynb
[W 04:00:16.191 NotebookApp] Notebook workspace/tf/actor_critic-Copy2.ipynb is not trusted
[I 04:02:16.189 NotebookApp] Saving file at /workspace/tf/actor_critic-Copy2.ipynb
[I 04:02:16.190 NotebookApp] Saving actor_critic-Copy2.ipynb
[W 04:02:16.191 NotebookApp] Notebook workspace/tf/actor_critic-Copy2.ipynb is not trusted
[I 04:04:16.189 NotebookApp] Saving file at /workspace/tf/actor_critic-Copy2.ipynb
[I 04:04:16.190 NotebookApp] Saving actor_critic-Copy2.ipynb
[W 04:04:16.191 NotebookApp] Notebook workspace/tf/actor_critic-Copy2.ipynb is not trusted
[I 04:06:16.189 NotebookApp] Saving file at /workspace/tf/actor_critic-Copy2.ipynb
[I 04:06:16.190 NotebookApp] Saving actor_critic-Copy2.ipynb
[W 04:06:16.191 NotebookApp] Notebook workspace/tf/actor_critic-Copy2.ipynb is not trusted
[I 04:08:16.189 NotebookApp] Saving file at /workspace/tf/actor_critic-Copy2.ipynb
[I 04:08:16.190 NotebookApp] Saving actor_critic-Copy2.ipynb
[W 04:08:16.191 NotebookApp] Notebook workspace/tf/actor_critic-Copy2.ipynb is not trusted
[I 04:10:16.189 NotebookApp] Saving file at /workspace/tf/actor_critic-Copy2.ipynb
[I 04:10:16.191 NotebookApp] Saving actor_critic-Copy2.ipynb
[W 04:10:16.191 NotebookApp] Notebook workspace/tf/actor_critic-Copy2.ipynb is not trusted
[I 04:12:16.188 NotebookApp] Saving file at /workspace/tf/actor_critic-Copy2.ipynb
[I 04:12:16.190 NotebookApp] Saving actor_critic-Copy2.ipynb
[W 04:12:16.190 NotebookApp] Notebook workspace/tf/actor_critic-Copy2.ipynb is not trusted
[I 04:14:16.189 NotebookApp] Saving file at /workspace/tf/actor_critic-Copy2.ipynb
[I 04:14:16.190 NotebookApp] Saving actor_critic-Copy2.ipynb
[W 04:14:16.191 NotebookApp] Notebook workspace/tf/actor_critic-Copy2.ipynb is not trusted
[I 04:16:16.188 NotebookApp] Saving file at /workspace/tf/actor_critic-Copy2.ipynb
[I 04:16:16.190 NotebookApp] Saving actor_critic-Copy2.ipynb
[W 04:16:16.190 NotebookApp] Notebook workspace/tf/actor_critic-Copy2.ipynb is not trusted
[I 04:18:16.189 NotebookApp] Saving file at /workspace/tf/actor_critic-Copy2.ipynb
[I 04:18:16.190 NotebookApp] Saving actor_critic-Copy2.ipynb
[W 04:18:16.191 NotebookApp] Notebook workspace/tf/actor_critic-Copy2.ipynb is not trusted
[I 04:20:16.189 NotebookApp] Saving file at /workspace/tf/actor_critic-Copy2.ipynb
[I 04:20:16.190 NotebookApp] Saving actor_critic-Copy2.ipynb
[W 04:20:16.191 NotebookApp] Notebook workspace/tf/actor_critic-Copy2.ipynb is not trusted
[I 04:22:16.191 NotebookApp] Saving file at /workspace/tf/actor_critic-Copy2.ipynb
[I 04:22:16.193 NotebookApp] Saving actor_critic-Copy2.ipynb
[W 04:22:16.193 NotebookApp] Notebook workspace/tf/actor_critic-Copy2.ipynb is not trusted
[I 04:24:16.189 NotebookApp] Saving file at /workspace/tf/actor_critic-Copy2.ipynb
[I 04:24:16.190 NotebookApp] Saving actor_critic-Copy2.ipynb
[W 04:24:16.191 NotebookApp] Notebook workspace/tf/actor_critic-Copy2.ipynb is not trusted
[I 04:26:16.188 NotebookApp] Saving file at /workspace/tf/actor_critic-Copy2.ipynb
[I 04:26:16.190 NotebookApp] Saving actor_critic-Copy2.ipynb
[W 04:26:16.190 NotebookApp] Notebook workspace/tf/actor_critic-Copy2.ipynb is not trusted
[I 04:28:16.188 NotebookApp] Saving file at /workspace/tf/actor_critic-Copy2.ipynb
[I 04:28:16.190 NotebookApp] Saving actor_critic-Copy2.ipynb
[W 04:28:16.190 NotebookApp] Notebook workspace/tf/actor_critic-Copy2.ipynb is not trusted
[I 04:30:16.189 NotebookApp] Saving file at /workspace/tf/actor_critic-Copy2.ipynb
[I 04:30:16.190 NotebookApp] Saving actor_critic-Copy2.ipynb
[W 04:30:16.191 NotebookApp] Notebook workspace/tf/actor_critic-Copy2.ipynb is not trusted
[I 04:32:16.188 NotebookApp] Saving file at /workspace/tf/actor_critic-Copy2.ipynb
[I 04:32:16.190 NotebookApp] Saving actor_critic-Copy2.ipynb
[W 04:32:16.190 NotebookApp] Notebook workspace/tf/actor_critic-Copy2.ipynb is not trusted
[I 04:34:16.189 NotebookApp] Saving file at /workspace/tf/actor_critic-Copy2.ipynb
[I 04:34:16.190 NotebookApp] Saving actor_critic-Copy2.ipynb
[W 04:34:16.191 NotebookApp] Notebook workspace/tf/actor_critic-Copy2.ipynb is not trusted
[I 04:36:16.189 NotebookApp] Saving file at /workspace/tf/actor_critic-Copy2.ipynb
[I 04:36:16.191 NotebookApp] Saving actor_critic-Copy2.ipynb
[W 04:36:16.191 NotebookApp] Notebook workspace/tf/actor_critic-Copy2.ipynb is not trusted
[I 04:38:16.194 NotebookApp] Saving file at /workspace/tf/actor_critic-Copy2.ipynb
[I 04:38:16.195 NotebookApp] Saving actor_critic-Copy2.ipynb
[W 04:38:16.196 NotebookApp] Notebook workspace/tf/actor_critic-Copy2.ipynb is not trusted
[I 04:40:16.189 NotebookApp] Saving file at /workspace/tf/actor_critic-Copy2.ipynb
[I 04:40:16.190 NotebookApp] Saving actor_critic-Copy2.ipynb
[W 04:40:16.190 NotebookApp] Notebook workspace/tf/actor_critic-Copy2.ipynb is not trusted
[I 04:42:16.189 NotebookApp] Saving file at /workspace/tf/actor_critic-Copy2.ipynb
[I 04:42:16.190 NotebookApp] Saving actor_critic-Copy2.ipynb
[W 04:42:16.190 NotebookApp] Notebook workspace/tf/actor_critic-Copy2.ipynb is not trusted
[I 04:44:16.188 NotebookApp] Saving file at /workspace/tf/actor_critic-Copy2.ipynb
[I 04:44:16.189 NotebookApp] Saving actor_critic-Copy2.ipynb
[W 04:44:16.190 NotebookApp] Notebook workspace/tf/actor_critic-Copy2.ipynb is not trusted
[I 04:46:16.189 NotebookApp] Saving file at /workspace/tf/actor_critic-Copy2.ipynb
[I 04:46:16.190 NotebookApp] Saving actor_critic-Copy2.ipynb
[W 04:46:16.191 NotebookApp] Notebook workspace/tf/actor_critic-Copy2.ipynb is not trusted
[I 04:48:16.189 NotebookApp] Saving file at /workspace/tf/actor_critic-Copy2.ipynb
[I 04:48:16.191 NotebookApp] Saving actor_critic-Copy2.ipynb
[W 04:48:16.191 NotebookApp] Notebook workspace/tf/actor_critic-Copy2.ipynb is not trusted
[I 04:50:16.188 NotebookApp] Saving file at /workspace/tf/actor_critic-Copy2.ipynb
[I 04:50:16.190 NotebookApp] Saving actor_critic-Copy2.ipynb
[W 04:50:16.190 NotebookApp] Notebook workspace/tf/actor_critic-Copy2.ipynb is not trusted
[I 04:52:16.188 NotebookApp] Saving file at /workspace/tf/actor_critic-Copy2.ipynb
[I 04:52:16.189 NotebookApp] Saving actor_critic-Copy2.ipynb
[W 04:52:16.190 NotebookApp] Notebook workspace/tf/actor_critic-Copy2.ipynb is not trusted
[I 04:54:16.188 NotebookApp] Saving file at /workspace/tf/actor_critic-Copy2.ipynb
[I 04:54:16.190 NotebookApp] Saving actor_critic-Copy2.ipynb
[W 04:54:16.190 NotebookApp] Notebook workspace/tf/actor_critic-Copy2.ipynb is not trusted
[I 04:56:16.188 NotebookApp] Saving file at /workspace/tf/actor_critic-Copy2.ipynb
[I 04:56:16.189 NotebookApp] Saving actor_critic-Copy2.ipynb
[W 04:56:16.189 NotebookApp] Notebook workspace/tf/actor_critic-Copy2.ipynb is not trusted
[I 04:58:16.191 NotebookApp] Saving file at /workspace/tf/actor_critic-Copy2.ipynb
[I 04:58:16.192 NotebookApp] Saving actor_critic-Copy2.ipynb
[W 04:58:16.193 NotebookApp] Notebook workspace/tf/actor_critic-Copy2.ipynb is not trusted
[I 05:00:16.190 NotebookApp] Saving file at /workspace/tf/actor_critic-Copy2.ipynb
[I 05:00:16.191 NotebookApp] Saving actor_critic-Copy2.ipynb
[W 05:00:16.192 NotebookApp] Notebook workspace/tf/actor_critic-Copy2.ipynb is not trusted
[I 05:02:16.196 NotebookApp] Saving file at /workspace/tf/actor_critic-Copy2.ipynb
[I 05:02:16.197 NotebookApp] Saving actor_critic-Copy2.ipynb
[W 05:02:16.198 NotebookApp] Notebook workspace/tf/actor_critic-Copy2.ipynb is not trusted
[I 05:04:16.189 NotebookApp] Saving file at /workspace/tf/actor_critic-Copy2.ipynb
[I 05:04:16.191 NotebookApp] Saving actor_critic-Copy2.ipynb
[W 05:04:16.191 NotebookApp] Notebook workspace/tf/actor_critic-Copy2.ipynb is not trusted
[I 05:06:16.188 NotebookApp] Saving file at /workspace/tf/actor_critic-Copy2.ipynb
[I 05:06:16.190 NotebookApp] Saving actor_critic-Copy2.ipynb
[W 05:06:16.190 NotebookApp] Notebook workspace/tf/actor_critic-Copy2.ipynb is not trusted
[I 05:08:16.189 NotebookApp] Saving file at /workspace/tf/actor_critic-Copy2.ipynb
[I 05:08:16.190 NotebookApp] Saving actor_critic-Copy2.ipynb
[W 05:08:16.191 NotebookApp] Notebook workspace/tf/actor_critic-Copy2.ipynb is not trusted
[I 05:10:16.188 NotebookApp] Saving file at /workspace/tf/actor_critic-Copy2.ipynb
[I 05:10:16.189 NotebookApp] Saving actor_critic-Copy2.ipynb
[W 05:10:16.190 NotebookApp] Notebook workspace/tf/actor_critic-Copy2.ipynb is not trusted
[I 05:12:16.189 NotebookApp] Saving file at /workspace/tf/actor_critic-Copy2.ipynb
[I 05:12:16.190 NotebookApp] Saving actor_critic-Copy2.ipynb
[W 05:12:16.191 NotebookApp] Notebook workspace/tf/actor_critic-Copy2.ipynb is not trusted
[I 05:14:16.188 NotebookApp] Saving file at /workspace/tf/actor_critic-Copy2.ipynb
[I 05:14:16.189 NotebookApp] Saving actor_critic-Copy2.ipynb
[W 05:14:16.190 NotebookApp] Notebook workspace/tf/actor_critic-Copy2.ipynb is not trusted
[I 05:16:16.188 NotebookApp] Saving file at /workspace/tf/actor_critic-Copy2.ipynb
[I 05:16:16.189 NotebookApp] Saving actor_critic-Copy2.ipynb
[W 05:16:16.190 NotebookApp] Notebook workspace/tf/actor_critic-Copy2.ipynb is not trusted
[I 05:18:16.189 NotebookApp] Saving file at /workspace/tf/actor_critic-Copy2.ipynb
[I 05:18:16.190 NotebookApp] Saving actor_critic-Copy2.ipynb
[W 05:18:16.190 NotebookApp] Notebook workspace/tf/actor_critic-Copy2.ipynb is not trusted
[I 05:20:16.192 NotebookApp] Saving file at /workspace/tf/actor_critic-Copy2.ipynb
[I 05:20:16.194 NotebookApp] Saving actor_critic-Copy2.ipynb
[W 05:20:16.194 NotebookApp] Notebook workspace/tf/actor_critic-Copy2.ipynb is not trusted
[I 05:22:16.189 NotebookApp] Saving file at /workspace/tf/actor_critic-Copy2.ipynb
[I 05:22:16.190 NotebookApp] Saving actor_critic-Copy2.ipynb
[W 05:22:16.191 NotebookApp] Notebook workspace/tf/actor_critic-Copy2.ipynb is not trusted
[I 05:24:16.189 NotebookApp] Saving file at /workspace/tf/actor_critic-Copy2.ipynb
[I 05:24:16.190 NotebookApp] Saving actor_critic-Copy2.ipynb
[W 05:24:16.191 NotebookApp] Notebook workspace/tf/actor_critic-Copy2.ipynb is not trusted
[I 05:26:16.189 NotebookApp] Saving file at /workspace/tf/actor_critic-Copy2.ipynb
[I 05:26:16.190 NotebookApp] Saving actor_critic-Copy2.ipynb
[W 05:26:16.190 NotebookApp] Notebook workspace/tf/actor_critic-Copy2.ipynb is not trusted
[I 05:28:16.192 NotebookApp] Saving file at /workspace/tf/actor_critic-Copy2.ipynb
[I 05:28:16.193 NotebookApp] Saving actor_critic-Copy2.ipynb
[W 05:28:16.194 NotebookApp] Notebook workspace/tf/actor_critic-Copy2.ipynb is not trusted
[I 05:30:16.188 NotebookApp] Saving file at /workspace/tf/actor_critic-Copy2.ipynb
[I 05:30:16.190 NotebookApp] Saving actor_critic-Copy2.ipynb
[W 05:30:16.190 NotebookApp] Notebook workspace/tf/actor_critic-Copy2.ipynb is not trusted
[I 05:32:16.188 NotebookApp] Saving file at /workspace/tf/actor_critic-Copy2.ipynb
[I 05:32:16.189 NotebookApp] Saving actor_critic-Copy2.ipynb
[W 05:32:16.190 NotebookApp] Notebook workspace/tf/actor_critic-Copy2.ipynb is not trusted
[I 05:34:16.189 NotebookApp] Saving file at /workspace/tf/actor_critic-Copy2.ipynb
[I 05:34:16.191 NotebookApp] Saving actor_critic-Copy2.ipynb
[W 05:34:16.191 NotebookApp] Notebook workspace/tf/actor_critic-Copy2.ipynb is not trusted
[I 05:36:16.189 NotebookApp] Saving file at /workspace/tf/actor_critic-Copy2.ipynb
[I 05:36:16.190 NotebookApp] Saving actor_critic-Copy2.ipynb
[W 05:36:16.191 NotebookApp] Notebook workspace/tf/actor_critic-Copy2.ipynb is not trusted
[I 05:38:16.188 NotebookApp] Saving file at /workspace/tf/actor_critic-Copy2.ipynb
[I 05:38:16.190 NotebookApp] Saving actor_critic-Copy2.ipynb
[W 05:38:16.191 NotebookApp] Notebook workspace/tf/actor_critic-Copy2.ipynb is not trusted
[I 05:40:16.188 NotebookApp] Saving file at /workspace/tf/actor_critic-Copy2.ipynb
[I 05:40:16.189 NotebookApp] Saving actor_critic-Copy2.ipynb
[W 05:40:16.190 NotebookApp] Notebook workspace/tf/actor_critic-Copy2.ipynb is not trusted
[I 05:42:16.189 NotebookApp] Saving file at /workspace/tf/actor_critic-Copy2.ipynb
[I 05:42:16.191 NotebookApp] Saving actor_critic-Copy2.ipynb
[W 05:42:16.191 NotebookApp] Notebook workspace/tf/actor_critic-Copy2.ipynb is not trusted
[I 05:44:16.188 NotebookApp] Saving file at /workspace/tf/actor_critic-Copy2.ipynb
[I 05:44:16.190 NotebookApp] Saving actor_critic-Copy2.ipynb
[W 05:44:16.190 NotebookApp] Notebook workspace/tf/actor_critic-Copy2.ipynb is not trusted
[I 05:46:16.192 NotebookApp] Saving file at /workspace/tf/actor_critic-Copy2.ipynb
[I 05:46:16.193 NotebookApp] Saving actor_critic-Copy2.ipynb
[W 05:46:16.195 NotebookApp] Notebook workspace/tf/actor_critic-Copy2.ipynb is not trusted
[I 05:48:16.189 NotebookApp] Saving file at /workspace/tf/actor_critic-Copy2.ipynb
[I 05:48:16.190 NotebookApp] Saving actor_critic-Copy2.ipynb
[W 05:48:16.191 NotebookApp] Notebook workspace/tf/actor_critic-Copy2.ipynb is not trusted
[I 05:50:16.190 NotebookApp] Saving file at /workspace/tf/actor_critic-Copy2.ipynb
[I 05:50:16.191 NotebookApp] Saving actor_critic-Copy2.ipynb
[W 05:50:16.192 NotebookApp] Notebook workspace/tf/actor_critic-Copy2.ipynb is not trusted
[I 05:52:16.189 NotebookApp] Saving file at /workspace/tf/actor_critic-Copy2.ipynb
[I 05:52:16.190 NotebookApp] Saving actor_critic-Copy2.ipynb
[W 05:52:16.190 NotebookApp] Notebook workspace/tf/actor_critic-Copy2.ipynb is not trusted
[I 05:54:16.189 NotebookApp] Saving file at /workspace/tf/actor_critic-Copy2.ipynb
[I 05:54:16.190 NotebookApp] Saving actor_critic-Copy2.ipynb
[W 05:54:16.191 NotebookApp] Notebook workspace/tf/actor_critic-Copy2.ipynb is not trusted
[I 05:56:16.188 NotebookApp] Saving file at /workspace/tf/actor_critic-Copy2.ipynb
[I 05:56:16.190 NotebookApp] Saving actor_critic-Copy2.ipynb
[W 05:56:16.190 NotebookApp] Notebook workspace/tf/actor_critic-Copy2.ipynb is not trusted
[I 05:58:16.189 NotebookApp] Saving file at /workspace/tf/actor_critic-Copy2.ipynb
[I 05:58:16.191 NotebookApp] Saving actor_critic-Copy2.ipynb
[W 05:58:16.191 NotebookApp] Notebook workspace/tf/actor_critic-Copy2.ipynb is not trusted
[I 06:00:16.188 NotebookApp] Saving file at /workspace/tf/actor_critic-Copy2.ipynb
[I 06:00:16.189 NotebookApp] Saving actor_critic-Copy2.ipynb
[W 06:00:16.190 NotebookApp] Notebook workspace/tf/actor_critic-Copy2.ipynb is not trusted
[I 06:02:16.189 NotebookApp] Saving file at /workspace/tf/actor_critic-Copy2.ipynb
[I 06:02:16.190 NotebookApp] Saving actor_critic-Copy2.ipynb
[W 06:02:16.191 NotebookApp] Notebook workspace/tf/actor_critic-Copy2.ipynb is not trusted
[I 06:04:16.189 NotebookApp] Saving file at /workspace/tf/actor_critic-Copy2.ipynb
[I 06:04:16.190 NotebookApp] Saving actor_critic-Copy2.ipynb
[W 06:04:16.190 NotebookApp] Notebook workspace/tf/actor_critic-Copy2.ipynb is not trusted
[I 06:06:16.189 NotebookApp] Saving file at /workspace/tf/actor_critic-Copy2.ipynb
[I 06:06:16.190 NotebookApp] Saving actor_critic-Copy2.ipynb
[W 06:06:16.191 NotebookApp] Notebook workspace/tf/actor_critic-Copy2.ipynb is not trusted
[I 06:08:16.189 NotebookApp] Saving file at /workspace/tf/actor_critic-Copy2.ipynb
[I 06:08:16.190 NotebookApp] Saving actor_critic-Copy2.ipynb
[W 06:08:16.191 NotebookApp] Notebook workspace/tf/actor_critic-Copy2.ipynb is not trusted
[I 06:10:16.188 NotebookApp] Saving file at /workspace/tf/actor_critic-Copy2.ipynb
[I 06:10:16.189 NotebookApp] Saving actor_critic-Copy2.ipynb
[W 06:10:16.190 NotebookApp] Notebook workspace/tf/actor_critic-Copy2.ipynb is not trusted
[I 06:12:16.189 NotebookApp] Saving file at /workspace/tf/actor_critic-Copy2.ipynb
[I 06:12:16.190 NotebookApp] Saving actor_critic-Copy2.ipynb
[W 06:12:16.191 NotebookApp] Notebook workspace/tf/actor_critic-Copy2.ipynb is not trusted
[I 06:14:16.189 NotebookApp] Saving file at /workspace/tf/actor_critic-Copy2.ipynb
[I 06:14:16.191 NotebookApp] Saving actor_critic-Copy2.ipynb
[W 06:14:16.191 NotebookApp] Notebook workspace/tf/actor_critic-Copy2.ipynb is not trusted
[I 06:16:16.188 NotebookApp] Saving file at /workspace/tf/actor_critic-Copy2.ipynb
[I 06:16:16.190 NotebookApp] Saving actor_critic-Copy2.ipynb
[W 06:16:16.191 NotebookApp] Notebook workspace/tf/actor_critic-Copy2.ipynb is not trusted
[I 06:18:16.190 NotebookApp] Saving file at /workspace/tf/actor_critic-Copy2.ipynb
[I 06:18:16.191 NotebookApp] Saving actor_critic-Copy2.ipynb
[W 06:18:16.192 NotebookApp] Notebook workspace/tf/actor_critic-Copy2.ipynb is not trusted
[I 06:20:16.197 NotebookApp] Saving file at /workspace/tf/actor_critic-Copy2.ipynb
[I 06:20:16.199 NotebookApp] Saving actor_critic-Copy2.ipynb
[W 06:20:16.199 NotebookApp] Notebook workspace/tf/actor_critic-Copy2.ipynb is not trusted
[I 06:22:16.189 NotebookApp] Saving file at /workspace/tf/actor_critic-Copy2.ipynb
[I 06:22:16.190 NotebookApp] Saving actor_critic-Copy2.ipynb
[W 06:22:16.191 NotebookApp] Notebook workspace/tf/actor_critic-Copy2.ipynb is not trusted
[I 06:24:16.192 NotebookApp] Saving file at /workspace/tf/actor_critic-Copy2.ipynb
[I 06:24:16.193 NotebookApp] Saving actor_critic-Copy2.ipynb
[W 06:24:16.194 NotebookApp] Notebook workspace/tf/actor_critic-Copy2.ipynb is not trusted
[I 06:26:16.189 NotebookApp] Saving file at /workspace/tf/actor_critic-Copy2.ipynb
[I 06:26:16.190 NotebookApp] Saving actor_critic-Copy2.ipynb
[W 06:26:16.190 NotebookApp] Notebook workspace/tf/actor_critic-Copy2.ipynb is not trusted
[I 06:28:16.188 NotebookApp] Saving file at /workspace/tf/actor_critic-Copy2.ipynb
[I 06:28:16.189 NotebookApp] Saving actor_critic-Copy2.ipynb
[W 06:28:16.190 NotebookApp] Notebook workspace/tf/actor_critic-Copy2.ipynb is not trusted
[I 06:30:16.189 NotebookApp] Saving file at /workspace/tf/actor_critic-Copy2.ipynb
[I 06:30:16.190 NotebookApp] Saving actor_critic-Copy2.ipynb
[W 06:30:16.191 NotebookApp] Notebook workspace/tf/actor_critic-Copy2.ipynb is not trusted
[I 06:32:16.188 NotebookApp] Saving file at /workspace/tf/actor_critic-Copy2.ipynb
[I 06:32:16.189 NotebookApp] Saving actor_critic-Copy2.ipynb
[W 06:32:16.189 NotebookApp] Notebook workspace/tf/actor_critic-Copy2.ipynb is not trusted
[I 06:34:16.189 NotebookApp] Saving file at /workspace/tf/actor_critic-Copy2.ipynb
[I 06:34:16.190 NotebookApp] Saving actor_critic-Copy2.ipynb
[W 06:34:16.191 NotebookApp] Notebook workspace/tf/actor_critic-Copy2.ipynb is not trusted
[I 06:36:16.189 NotebookApp] Saving file at /workspace/tf/actor_critic-Copy2.ipynb
[I 06:36:16.191 NotebookApp] Saving actor_critic-Copy2.ipynb
[W 06:36:16.191 NotebookApp] Notebook workspace/tf/actor_critic-Copy2.ipynb is not trusted
[I 06:38:16.189 NotebookApp] Saving file at /workspace/tf/actor_critic-Copy2.ipynb
[I 06:38:16.190 NotebookApp] Saving actor_critic-Copy2.ipynb
[W 06:38:16.191 NotebookApp] Notebook workspace/tf/actor_critic-Copy2.ipynb is not trusted
[I 06:40:16.190 NotebookApp] Saving file at /workspace/tf/actor_critic-Copy2.ipynb
[I 06:40:16.191 NotebookApp] Saving actor_critic-Copy2.ipynb
[W 06:40:16.192 NotebookApp] Notebook workspace/tf/actor_critic-Copy2.ipynb is not trusted
[I 06:42:16.192 NotebookApp] Saving file at /workspace/tf/actor_critic-Copy2.ipynb
[I 06:42:16.193 NotebookApp] Saving actor_critic-Copy2.ipynb
[W 06:42:16.194 NotebookApp] Notebook workspace/tf/actor_critic-Copy2.ipynb is not trusted
[I 06:44:16.188 NotebookApp] Saving file at /workspace/tf/actor_critic-Copy2.ipynb
[I 06:44:16.189 NotebookApp] Saving actor_critic-Copy2.ipynb
[W 06:44:16.190 NotebookApp] Notebook workspace/tf/actor_critic-Copy2.ipynb is not trusted
[I 06:46:16.189 NotebookApp] Saving file at /workspace/tf/actor_critic-Copy2.ipynb
[I 06:46:16.191 NotebookApp] Saving actor_critic-Copy2.ipynb
[W 06:46:16.191 NotebookApp] Notebook workspace/tf/actor_critic-Copy2.ipynb is not trusted
[I 06:48:16.190 NotebookApp] Saving file at /workspace/tf/actor_critic-Copy2.ipynb
[I 06:48:16.191 NotebookApp] Saving actor_critic-Copy2.ipynb
[W 06:48:16.192 NotebookApp] Notebook workspace/tf/actor_critic-Copy2.ipynb is not trusted
[I 06:50:16.189 NotebookApp] Saving file at /workspace/tf/actor_critic-Copy2.ipynb
[I 06:50:16.191 NotebookApp] Saving actor_critic-Copy2.ipynb
[W 06:50:16.191 NotebookApp] Notebook workspace/tf/actor_critic-Copy2.ipynb is not trusted
[I 06:52:16.188 NotebookApp] Saving file at /workspace/tf/actor_critic-Copy2.ipynb
[I 06:52:16.189 NotebookApp] Saving actor_critic-Copy2.ipynb
[W 06:52:16.190 NotebookApp] Notebook workspace/tf/actor_critic-Copy2.ipynb is not trusted
[I 06:54:16.189 NotebookApp] Saving file at /workspace/tf/actor_critic-Copy2.ipynb
[I 06:54:16.190 NotebookApp] Saving actor_critic-Copy2.ipynb
[W 06:54:16.191 NotebookApp] Notebook workspace/tf/actor_critic-Copy2.ipynb is not trusted
[I 06:56:16.189 NotebookApp] Saving file at /workspace/tf/actor_critic-Copy2.ipynb
[I 06:56:16.191 NotebookApp] Saving actor_critic-Copy2.ipynb
[W 06:56:16.191 NotebookApp] Notebook workspace/tf/actor_critic-Copy2.ipynb is not trusted
[I 06:58:16.189 NotebookApp] Saving file at /workspace/tf/actor_critic-Copy2.ipynb
[I 06:58:16.190 NotebookApp] Saving actor_critic-Copy2.ipynb
[W 06:58:16.191 NotebookApp] Notebook workspace/tf/actor_critic-Copy2.ipynb is not trusted
[I 07:00:16.188 NotebookApp] Saving file at /workspace/tf/actor_critic-Copy2.ipynb
[I 07:00:16.189 NotebookApp] Saving actor_critic-Copy2.ipynb
[W 07:00:16.190 NotebookApp] Notebook workspace/tf/actor_critic-Copy2.ipynb is not trusted
[I 07:02:16.189 NotebookApp] Saving file at /workspace/tf/actor_critic-Copy2.ipynb
[I 07:02:16.190 NotebookApp] Saving actor_critic-Copy2.ipynb
[W 07:02:16.191 NotebookApp] Notebook workspace/tf/actor_critic-Copy2.ipynb is not trusted
[I 07:04:16.189 NotebookApp] Saving file at /workspace/tf/actor_critic-Copy2.ipynb
[I 07:04:16.190 NotebookApp] Saving actor_critic-Copy2.ipynb
[W 07:04:16.191 NotebookApp] Notebook workspace/tf/actor_critic-Copy2.ipynb is not trusted
[I 07:06:16.189 NotebookApp] Saving file at /workspace/tf/actor_critic-Copy2.ipynb
[I 07:06:16.190 NotebookApp] Saving actor_critic-Copy2.ipynb
[W 07:06:16.190 NotebookApp] Notebook workspace/tf/actor_critic-Copy2.ipynb is not trusted
[I 07:08:16.189 NotebookApp] Saving file at /workspace/tf/actor_critic-Copy2.ipynb
[I 07:08:16.190 NotebookApp] Saving actor_critic-Copy2.ipynb
[W 07:08:16.191 NotebookApp] Notebook workspace/tf/actor_critic-Copy2.ipynb is not trusted
[I 07:10:16.189 NotebookApp] Saving file at /workspace/tf/actor_critic-Copy2.ipynb
[I 07:10:16.191 NotebookApp] Saving actor_critic-Copy2.ipynb
[W 07:10:16.191 NotebookApp] Notebook workspace/tf/actor_critic-Copy2.ipynb is not trusted
[I 07:12:16.190 NotebookApp] Saving file at /workspace/tf/actor_critic-Copy2.ipynb
[I 07:12:16.191 NotebookApp] Saving actor_critic-Copy2.ipynb
[W 07:12:16.192 NotebookApp] Notebook workspace/tf/actor_critic-Copy2.ipynb is not trusted
[I 07:14:16.188 NotebookApp] Saving file at /workspace/tf/actor_critic-Copy2.ipynb
[I 07:14:16.190 NotebookApp] Saving actor_critic-Copy2.ipynb
[W 07:14:16.191 NotebookApp] Notebook workspace/tf/actor_critic-Copy2.ipynb is not trusted
[I 07:16:16.188 NotebookApp] Saving file at /workspace/tf/actor_critic-Copy2.ipynb
[I 07:16:16.190 NotebookApp] Saving actor_critic-Copy2.ipynb
[W 07:16:16.190 NotebookApp] Notebook workspace/tf/actor_critic-Copy2.ipynb is not trusted
[I 07:18:16.190 NotebookApp] Saving file at /workspace/tf/actor_critic-Copy2.ipynb
[I 07:18:16.191 NotebookApp] Saving actor_critic-Copy2.ipynb
[W 07:18:16.192 NotebookApp] Notebook workspace/tf/actor_critic-Copy2.ipynb is not trusted
[I 07:20:16.189 NotebookApp] Saving file at /workspace/tf/actor_critic-Copy2.ipynb
[I 07:20:16.190 NotebookApp] Saving actor_critic-Copy2.ipynb
[W 07:20:16.191 NotebookApp] Notebook workspace/tf/actor_critic-Copy2.ipynb is not trusted
[I 07:22:16.191 NotebookApp] Saving file at /workspace/tf/actor_critic-Copy2.ipynb
[I 07:22:16.192 NotebookApp] Saving actor_critic-Copy2.ipynb
[W 07:22:16.193 NotebookApp] Notebook workspace/tf/actor_critic-Copy2.ipynb is not trusted
[I 07:24:16.189 NotebookApp] Saving file at /workspace/tf/actor_critic-Copy2.ipynb
[I 07:24:16.190 NotebookApp] Saving actor_critic-Copy2.ipynb
[W 07:24:16.191 NotebookApp] Notebook workspace/tf/actor_critic-Copy2.ipynb is not trusted
[I 07:26:16.188 NotebookApp] Saving file at /workspace/tf/actor_critic-Copy2.ipynb
[I 07:26:16.189 NotebookApp] Saving actor_critic-Copy2.ipynb
[W 07:26:16.190 NotebookApp] Notebook workspace/tf/actor_critic-Copy2.ipynb is not trusted
[I 07:28:16.188 NotebookApp] Saving file at /workspace/tf/actor_critic-Copy2.ipynb
[I 07:28:16.190 NotebookApp] Saving actor_critic-Copy2.ipynb
[W 07:28:16.190 NotebookApp] Notebook workspace/tf/actor_critic-Copy2.ipynb is not trusted
[I 07:30:16.189 NotebookApp] Saving file at /workspace/tf/actor_critic-Copy2.ipynb
[I 07:30:16.190 NotebookApp] Saving actor_critic-Copy2.ipynb
[W 07:30:16.190 NotebookApp] Notebook workspace/tf/actor_critic-Copy2.ipynb is not trusted
[I 07:32:16.186 NotebookApp] Saving file at /workspace/tf/actor_critic-Copy2.ipynb
[I 07:32:16.188 NotebookApp] Saving actor_critic-Copy2.ipynb
[W 07:32:16.188 NotebookApp] Notebook workspace/tf/actor_critic-Copy2.ipynb is not trusted
[I 07:34:16.188 NotebookApp] Saving file at /workspace/tf/actor_critic-Copy2.ipynb
[I 07:34:16.190 NotebookApp] Saving actor_critic-Copy2.ipynb
[W 07:34:16.190 NotebookApp] Notebook workspace/tf/actor_critic-Copy2.ipynb is not trusted
[I 07:36:16.189 NotebookApp] Saving file at /workspace/tf/actor_critic-Copy2.ipynb
[I 07:36:16.191 NotebookApp] Saving actor_critic-Copy2.ipynb
[W 07:36:16.191 NotebookApp] Notebook workspace/tf/actor_critic-Copy2.ipynb is not trusted
[I 07:38:16.188 NotebookApp] Saving file at /workspace/tf/actor_critic-Copy2.ipynb
[I 07:38:16.189 NotebookApp] Saving actor_critic-Copy2.ipynb
[W 07:38:16.190 NotebookApp] Notebook workspace/tf/actor_critic-Copy2.ipynb is not trusted
[I 07:40:16.189 NotebookApp] Saving file at /workspace/tf/actor_critic-Copy2.ipynb
[I 07:40:16.190 NotebookApp] Saving actor_critic-Copy2.ipynb
[W 07:40:16.191 NotebookApp] Notebook workspace/tf/actor_critic-Copy2.ipynb is not trusted
[I 07:42:16.189 NotebookApp] Saving file at /workspace/tf/actor_critic-Copy2.ipynb
[I 07:42:16.190 NotebookApp] Saving actor_critic-Copy2.ipynb
[W 07:42:16.190 NotebookApp] Notebook workspace/tf/actor_critic-Copy2.ipynb is not trusted
[I 07:44:16.188 NotebookApp] Saving file at /workspace/tf/actor_critic-Copy2.ipynb
[I 07:44:16.189 NotebookApp] Saving actor_critic-Copy2.ipynb
[W 07:44:16.190 NotebookApp] Notebook workspace/tf/actor_critic-Copy2.ipynb is not trusted
[I 07:46:16.188 NotebookApp] Saving file at /workspace/tf/actor_critic-Copy2.ipynb
[I 07:46:16.189 NotebookApp] Saving actor_critic-Copy2.ipynb
[W 07:46:16.189 NotebookApp] Notebook workspace/tf/actor_critic-Copy2.ipynb is not trusted
[I 07:48:16.193 NotebookApp] Saving file at /workspace/tf/actor_critic-Copy2.ipynb
[I 07:48:16.194 NotebookApp] Saving actor_critic-Copy2.ipynb
[W 07:48:16.195 NotebookApp] Notebook workspace/tf/actor_critic-Copy2.ipynb is not trusted
[I 07:50:16.188 NotebookApp] Saving file at /workspace/tf/actor_critic-Copy2.ipynb
[I 07:50:16.189 NotebookApp] Saving actor_critic-Copy2.ipynb
[W 07:50:16.190 NotebookApp] Notebook workspace/tf/actor_critic-Copy2.ipynb is not trusted
[I 07:52:16.188 NotebookApp] Saving file at /workspace/tf/actor_critic-Copy2.ipynb
[I 07:52:16.190 NotebookApp] Saving actor_critic-Copy2.ipynb
[W 07:52:16.190 NotebookApp] Notebook workspace/tf/actor_critic-Copy2.ipynb is not trusted
[I 07:54:16.188 NotebookApp] Saving file at /workspace/tf/actor_critic-Copy2.ipynb
[I 07:54:16.189 NotebookApp] Saving actor_critic-Copy2.ipynb
[W 07:54:16.190 NotebookApp] Notebook workspace/tf/actor_critic-Copy2.ipynb is not trusted
[I 07:56:16.188 NotebookApp] Saving file at /workspace/tf/actor_critic-Copy2.ipynb
[I 07:56:16.189 NotebookApp] Saving actor_critic-Copy2.ipynb
[W 07:56:16.189 NotebookApp] Notebook workspace/tf/actor_critic-Copy2.ipynb is not trusted
[I 07:58:16.189 NotebookApp] Saving file at /workspace/tf/actor_critic-Copy2.ipynb
[I 07:58:16.190 NotebookApp] Saving actor_critic-Copy2.ipynb
[W 07:58:16.191 NotebookApp] Notebook workspace/tf/actor_critic-Copy2.ipynb is not trusted
[I 08:00:16.188 NotebookApp] Saving file at /workspace/tf/actor_critic-Copy2.ipynb
[I 08:00:16.190 NotebookApp] Saving actor_critic-Copy2.ipynb
[W 08:00:16.190 NotebookApp] Notebook workspace/tf/actor_critic-Copy2.ipynb is not trusted
[I 08:02:16.189 NotebookApp] Saving file at /workspace/tf/actor_critic-Copy2.ipynb
[I 08:02:16.190 NotebookApp] Saving actor_critic-Copy2.ipynb
[W 08:02:16.191 NotebookApp] Notebook workspace/tf/actor_critic-Copy2.ipynb is not trusted
[I 08:04:16.191 NotebookApp] Saving file at /workspace/tf/actor_critic-Copy2.ipynb
[I 08:04:16.193 NotebookApp] Saving actor_critic-Copy2.ipynb
[W 08:04:16.193 NotebookApp] Notebook workspace/tf/actor_critic-Copy2.ipynb is not trusted
[I 08:06:16.189 NotebookApp] Saving file at /workspace/tf/actor_critic-Copy2.ipynb
[I 08:06:16.190 NotebookApp] Saving actor_critic-Copy2.ipynb
[W 08:06:16.191 NotebookApp] Notebook workspace/tf/actor_critic-Copy2.ipynb is not trusted
[I 08:08:16.190 NotebookApp] Saving file at /workspace/tf/actor_critic-Copy2.ipynb
[I 08:08:16.192 NotebookApp] Saving actor_critic-Copy2.ipynb
[W 08:08:16.193 NotebookApp] Notebook workspace/tf/actor_critic-Copy2.ipynb is not trusted
[I 08:10:16.192 NotebookApp] Saving file at /workspace/tf/actor_critic-Copy2.ipynb
[I 08:10:16.193 NotebookApp] Saving actor_critic-Copy2.ipynb
[W 08:10:16.194 NotebookApp] Notebook workspace/tf/actor_critic-Copy2.ipynb is not trusted
[I 08:12:16.189 NotebookApp] Saving file at /workspace/tf/actor_critic-Copy2.ipynb
[I 08:12:16.191 NotebookApp] Saving actor_critic-Copy2.ipynb
[W 08:12:16.191 NotebookApp] Notebook workspace/tf/actor_critic-Copy2.ipynb is not trusted
[I 08:14:16.188 NotebookApp] Saving file at /workspace/tf/actor_critic-Copy2.ipynb
[I 08:14:16.189 NotebookApp] Saving actor_critic-Copy2.ipynb
[W 08:14:16.190 NotebookApp] Notebook workspace/tf/actor_critic-Copy2.ipynb is not trusted
[I 08:16:16.189 NotebookApp] Saving file at /workspace/tf/actor_critic-Copy2.ipynb
[I 08:16:16.190 NotebookApp] Saving actor_critic-Copy2.ipynb
[W 08:16:16.191 NotebookApp] Notebook workspace/tf/actor_critic-Copy2.ipynb is not trusted
[I 08:18:16.188 NotebookApp] Saving file at /workspace/tf/actor_critic-Copy2.ipynb
[I 08:18:16.189 NotebookApp] Saving actor_critic-Copy2.ipynb
[W 08:18:16.189 NotebookApp] Notebook workspace/tf/actor_critic-Copy2.ipynb is not trusted
[I 08:20:16.188 NotebookApp] Saving file at /workspace/tf/actor_critic-Copy2.ipynb
[I 08:20:16.190 NotebookApp] Saving actor_critic-Copy2.ipynb
[W 08:20:16.190 NotebookApp] Notebook workspace/tf/actor_critic-Copy2.ipynb is not trusted
[I 08:22:16.189 NotebookApp] Saving file at /workspace/tf/actor_critic-Copy2.ipynb
[I 08:22:16.191 NotebookApp] Saving actor_critic-Copy2.ipynb
[W 08:22:16.191 NotebookApp] Notebook workspace/tf/actor_critic-Copy2.ipynb is not trusted
[I 08:24:16.189 NotebookApp] Saving file at /workspace/tf/actor_critic-Copy2.ipynb
[I 08:24:16.190 NotebookApp] Saving actor_critic-Copy2.ipynb
[W 08:24:16.191 NotebookApp] Notebook workspace/tf/actor_critic-Copy2.ipynb is not trusted
[I 08:26:16.192 NotebookApp] Saving file at /workspace/tf/actor_critic-Copy2.ipynb
[I 08:26:16.193 NotebookApp] Saving actor_critic-Copy2.ipynb
[W 08:26:16.194 NotebookApp] Notebook workspace/tf/actor_critic-Copy2.ipynb is not trusted
[I 08:28:16.188 NotebookApp] Saving file at /workspace/tf/actor_critic-Copy2.ipynb
[I 08:28:16.190 NotebookApp] Saving actor_critic-Copy2.ipynb
[W 08:28:16.190 NotebookApp] Notebook workspace/tf/actor_critic-Copy2.ipynb is not trusted
[I 08:30:16.189 NotebookApp] Saving file at /workspace/tf/actor_critic-Copy2.ipynb
[I 08:30:16.190 NotebookApp] Saving actor_critic-Copy2.ipynb
[W 08:30:16.191 NotebookApp] Notebook workspace/tf/actor_critic-Copy2.ipynb is not trusted
[I 08:32:16.189 NotebookApp] Saving file at /workspace/tf/actor_critic-Copy2.ipynb
[I 08:32:16.190 NotebookApp] Saving actor_critic-Copy2.ipynb
[W 08:32:16.191 NotebookApp] Notebook workspace/tf/actor_critic-Copy2.ipynb is not trusted
[I 08:34:16.196 NotebookApp] Saving file at /workspace/tf/actor_critic-Copy2.ipynb
[I 08:34:16.197 NotebookApp] Saving actor_critic-Copy2.ipynb
[W 08:34:16.197 NotebookApp] Notebook workspace/tf/actor_critic-Copy2.ipynb is not trusted
[I 08:36:12.539 NotebookApp] Kernel interrupted: d079a48d-f244-4fdc-b4b8-e289295d2a32
[I 08:36:12.705 NotebookApp] Kernel interrupted: d079a48d-f244-4fdc-b4b8-e289295d2a32
[I 08:36:12.878 NotebookApp] Kernel interrupted: d079a48d-f244-4fdc-b4b8-e289295d2a32
[I 08:36:16.195 NotebookApp] Saving file at /workspace/tf/actor_critic-Copy2.ipynb
[I 08:36:16.196 NotebookApp] Saving actor_critic-Copy2.ipynb
[W 08:36:16.196 NotebookApp] Notebook workspace/tf/actor_critic-Copy2.ipynb is not trusted
[I 08:36:20.619 NotebookApp] Starting buffering for d079a48d-f244-4fdc-b4b8-e289295d2a32:32c5a2c775584883bc888616ada46280
